[0.000000] (-) TimerEvent: {}
[0.000765] (radr_sensor_hub) JobQueued: {'identifier': 'radr_sensor_hub', 'dependencies': OrderedDict()}
[0.001604] (radr_sensor_hub) JobStarted: {'identifier': 'radr_sensor_hub'}
[0.099115] (-) TimerEvent: {}
[0.199541] (-) TimerEvent: {}
[0.299899] (-) TimerEvent: {}
[0.400311] (-) TimerEvent: {}
[0.500666] (-) TimerEvent: {}
[0.601011] (-) TimerEvent: {}
[0.701409] (-) TimerEvent: {}
[0.801759] (-) TimerEvent: {}
[0.902103] (-) TimerEvent: {}
[1.002546] (-) TimerEvent: {}
[1.103049] (-) TimerEvent: {}
[1.203521] (-) TimerEvent: {}
[1.303895] (-) TimerEvent: {}
[1.404410] (-) TimerEvent: {}
[1.504868] (-) TimerEvent: {}
[1.605379] (-) TimerEvent: {}
[1.706465] (-) TimerEvent: {}
[1.806897] (-) TimerEvent: {}
[1.907651] (-) TimerEvent: {}
[2.010219] (-) TimerEvent: {}
[2.110609] (-) TimerEvent: {}
[2.211068] (-) TimerEvent: {}
[2.311540] (-) TimerEvent: {}
[2.411990] (-) TimerEvent: {}
[2.512504] (-) TimerEvent: {}
[2.613252] (-) TimerEvent: {}
[2.713809] (-) TimerEvent: {}
[2.814254] (-) TimerEvent: {}
[2.914649] (-) TimerEvent: {}
[3.015086] (-) TimerEvent: {}
[3.115621] (-) TimerEvent: {}
[3.216044] (-) TimerEvent: {}
[3.316488] (-) TimerEvent: {}
[3.416984] (-) TimerEvent: {}
[3.517539] (-) TimerEvent: {}
[3.618247] (-) TimerEvent: {}
[3.718676] (-) TimerEvent: {}
[3.820084] (-) TimerEvent: {}
[3.920469] (-) TimerEvent: {}
[4.021230] (-) TimerEvent: {}
[4.121893] (-) TimerEvent: {}
[4.190151] (radr_sensor_hub) Command: {'cmd': ['/usr/bin/python3', '-W', 'ignore:setup.py install is deprecated', '-W', 'ignore:easy_install command is deprecated', 'setup.py', 'develop', '--editable', '--build-directory', '/home/radr/Radr/ros2_ws/build/radr_sensor_hub/build', '--no-deps', 'symlink_data'], 'cwd': '/home/radr/Radr/ros2_ws/build/radr_sensor_hub', 'env': {'npm_config_devdir': '/tmp/cursor-sandbox-cache/919ede157c36fb12ee12b138a49d62a8/node-gyp', 'LESSOPEN': '| /usr/bin/lesspipe %s', 'VSCODE_CWD': '/home/radr', 'VSCODE_ESM_ENTRYPOINT': 'vs/workbench/api/node/extensionHostProcess', 'PUPPETEER_CACHE_DIR': '/tmp/cursor-sandbox-cache/919ede157c36fb12ee12b138a49d62a8/puppeteer', 'LANGUAGE': 'en', 'USER': 'radr', 'SSH_CLIENT': '100.82.113.115 64198 22', 'LC_TIME': 'C.UTF-8', 'VSCODE_NLS_CONFIG': '{"userLocale":"en","osLocale":"en","resolvedLanguage":"en","defaultMessagesFile":"/home/radr/.cursor-server/bin/linux-arm64/48a15759f53cd5fc9b5c20936ad7d79847d914b0/out/nls.messages.json","locale":"en","availableLanguages":{}}', 'CARGO_TARGET_DIR': '/tmp/cursor-sandbox-cache/919ede157c36fb12ee12b138a49d62a8/cargo-target', 'CCACHE_DIR': '/tmp/cursor-sandbox-cache/919ede157c36fb12ee12b138a49d62a8/ccache', 'VSCODE_HANDLES_UNCAUGHT_ERRORS': 'true', 'XDG_SESSION_TYPE': 'tty', 'CURSOR_RIPGREP_PATH': '/home/radr/.cursor-server/bin/linux-arm64/48a15759f53cd5fc9b5c20936ad7d79847d914b0/node_modules/@vscode/ripgrep/bin/rg', 'PIP_CACHE_DIR': '/tmp/cursor-sandbox-cache/919ede157c36fb12ee12b138a49d62a8/pip', 'NUGET_PACKAGES': '/tmp/cursor-sandbox-cache/919ede157c36fb12ee12b138a49d62a8/nuget', 'HOMEBREW_CACHE': '/tmp/cursor-sandbox-cache/919ede157c36fb12ee12b138a49d62a8/homebrew', 'SHLVL': '1', 'LD_LIBRARY_PATH': '/opt/ros/humble/opt/rviz_ogre_vendor/lib:/opt/ros/humble/lib/aarch64-linux-gnu:/opt/ros/humble/lib', 'BROWSER': '/home/radr/.cursor-server/bin/linux-arm64/48a15759f53cd5fc9b5c20936ad7d79847d914b0/bin/helpers/browser.sh', 'MOTD_SHOWN': 'pam', 'HOME': '/home/radr', 'OLDPWD': '/home/radr/Radr/ros2_ws', 'VSCODE_IPC_HOOK_CLI': '/run/user/1000/vscode-ipc-e313e30e-d238-4b8c-999e-4fc1cee5e840.sock', 'ROS_PYTHON_VERSION': '3', 'CURSOR_ORIG_UID': '1000', 'LC_MONETARY': 'C.UTF-8', 'NO_COLOR': '1', 'CONDA_PKGS_DIRS': '/tmp/cursor-sandbox-cache/919ede157c36fb12ee12b138a49d62a8/conda', 'DBUS_SESSION_BUS_ADDRESS': 'unix:path=/run/user/1000/bus', 'COMPOSER_HOME': '/tmp/cursor-sandbox-cache/919ede157c36fb12ee12b138a49d62a8/composer', 'VSCODE_L10N_BUNDLE_LOCATION': '', 'COLCON_PREFIX_PATH': '/home/radr/Radr/ros2_ws/install', 'ROS_DISTRO': 'humble', 'OVSX_REGISTRY_URL': 'https://open-vsx.org', 'LOGNAME': 'radr', 'FORCE_COLOR': '0', 'VSCODE_HANDLES_SIGPIPE': 'true', 'BUN_INSTALL_CACHE_DIR': '/tmp/cursor-sandbox-cache/919ede157c36fb12ee12b138a49d62a8/bun', '_': '/usr/bin/colcon', 'ROS_VERSION': '2', 'CURSOR_LAYOUT': 'unifiedAgent', 'GOMODCACHE': '/tmp/cursor-sandbox-cache/919ede157c36fb12ee12b138a49d62a8/go-mod', 'XDG_SESSION_CLASS': 'user', 'CP_HOME_DIR': '/tmp/cursor-sandbox-cache/919ede157c36fb12ee12b138a49d62a8/cocoapods', 'TERM': 'dumb', 'XDG_SESSION_ID': '2', 'ROS_LOCALHOST_ONLY': '0', 'POETRY_CACHE_DIR': '/tmp/cursor-sandbox-cache/919ede157c36fb12ee12b138a49d62a8/poetry', 'PATH': '/home/radr/.local/bin:/home/radr/.cursor-server/bin/linux-arm64/48a15759f53cd5fc9b5c20936ad7d79847d914b0/bin/remote-cli:/home/radr/.local/bin:/opt/ros/humble/bin:/home/radr/.cursor-server/bin/linux-arm64/48a15759f53cd5fc9b5c20936ad7d79847d914b0/bin/remote-cli:/home/radr/.local/bin:/usr/local/sbin:/usr/local/bin:/usr/sbin:/usr/bin:/sbin:/bin:/usr/games:/usr/local/games:/snap/bin', 'YARN_CACHE_FOLDER': '/tmp/cursor-sandbox-cache/919ede157c36fb12ee12b138a49d62a8/yarn', 'VSCODE_AGENT_FOLDER': '/home/radr/.cursor-server', 'PAPERSIZE': 'a4', 'UV_CACHE_DIR': '/tmp/cursor-sandbox-cache/919ede157c36fb12ee12b138a49d62a8/uv', 'LC_ADDRESS': 'C.UTF-8', 'PLAYWRIGHT_BROWSERS_PATH': '/tmp/cursor-sandbox-cache/919ede157c36fb12ee12b138a49d62a8/playwright', 'XDG_RUNTIME_DIR': '/run/user/1000', 'BUNDLE_PATH': '/tmp/cursor-sandbox-cache/919ede157c36fb12ee12b138a49d62a8/bundle', 'CURSOR_AGENT': '1', 'LANG': 'en_US.UTF-8', 'NX_CACHE_DIRECTORY': '/tmp/cursor-sandbox-cache/919ede157c36fb12ee12b138a49d62a8/nx', 'LC_TELEPHONE': 'C.UTF-8', 'LS_COLORS': '', 'CYPRESS_CACHE_FOLDER': '/tmp/cursor-sandbox-cache/919ede157c36fb12ee12b138a49d62a8/cypress', 'PNPM_STORE_PATH': '/tmp/cursor-sandbox-cache/919ede157c36fb12ee12b138a49d62a8/pnpm-store', 'AMENT_PREFIX_PATH': '/home/radr/Radr/ros2_ws/install/radr_sensor_hub:/opt/ros/humble', 'SHELL': '/bin/bash', 'LC_NAME': 'C.UTF-8', 'VSCODE_SERVER_SHUTDOWN_TIMEOUT': '300', 'GOCACHE': '/tmp/cursor-sandbox-cache/919ede157c36fb12ee12b138a49d62a8/go-build', 'ELECTRON_RUN_AS_NODE': '1', 'LESSCLOSE': '/usr/bin/lesspipe %s %s', 'LC_MEASUREMENT': 'C.UTF-8', 'LC_IDENTIFICATION': 'C.UTF-8', 'NPM_CONFIG_CACHE': '/tmp/cursor-sandbox-cache/919ede157c36fb12ee12b138a49d62a8/npm', 'PWD': '/home/radr/Radr/ros2_ws/build/radr_sensor_hub', 'GRADLE_USER_HOME': '/tmp/cursor-sandbox-cache/919ede157c36fb12ee12b138a49d62a8/gradle', 'LC_ALL': 'en_US.UTF-8', 'SSH_CONNECTION': '100.82.113.115 64198 100.110.47.15 22', 'CURSOR_ORIG_GID': '1000', 'XDG_DATA_DIRS': '/usr/share/gnome:/usr/local/share:/usr/share:/var/lib/snapd/desktop', 'PYTHONPATH': '/home/radr/Radr/ros2_ws/build/radr_sensor_hub/prefix_override:/usr/lib/python3/dist-packages/colcon_core/task/python/colcon_distutils_commands:/home/radr/Radr/ros2_ws/install/radr_sensor_hub/lib/python3.10/site-packages:/home/radr/Radr/ros2_ws/build/radr_sensor_hub:/home/radr/Radr/ros2_ws/install/radr_sensor_hub/lib/python3.10/site-packages:/opt/ros/humble/lib/python3.10/site-packages:/opt/ros/humble/local/lib/python3.10/dist-packages', 'LC_NUMERIC': 'C.UTF-8', 'TURBO_CACHE_DIR': '/tmp/cursor-sandbox-cache/919ede157c36fb12ee12b138a49d62a8/turbo', 'LC_PAPER': 'C.UTF-8', 'COLCON': '1', '_ZO_DOCTOR': '0', 'GEM_SPEC_CACHE': '/tmp/cursor-sandbox-cache/919ede157c36fb12ee12b138a49d62a8/gem-specs'}, 'shell': False}
[4.222081] (-) TimerEvent: {}
[4.322517] (-) TimerEvent: {}
[4.422990] (-) TimerEvent: {}
[4.523513] (-) TimerEvent: {}
[4.624028] (-) TimerEvent: {}
[4.724521] (-) TimerEvent: {}
[4.825015] (-) TimerEvent: {}
[4.925485] (-) TimerEvent: {}
[5.025929] (-) TimerEvent: {}
[5.126381] (-) TimerEvent: {}
[5.226849] (-) TimerEvent: {}
[5.327461] (-) TimerEvent: {}
[5.428023] (-) TimerEvent: {}
[5.528485] (-) TimerEvent: {}
[5.629084] (-) TimerEvent: {}
[5.729659] (-) TimerEvent: {}
[5.830111] (-) TimerEvent: {}
[5.933291] (-) TimerEvent: {}
[6.033697] (-) TimerEvent: {}
[6.134550] (-) TimerEvent: {}
[6.234984] (-) TimerEvent: {}
[6.335482] (-) TimerEvent: {}
[6.341263] (radr_sensor_hub) StdoutLine: {'line': b'running develop\n'}
[6.435607] (-) TimerEvent: {}
[6.536074] (-) TimerEvent: {}
[6.637219] (-) TimerEvent: {}
[6.737657] (-) TimerEvent: {}
[6.838078] (-) TimerEvent: {}
[6.938521] (-) TimerEvent: {}
[7.038879] (-) TimerEvent: {}
[7.139232] (-) TimerEvent: {}
[7.239623] (-) TimerEvent: {}
[7.293828] (radr_sensor_hub) StdoutLine: {'line': b'running egg_info\n'}
[7.296172] (radr_sensor_hub) StdoutLine: {'line': b'writing radr_sensor_hub.egg-info/PKG-INFO\n'}
[7.298865] (radr_sensor_hub) StdoutLine: {'line': b'writing dependency_links to radr_sensor_hub.egg-info/dependency_links.txt\n'}
[7.299391] (radr_sensor_hub) StdoutLine: {'line': b'writing entry points to radr_sensor_hub.egg-info/entry_points.txt\n'}
[7.299819] (radr_sensor_hub) StdoutLine: {'line': b'writing requirements to radr_sensor_hub.egg-info/requires.txt\n'}
[7.300152] (radr_sensor_hub) StdoutLine: {'line': b'writing top-level names to radr_sensor_hub.egg-info/top_level.txt\n'}
[7.307167] (radr_sensor_hub) StdoutLine: {'line': b"reading manifest file 'radr_sensor_hub.egg-info/SOURCES.txt'\n"}
[7.311140] (radr_sensor_hub) StdoutLine: {'line': b"writing manifest file 'radr_sensor_hub.egg-info/SOURCES.txt'\n"}
[7.318061] (radr_sensor_hub) StdoutLine: {'line': b'running build_ext\n'}
[7.319154] (radr_sensor_hub) StdoutLine: {'line': b'Creating /home/radr/Radr/ros2_ws/install/radr_sensor_hub/lib/python3.10/site-packages/radr-sensor-hub.egg-link (link to .)\n'}
[7.323193] (radr_sensor_hub) StdoutLine: {'line': b'Installing camera_node script to /home/radr/Radr/ros2_ws/install/radr_sensor_hub/lib/radr_sensor_hub\n'}
[7.324343] (radr_sensor_hub) StdoutLine: {'line': b'Installing dht22_node script to /home/radr/Radr/ros2_ws/install/radr_sensor_hub/lib/radr_sensor_hub\n'}
[7.325714] (radr_sensor_hub) StdoutLine: {'line': b'Installing imu_node script to /home/radr/Radr/ros2_ws/install/radr_sensor_hub/lib/radr_sensor_hub\n'}
[7.327090] (radr_sensor_hub) StdoutLine: {'line': b'Installing sync_node script to /home/radr/Radr/ros2_ws/install/radr_sensor_hub/lib/radr_sensor_hub\n'}
[7.329191] (radr_sensor_hub) StdoutLine: {'line': b'\n'}
[7.329699] (radr_sensor_hub) StdoutLine: {'line': b'Installed /home/radr/Radr/ros2_ws/build/radr_sensor_hub\n'}
[7.330531] (radr_sensor_hub) StdoutLine: {'line': b'running symlink_data\n'}
[7.339894] (-) TimerEvent: {}
[7.440516] (-) TimerEvent: {}
[7.483616] (radr_sensor_hub) CommandEnded: {'returncode': 0}
[7.540619] (-) TimerEvent: {}
[7.546427] (radr_sensor_hub) JobEnded: {'identifier': 'radr_sensor_hub', 'rc': 0}
[7.549801] (-) EventReactorShutdown: {}
