[0.609s] DEBUG:colcon:Command line arguments: ['/usr/bin/colcon', 'build', '--symlink-install', '--packages-select', 'radr_sensor_hub']
[0.609s] DEBUG:colcon:Parsed command line arguments: Namespace(log_base=None, log_level=None, verb_name='build', build_base='build', install_base='install', merge_install=False, symlink_install=True, test_result_base=None, continue_on_error=False, executor='parallel', parallel_workers=4, event_handlers=None, ignore_user_meta=False, metas=['./colcon.meta'], base_paths=['.'], packages_ignore=None, packages_ignore_regex=None, paths=None, packages_up_to=None, packages_up_to_regex=None, packages_above=None, packages_above_and_dependencies=None, packages_above_depth=None, packages_select_by_dep=None, packages_skip_by_dep=None, packages_skip_up_to=None, packages_select_build_failed=False, packages_skip_build_finished=False, packages_select_test_failures=False, packages_skip_test_passed=False, packages_select=['radr_sensor_hub'], packages_skip=None, packages_select_regex=None, packages_skip_regex=None, packages_start=None, packages_end=None, allow_overriding=[], cmake_args=None, cmake_target=None, cmake_target_skip_unavailable=False, cmake_clean_cache=False, cmake_clean_first=False, cmake_force_configure=False, ament_cmake_args=None, catkin_cmake_args=None, catkin_skip_building_tests=False, mixin_files=None, mixin=None, verb_parser=<colcon_mixin.mixin.mixin_argument.MixinArgumentDecorator object at 0xffff8c3fa200>, verb_extension=<colcon_core.verb.build.BuildVerb object at 0xffff8c5a31f0>, main=<bound method BuildVerb.main of <colcon_core.verb.build.BuildVerb object at 0xffff8c5a31f0>>, mixin_verb=('build',))
[1.754s] Level 1:colcon.colcon_core.package_discovery:discover_packages(colcon_meta) check parameters
[1.755s] Level 1:colcon.colcon_core.package_discovery:discover_packages(recursive) check parameters
[1.755s] Level 1:colcon.colcon_core.package_discovery:discover_packages(ignore) check parameters
[1.755s] Level 1:colcon.colcon_core.package_discovery:discover_packages(path) check parameters
[1.755s] Level 1:colcon.colcon_core.package_discovery:discover_packages(colcon_meta) discover
[1.756s] Level 1:colcon.colcon_core.package_discovery:discover_packages(recursive) discover
[1.756s] INFO:colcon.colcon_core.package_discovery:Crawling recursively for packages in '/home/radr/Radr/ros2_ws'
[1.756s] Level 1:colcon.colcon_core.package_identification:_identify(.) by extensions ['ignore', 'ignore_ament_install']
[1.757s] Level 1:colcon.colcon_core.package_identification:_identify(.) by extension 'ignore'
[1.757s] Level 1:colcon.colcon_core.package_identification:_identify(.) by extension 'ignore_ament_install'
[1.757s] Level 1:colcon.colcon_core.package_identification:_identify(.) by extensions ['colcon_pkg']
[1.758s] Level 1:colcon.colcon_core.package_identification:_identify(.) by extension 'colcon_pkg'
[1.758s] Level 1:colcon.colcon_core.package_identification:_identify(.) by extensions ['colcon_meta']
[1.758s] Level 1:colcon.colcon_core.package_identification:_identify(.) by extension 'colcon_meta'
[1.758s] Level 1:colcon.colcon_core.package_identification:_identify(.) by extensions ['ros']
[1.758s] Level 1:colcon.colcon_core.package_identification:_identify(.) by extension 'ros'
[1.807s] Level 1:colcon.colcon_core.package_identification:_identify(.) by extensions ['cmake', 'python']
[1.807s] Level 1:colcon.colcon_core.package_identification:_identify(.) by extension 'cmake'
[1.807s] Level 1:colcon.colcon_core.package_identification:_identify(.) by extension 'python'
[1.808s] Level 1:colcon.colcon_core.package_identification:_identify(.) by extensions ['python_setup_py']
[1.808s] Level 1:colcon.colcon_core.package_identification:_identify(.) by extension 'python_setup_py'
[1.808s] Level 1:colcon.colcon_core.package_identification:_identify(build) by extensions ['ignore', 'ignore_ament_install']
[1.809s] Level 1:colcon.colcon_core.package_identification:_identify(build) by extension 'ignore'
[1.809s] Level 1:colcon.colcon_core.package_identification:_identify(build) ignored
[1.810s] Level 1:colcon.colcon_core.package_identification:_identify(install) by extensions ['ignore', 'ignore_ament_install']
[1.811s] Level 1:colcon.colcon_core.package_identification:_identify(install) by extension 'ignore'
[1.811s] Level 1:colcon.colcon_core.package_identification:_identify(install) ignored
[1.812s] Level 1:colcon.colcon_core.package_identification:_identify(log) by extensions ['ignore', 'ignore_ament_install']
[1.813s] Level 1:colcon.colcon_core.package_identification:_identify(log) by extension 'ignore'
[1.813s] Level 1:colcon.colcon_core.package_identification:_identify(log) ignored
[1.814s] Level 1:colcon.colcon_core.package_identification:_identify(src) by extensions ['ignore', 'ignore_ament_install']
[1.815s] Level 1:colcon.colcon_core.package_identification:_identify(src) by extension 'ignore'
[1.815s] Level 1:colcon.colcon_core.package_identification:_identify(src) by extension 'ignore_ament_install'
[1.816s] Level 1:colcon.colcon_core.package_identification:_identify(src) by extensions ['colcon_pkg']
[1.816s] Level 1:colcon.colcon_core.package_identification:_identify(src) by extension 'colcon_pkg'
[1.816s] Level 1:colcon.colcon_core.package_identification:_identify(src) by extensions ['colcon_meta']
[1.816s] Level 1:colcon.colcon_core.package_identification:_identify(src) by extension 'colcon_meta'
[1.817s] Level 1:colcon.colcon_core.package_identification:_identify(src) by extensions ['ros']
[1.817s] Level 1:colcon.colcon_core.package_identification:_identify(src) by extension 'ros'
[1.817s] Level 1:colcon.colcon_core.package_identification:_identify(src) by extensions ['cmake', 'python']
[1.817s] Level 1:colcon.colcon_core.package_identification:_identify(src) by extension 'cmake'
[1.817s] Level 1:colcon.colcon_core.package_identification:_identify(src) by extension 'python'
[1.818s] Level 1:colcon.colcon_core.package_identification:_identify(src) by extensions ['python_setup_py']
[1.818s] Level 1:colcon.colcon_core.package_identification:_identify(src) by extension 'python_setup_py'
[1.818s] Level 1:colcon.colcon_core.package_identification:_identify(src/radr_sensor_hub) by extensions ['ignore', 'ignore_ament_install']
[1.819s] Level 1:colcon.colcon_core.package_identification:_identify(src/radr_sensor_hub) by extension 'ignore'
[1.819s] Level 1:colcon.colcon_core.package_identification:_identify(src/radr_sensor_hub) by extension 'ignore_ament_install'
[1.819s] Level 1:colcon.colcon_core.package_identification:_identify(src/radr_sensor_hub) by extensions ['colcon_pkg']
[1.819s] Level 1:colcon.colcon_core.package_identification:_identify(src/radr_sensor_hub) by extension 'colcon_pkg'
[1.820s] Level 1:colcon.colcon_core.package_identification:_identify(src/radr_sensor_hub) by extensions ['colcon_meta']
[1.820s] Level 1:colcon.colcon_core.package_identification:_identify(src/radr_sensor_hub) by extension 'colcon_meta'
[1.820s] Level 1:colcon.colcon_core.package_identification:_identify(src/radr_sensor_hub) by extensions ['ros']
[1.820s] Level 1:colcon.colcon_core.package_identification:_identify(src/radr_sensor_hub) by extension 'ros'
[1.831s] DEBUG:colcon.colcon_core.package_identification:Package 'src/radr_sensor_hub' with type 'ros.ament_python' and name 'radr_sensor_hub'
[1.832s] Level 1:colcon.colcon_core.package_identification:_identify(systemd) by extensions ['ignore', 'ignore_ament_install']
[1.833s] Level 1:colcon.colcon_core.package_identification:_identify(systemd) by extension 'ignore'
[1.833s] Level 1:colcon.colcon_core.package_identification:_identify(systemd) by extension 'ignore_ament_install'
[1.834s] Level 1:colcon.colcon_core.package_identification:_identify(systemd) by extensions ['colcon_pkg']
[1.834s] Level 1:colcon.colcon_core.package_identification:_identify(systemd) by extension 'colcon_pkg'
[1.834s] Level 1:colcon.colcon_core.package_identification:_identify(systemd) by extensions ['colcon_meta']
[1.835s] Level 1:colcon.colcon_core.package_identification:_identify(systemd) by extension 'colcon_meta'
[1.835s] Level 1:colcon.colcon_core.package_identification:_identify(systemd) by extensions ['ros']
[1.835s] Level 1:colcon.colcon_core.package_identification:_identify(systemd) by extension 'ros'
[1.836s] Level 1:colcon.colcon_core.package_identification:_identify(systemd) by extensions ['cmake', 'python']
[1.836s] Level 1:colcon.colcon_core.package_identification:_identify(systemd) by extension 'cmake'
[1.836s] Level 1:colcon.colcon_core.package_identification:_identify(systemd) by extension 'python'
[1.837s] Level 1:colcon.colcon_core.package_identification:_identify(systemd) by extensions ['python_setup_py']
[1.837s] Level 1:colcon.colcon_core.package_identification:_identify(systemd) by extension 'python_setup_py'
[1.838s] Level 1:colcon.colcon_core.package_discovery:discover_packages(recursive) using defaults
[1.838s] Level 1:colcon.colcon_core.package_discovery:discover_packages(ignore) discover
[1.838s] Level 1:colcon.colcon_core.package_discovery:discover_packages(ignore) using defaults
[1.839s] Level 1:colcon.colcon_core.package_discovery:discover_packages(path) discover
[1.839s] Level 1:colcon.colcon_core.package_discovery:discover_packages(path) using defaults
[1.970s] Level 1:colcon.colcon_core.package_discovery:discover_packages(prefix_path) check parameters
[1.970s] Level 1:colcon.colcon_core.package_discovery:discover_packages(prefix_path) discover
[1.981s] DEBUG:colcon.colcon_installed_package_information.package_discovery:Found 1 installed packages in /home/radr/Radr/ros2_ws/install
[1.990s] DEBUG:colcon.colcon_installed_package_information.package_discovery:Found 273 installed packages in /opt/ros/humble
[1.997s] Level 1:colcon.colcon_core.package_discovery:discover_packages(prefix_path) using defaults
[2.190s] Level 5:colcon.colcon_core.verb:set package 'radr_sensor_hub' build argument 'cmake_args' from command line to 'None'
[2.190s] Level 5:colcon.colcon_core.verb:set package 'radr_sensor_hub' build argument 'cmake_target' from command line to 'None'
[2.190s] Level 5:colcon.colcon_core.verb:set package 'radr_sensor_hub' build argument 'cmake_target_skip_unavailable' from command line to 'False'
[2.190s] Level 5:colcon.colcon_core.verb:set package 'radr_sensor_hub' build argument 'cmake_clean_cache' from command line to 'False'
[2.190s] Level 5:colcon.colcon_core.verb:set package 'radr_sensor_hub' build argument 'cmake_clean_first' from command line to 'False'
[2.191s] Level 5:colcon.colcon_core.verb:set package 'radr_sensor_hub' build argument 'cmake_force_configure' from command line to 'False'
[2.191s] Level 5:colcon.colcon_core.verb:set package 'radr_sensor_hub' build argument 'ament_cmake_args' from command line to 'None'
[2.191s] Level 5:colcon.colcon_core.verb:set package 'radr_sensor_hub' build argument 'catkin_cmake_args' from command line to 'None'
[2.191s] Level 5:colcon.colcon_core.verb:set package 'radr_sensor_hub' build argument 'catkin_skip_building_tests' from command line to 'False'
[2.191s] DEBUG:colcon.colcon_core.verb:Building package 'radr_sensor_hub' with the following arguments: {'ament_cmake_args': None, 'build_base': '/home/radr/Radr/ros2_ws/build/radr_sensor_hub', 'catkin_cmake_args': None, 'catkin_skip_building_tests': False, 'cmake_args': None, 'cmake_clean_cache': False, 'cmake_clean_first': False, 'cmake_force_configure': False, 'cmake_target': None, 'cmake_target_skip_unavailable': False, 'install_base': '/home/radr/Radr/ros2_ws/install/radr_sensor_hub', 'merge_install': False, 'path': '/home/radr/Radr/ros2_ws/src/radr_sensor_hub', 'symlink_install': True, 'test_result_base': None}
[2.192s] INFO:colcon.colcon_core.executor:Executing jobs using 'parallel' executor
[2.196s] DEBUG:colcon.colcon_parallel_executor.executor.parallel:run_until_complete
[2.197s] INFO:colcon.colcon_ros.task.ament_python.build:Building ROS package in '/home/radr/Radr/ros2_ws/src/radr_sensor_hub' with build type 'ament_python'
[2.198s] Level 1:colcon.colcon_core.shell:create_environment_hook('radr_sensor_hub', 'ament_prefix_path')
[2.208s] INFO:colcon.colcon_core.plugin_system:Skipping extension 'colcon_core.shell.bat': Not used on non-Windows systems
[2.209s] INFO:colcon.colcon_core.shell:Creating environment hook '/home/radr/Radr/ros2_ws/install/radr_sensor_hub/share/radr_sensor_hub/hook/ament_prefix_path.ps1'
[2.213s] INFO:colcon.colcon_core.shell:Creating environment descriptor '/home/radr/Radr/ros2_ws/install/radr_sensor_hub/share/radr_sensor_hub/hook/ament_prefix_path.dsv'
[2.215s] INFO:colcon.colcon_core.shell:Creating environment hook '/home/radr/Radr/ros2_ws/install/radr_sensor_hub/share/radr_sensor_hub/hook/ament_prefix_path.sh'
[2.219s] INFO:colcon.colcon_core.shell:Skip shell extension 'powershell' for command environment: Not usable outside of PowerShell
[2.219s] DEBUG:colcon.colcon_core.shell:Skip shell extension 'dsv' for command environment
[3.766s] INFO:colcon.colcon_core.task.python.build:Building Python package in '/home/radr/Radr/ros2_ws/src/radr_sensor_hub'
[3.767s] INFO:colcon.colcon_core.shell:Skip shell extension 'powershell' for command environment: Not usable outside of PowerShell
[3.767s] DEBUG:colcon.colcon_core.shell:Skip shell extension 'dsv' for command environment
[6.389s] DEBUG:colcon.colcon_core.event_handler.log_command:Invoking command in '/home/radr/Radr/ros2_ws/build/radr_sensor_hub': PYTHONPATH=/home/radr/Radr/ros2_ws/build/radr_sensor_hub/prefix_override:/usr/lib/python3/dist-packages/colcon_core/task/python/colcon_distutils_commands:/home/radr/Radr/ros2_ws/install/radr_sensor_hub/lib/python3.10/site-packages:${PYTHONPATH} /usr/bin/python3 -W ignore:setup.py install is deprecated -W ignore:easy_install command is deprecated setup.py develop --editable --build-directory /home/radr/Radr/ros2_ws/build/radr_sensor_hub/build --no-deps symlink_data
[9.679s] Level 1:colcon.colcon_core.shell:create_environment_hook('radr_sensor_hub', 'pythonpath_develop')
[9.680s] INFO:colcon.colcon_core.shell:Creating environment hook '/home/radr/Radr/ros2_ws/build/radr_sensor_hub/share/radr_sensor_hub/hook/pythonpath_develop.ps1'
[9.682s] DEBUG:colcon.colcon_core.event_handler.log_command:Invoked command in '/home/radr/Radr/ros2_ws/build/radr_sensor_hub' returned '0': PYTHONPATH=/home/radr/Radr/ros2_ws/build/radr_sensor_hub/prefix_override:/usr/lib/python3/dist-packages/colcon_core/task/python/colcon_distutils_commands:/home/radr/Radr/ros2_ws/install/radr_sensor_hub/lib/python3.10/site-packages:${PYTHONPATH} /usr/bin/python3 -W ignore:setup.py install is deprecated -W ignore:easy_install command is deprecated setup.py develop --editable --build-directory /home/radr/Radr/ros2_ws/build/radr_sensor_hub/build --no-deps symlink_data
[9.684s] INFO:colcon.colcon_core.shell:Creating environment descriptor '/home/radr/Radr/ros2_ws/build/radr_sensor_hub/share/radr_sensor_hub/hook/pythonpath_develop.dsv'
[9.686s] INFO:colcon.colcon_core.shell:Creating environment hook '/home/radr/Radr/ros2_ws/build/radr_sensor_hub/share/radr_sensor_hub/hook/pythonpath_develop.sh'
[9.701s] Level 1:colcon.colcon_core.environment:checking '/home/radr/Radr/ros2_ws/install/radr_sensor_hub' for CMake module files
[9.704s] Level 1:colcon.colcon_core.environment:checking '/home/radr/Radr/ros2_ws/install/radr_sensor_hub' for CMake config files
[9.708s] Level 1:colcon.colcon_core.environment:checking '/home/radr/Radr/ros2_ws/install/radr_sensor_hub/lib'
[9.709s] Level 1:colcon.colcon_core.environment:checking '/home/radr/Radr/ros2_ws/install/radr_sensor_hub/bin'
[9.709s] Level 1:colcon.colcon_core.environment:checking '/home/radr/Radr/ros2_ws/install/radr_sensor_hub/lib/pkgconfig/radr_sensor_hub.pc'
[9.710s] Level 1:colcon.colcon_core.environment:checking '/home/radr/Radr/ros2_ws/install/radr_sensor_hub/lib/python3.10/site-packages'
[9.710s] Level 1:colcon.colcon_core.shell:create_environment_hook('radr_sensor_hub', 'pythonpath')
[9.711s] INFO:colcon.colcon_core.shell:Creating environment hook '/home/radr/Radr/ros2_ws/install/radr_sensor_hub/share/radr_sensor_hub/hook/pythonpath.ps1'
[9.714s] INFO:colcon.colcon_core.shell:Creating environment descriptor '/home/radr/Radr/ros2_ws/install/radr_sensor_hub/share/radr_sensor_hub/hook/pythonpath.dsv'
[9.716s] INFO:colcon.colcon_core.shell:Creating environment hook '/home/radr/Radr/ros2_ws/install/radr_sensor_hub/share/radr_sensor_hub/hook/pythonpath.sh'
[9.719s] Level 1:colcon.colcon_core.environment:checking '/home/radr/Radr/ros2_ws/install/radr_sensor_hub/bin'
[9.720s] Level 1:colcon.colcon_core.environment:create_environment_scripts_only(radr_sensor_hub)
[9.721s] INFO:colcon.colcon_core.shell:Creating package script '/home/radr/Radr/ros2_ws/install/radr_sensor_hub/share/radr_sensor_hub/package.ps1'
[9.726s] INFO:colcon.colcon_core.shell:Creating package descriptor '/home/radr/Radr/ros2_ws/install/radr_sensor_hub/share/radr_sensor_hub/package.dsv'
[9.729s] INFO:colcon.colcon_core.shell:Creating package script '/home/radr/Radr/ros2_ws/install/radr_sensor_hub/share/radr_sensor_hub/package.sh'
[9.733s] INFO:colcon.colcon_core.shell:Creating package script '/home/radr/Radr/ros2_ws/install/radr_sensor_hub/share/radr_sensor_hub/package.bash'
[9.737s] INFO:colcon.colcon_core.shell:Creating package script '/home/radr/Radr/ros2_ws/install/radr_sensor_hub/share/radr_sensor_hub/package.zsh'
[9.740s] Level 1:colcon.colcon_core.environment:create_file_with_runtime_dependencies(/home/radr/Radr/ros2_ws/install/radr_sensor_hub/share/colcon-core/packages/radr_sensor_hub)
[9.742s] DEBUG:colcon.colcon_parallel_executor.executor.parallel:closing loop
[9.743s] DEBUG:colcon.colcon_parallel_executor.executor.parallel:loop closed
[9.744s] DEBUG:colcon.colcon_parallel_executor.executor.parallel:run_until_complete finished with '0'
[9.744s] DEBUG:colcon.colcon_core.event_reactor:joining thread
[9.746s] DEBUG:colcon.colcon_core.event_reactor:joined thread
[9.747s] INFO:colcon.colcon_core.shell:Creating prefix script '/home/radr/Radr/ros2_ws/install/local_setup.ps1'
[9.751s] INFO:colcon.colcon_core.shell:Creating prefix util module '/home/radr/Radr/ros2_ws/install/_local_setup_util_ps1.py'
[9.759s] INFO:colcon.colcon_core.shell:Creating prefix chain script '/home/radr/Radr/ros2_ws/install/setup.ps1'
[9.765s] INFO:colcon.colcon_core.shell:Creating prefix script '/home/radr/Radr/ros2_ws/install/local_setup.sh'
[9.769s] INFO:colcon.colcon_core.shell:Creating prefix util module '/home/radr/Radr/ros2_ws/install/_local_setup_util_sh.py'
[9.772s] INFO:colcon.colcon_core.shell:Creating prefix chain script '/home/radr/Radr/ros2_ws/install/setup.sh'
[9.778s] INFO:colcon.colcon_core.shell:Creating prefix script '/home/radr/Radr/ros2_ws/install/local_setup.bash'
[9.780s] INFO:colcon.colcon_core.shell:Creating prefix chain script '/home/radr/Radr/ros2_ws/install/setup.bash'
[9.785s] INFO:colcon.colcon_core.shell:Creating prefix script '/home/radr/Radr/ros2_ws/install/local_setup.zsh'
[9.787s] INFO:colcon.colcon_core.shell:Creating prefix chain script '/home/radr/Radr/ros2_ws/install/setup.zsh'
