[0.000000] (-) TimerEvent: {}
[0.004369] (radr_sensor_hub) JobQueued: {'identifier': 'radr_sensor_hub', 'dependencies': OrderedDict()}
[0.006097] (radr_sensor_hub) JobStarted: {'identifier': 'radr_sensor_hub'}
[0.098817] (-) TimerEvent: {}
[0.199282] (-) TimerEvent: {}
[0.299725] (-) TimerEvent: {}
[0.400523] (-) TimerEvent: {}
[0.501005] (-) TimerEvent: {}
[0.601458] (-) TimerEvent: {}
[0.701939] (-) TimerEvent: {}
[0.802750] (-) TimerEvent: {}
[0.903210] (-) TimerEvent: {}
[1.003654] (-) TimerEvent: {}
[1.104129] (-) TimerEvent: {}
[1.204624] (-) TimerEvent: {}
[1.305164] (-) TimerEvent: {}
[1.405795] (-) TimerEvent: {}
[1.506419] (-) TimerEvent: {}
[1.606890] (-) TimerEvent: {}
[1.707501] (-) TimerEvent: {}
[1.808263] (-) TimerEvent: {}
[1.909482] (-) TimerEvent: {}
[2.010283] (-) TimerEvent: {}
[2.110921] (-) TimerEvent: {}
[2.211635] (-) TimerEvent: {}
[2.312163] (-) TimerEvent: {}
[2.412584] (-) TimerEvent: {}
[2.513020] (-) TimerEvent: {}
[2.613439] (-) TimerEvent: {}
[2.713814] (-) TimerEvent: {}
[2.814210] (-) TimerEvent: {}
[2.914619] (-) TimerEvent: {}
[3.015021] (-) TimerEvent: {}
[3.115398] (-) TimerEvent: {}
[3.216435] (-) TimerEvent: {}
[3.316800] (-) TimerEvent: {}
[3.417215] (-) TimerEvent: {}
[3.517605] (-) TimerEvent: {}
[3.618001] (-) TimerEvent: {}
[3.718432] (-) TimerEvent: {}
[3.818859] (-) TimerEvent: {}
[3.919315] (-) TimerEvent: {}
[4.020213] (-) TimerEvent: {}
[4.120657] (-) TimerEvent: {}
[4.221167] (-) TimerEvent: {}
[4.289968] (radr_sensor_hub) Command: {'cmd': ['/usr/bin/python3', '-W', 'ignore:setup.py install is deprecated', '-W', 'ignore:easy_install command is deprecated', 'setup.py', 'egg_info', '--egg-base', '../../build/radr_sensor_hub', 'build', '--build-base', '/home/radr/Radr/ros2_ws/build/radr_sensor_hub/build', 'install', '--record', '/home/radr/Radr/ros2_ws/build/radr_sensor_hub/install.log', '--single-version-externally-managed', 'install_data'], 'cwd': '/home/radr/Radr/ros2_ws/src/radr_sensor_hub', 'env': {'LESSOPEN': '| /usr/bin/lesspipe %s', 'VSCODE_CWD': '/home/radr', 'VSCODE_ESM_ENTRYPOINT': 'vs/workbench/api/node/extensionHostProcess', 'LANGUAGE': 'en', 'USER': 'radr', 'SSH_CLIENT': '100.82.113.115 56489 22', 'LC_TIME': 'C.UTF-8', 'VSCODE_NLS_CONFIG': '{"userLocale":"en","osLocale":"en","resolvedLanguage":"en","defaultMessagesFile":"/home/radr/.cursor-server/bin/linux-arm64/48a15759f53cd5fc9b5c20936ad7d79847d914b0/out/nls.messages.json","locale":"en","availableLanguages":{}}', 'VSCODE_HANDLES_UNCAUGHT_ERRORS': 'true', 'XDG_SESSION_TYPE': 'tty', 'SHLVL': '2', 'LD_LIBRARY_PATH': '/home/radr/Radr/ros2_ws/install/radr_gps_msgs/lib:/opt/ros/humble/opt/rviz_ogre_vendor/lib:/opt/ros/humble/lib/aarch64-linux-gnu:/opt/ros/humble/lib', 'BROWSER': '/home/radr/.cursor-server/bin/linux-arm64/48a15759f53cd5fc9b5c20936ad7d79847d914b0/bin/helpers/browser.sh', 'MOTD_SHOWN': 'pam', 'HOME': '/home/radr', 'OLDPWD': '/home/radr/Radr', 'VSCODE_IPC_HOOK_CLI': '/run/user/1000/vscode-ipc-728c1879-2f0e-4644-9188-3a062c32e412.sock', 'ROS_PYTHON_VERSION': '3', 'LC_MONETARY': 'C.UTF-8', 'NO_COLOR': '1', 'DBUS_SESSION_BUS_ADDRESS': 'unix:path=/run/user/1000/bus', 'VSCODE_L10N_BUNDLE_LOCATION': '', 'COLCON_PREFIX_PATH': '/home/radr/Radr/ros2_ws/install', 'ROS_DISTRO': 'humble', 'OVSX_REGISTRY_URL': 'https://open-vsx.org', 'LOGNAME': 'radr', 'FORCE_COLOR': '0', 'VSCODE_HANDLES_SIGPIPE': 'true', '_': '/usr/bin/colcon', 'ROS_VERSION': '2', 'CURSOR_LAYOUT': 'unifiedAgent', 'XDG_SESSION_CLASS': 'user', 'TERM': 'dumb', 'XDG_SESSION_ID': '2', 'ROS_LOCALHOST_ONLY': '0', 'PATH': '/home/radr/.local/bin:/home/radr/.local/bin:/home/radr/.cursor-server/bin/linux-arm64/48a15759f53cd5fc9b5c20936ad7d79847d914b0/bin/remote-cli:/home/radr/.local/bin:/opt/ros/humble/bin:/home/radr/.cursor-server/bin/linux-arm64/48a15759f53cd5fc9b5c20936ad7d79847d914b0/bin/remote-cli:/home/radr/.local/bin:/usr/local/sbin:/usr/local/bin:/usr/sbin:/usr/bin:/sbin:/bin:/usr/games:/usr/local/games:/snap/bin', 'VSCODE_AGENT_FOLDER': '/home/radr/.cursor-server', 'PAPERSIZE': 'a4', 'LC_ADDRESS': 'C.UTF-8', 'XDG_RUNTIME_DIR': '/run/user/1000', 'CURSOR_AGENT': '1', 'LANG': 'en_US.UTF-8', 'LC_TELEPHONE': 'C.UTF-8', 'LS_COLORS': '', 'AMENT_PREFIX_PATH': '/home/radr/Radr/ros2_ws/install/radr_sensor_hub:/home/radr/Radr/ros2_ws/install/radr_gps_msgs:/opt/ros/humble', 'SHELL': '/bin/bash', 'LC_NAME': 'C.UTF-8', 'VSCODE_SERVER_SHUTDOWN_TIMEOUT': '300', 'LESSCLOSE': '/usr/bin/lesspipe %s %s', 'LC_MEASUREMENT': 'C.UTF-8', 'LC_IDENTIFICATION': 'C.UTF-8', 'PWD': '/home/radr/Radr/ros2_ws/build/radr_sensor_hub', 'LC_ALL': 'en_US.UTF-8', 'SSH_CONNECTION': '100.82.113.115 56489 100.110.47.15 22', 'XDG_DATA_DIRS': '/usr/share/gnome:/usr/local/share:/usr/share:/var/lib/snapd/desktop', 'PYTHONPATH': '/home/radr/Radr/ros2_ws/build/radr_sensor_hub/prefix_override:/usr/lib/python3/dist-packages/colcon_core/task/python/colcon_distutils_commands:/home/radr/Radr/ros2_ws/install/radr_sensor_hub/lib/python3.10/site-packages:/home/radr/Radr/ros2_ws/install/radr_sensor_hub/lib/python3.10/site-packages:/home/radr/Radr/ros2_ws/install/radr_gps_msgs/local/lib/python3.10/dist-packages:/opt/ros/humble/lib/python3.10/site-packages:/opt/ros/humble/local/lib/python3.10/dist-packages', 'LC_NUMERIC': 'C.UTF-8', 'LC_PAPER': 'C.UTF-8', 'COLCON': '1', '_ZO_DOCTOR': '0', 'CMAKE_PREFIX_PATH': '/home/radr/Radr/ros2_ws/install/radr_gps_msgs'}, 'shell': False}
[4.321355] (-) TimerEvent: {}
[4.421816] (-) TimerEvent: {}
[4.522258] (-) TimerEvent: {}
[4.622744] (-) TimerEvent: {}
[4.723306] (-) TimerEvent: {}
[4.824017] (-) TimerEvent: {}
[4.924668] (-) TimerEvent: {}
[5.025151] (-) TimerEvent: {}
[5.125633] (-) TimerEvent: {}
[5.226216] (-) TimerEvent: {}
[5.326761] (-) TimerEvent: {}
[5.427236] (-) TimerEvent: {}
[5.527719] (-) TimerEvent: {}
[5.628157] (-) TimerEvent: {}
[5.728682] (-) TimerEvent: {}
[5.829366] (-) TimerEvent: {}
[5.932548] (-) TimerEvent: {}
[6.033031] (-) TimerEvent: {}
[6.116180] (radr_sensor_hub) StdoutLine: {'line': b'running egg_info\n'}
[6.120632] (radr_sensor_hub) StdoutLine: {'line': b'writing ../../build/radr_sensor_hub/radr_sensor_hub.egg-info/PKG-INFO\n'}
[6.124284] (radr_sensor_hub) StdoutLine: {'line': b'writing dependency_links to ../../build/radr_sensor_hub/radr_sensor_hub.egg-info/dependency_links.txt\n'}
[6.124952] (radr_sensor_hub) StdoutLine: {'line': b'writing entry points to ../../build/radr_sensor_hub/radr_sensor_hub.egg-info/entry_points.txt\n'}
[6.129511] (radr_sensor_hub) StdoutLine: {'line': b'writing requirements to ../../build/radr_sensor_hub/radr_sensor_hub.egg-info/requires.txt\n'}
[6.129965] (radr_sensor_hub) StdoutLine: {'line': b'writing top-level names to ../../build/radr_sensor_hub/radr_sensor_hub.egg-info/top_level.txt\n'}
[6.133444] (-) TimerEvent: {}
[6.136860] (radr_sensor_hub) StdoutLine: {'line': b"reading manifest file '../../build/radr_sensor_hub/radr_sensor_hub.egg-info/SOURCES.txt'\n"}
[6.142348] (radr_sensor_hub) StdoutLine: {'line': b"writing manifest file '../../build/radr_sensor_hub/radr_sensor_hub.egg-info/SOURCES.txt'\n"}
[6.144584] (radr_sensor_hub) StdoutLine: {'line': b'running build\n'}
[6.145456] (radr_sensor_hub) StdoutLine: {'line': b'running build_py\n'}
[6.150482] (radr_sensor_hub) StdoutLine: {'line': b'copying radr_sensor_hub/gps_serial_open.py -> /home/radr/Radr/ros2_ws/build/radr_sensor_hub/build/lib/radr_sensor_hub\n'}
[6.157723] (radr_sensor_hub) StdoutLine: {'line': b'copying radr_sensor_hub/gps_node.py -> /home/radr/Radr/ros2_ws/build/radr_sensor_hub/build/lib/radr_sensor_hub\n'}
[6.158612] (radr_sensor_hub) StdoutLine: {'line': b'running install\n'}
[6.166655] (radr_sensor_hub) StdoutLine: {'line': b'running install_lib\n'}
[6.170266] (radr_sensor_hub) StdoutLine: {'line': b'copying /home/radr/Radr/ros2_ws/build/radr_sensor_hub/build/lib/radr_sensor_hub/gps_serial_open.py -> /home/radr/Radr/ros2_ws/install/radr_sensor_hub/lib/python3.10/site-packages/radr_sensor_hub\n'}
[6.172270] (radr_sensor_hub) StdoutLine: {'line': b'copying /home/radr/Radr/ros2_ws/build/radr_sensor_hub/build/lib/radr_sensor_hub/gps_node.py -> /home/radr/Radr/ros2_ws/install/radr_sensor_hub/lib/python3.10/site-packages/radr_sensor_hub\n'}
[6.178930] (radr_sensor_hub) StdoutLine: {'line': b'byte-compiling /home/radr/Radr/ros2_ws/install/radr_sensor_hub/lib/python3.10/site-packages/radr_sensor_hub/gps_serial_open.py to gps_serial_open.cpython-310.pyc\n'}
[6.185438] (radr_sensor_hub) StdoutLine: {'line': b'byte-compiling /home/radr/Radr/ros2_ws/install/radr_sensor_hub/lib/python3.10/site-packages/radr_sensor_hub/gps_node.py to gps_node.cpython-310.pyc\n'}
[6.198556] (radr_sensor_hub) StdoutLine: {'line': b'running install_data\n'}
[6.202229] (radr_sensor_hub) StdoutLine: {'line': b'copying package.xml -> /home/radr/Radr/ros2_ws/install/radr_sensor_hub/share/radr_sensor_hub\n'}
[6.209254] (radr_sensor_hub) StdoutLine: {'line': b'creating /home/radr/Radr/ros2_ws/install/radr_sensor_hub/share/radr_sensor_hub/scripts\n'}
[6.210611] (radr_sensor_hub) StdoutLine: {'line': b'copying scripts/setup_gps_serial_permissions.sh -> /home/radr/Radr/ros2_ws/install/radr_sensor_hub/share/radr_sensor_hub/scripts\n'}
[6.211182] (radr_sensor_hub) StdoutLine: {'line': b'creating /home/radr/Radr/ros2_ws/install/radr_sensor_hub/share/radr_sensor_hub/udev\n'}
[6.211828] (radr_sensor_hub) StdoutLine: {'line': b'copying udev/99-radr-gpio-uart-dialout.rules -> /home/radr/Radr/ros2_ws/install/radr_sensor_hub/share/radr_sensor_hub/udev\n'}
[6.212556] (radr_sensor_hub) StdoutLine: {'line': b'running install_egg_info\n'}
[6.218132] (radr_sensor_hub) StdoutLine: {'line': b"removing '/home/radr/Radr/ros2_ws/install/radr_sensor_hub/lib/python3.10/site-packages/radr_sensor_hub-0.1.0-py3.10.egg-info' (and everything under it)\n"}
[6.222562] (radr_sensor_hub) StdoutLine: {'line': b'Copying ../../build/radr_sensor_hub/radr_sensor_hub.egg-info to /home/radr/Radr/ros2_ws/install/radr_sensor_hub/lib/python3.10/site-packages/radr_sensor_hub-0.1.0-py3.10.egg-info\n'}
[6.232320] (radr_sensor_hub) StdoutLine: {'line': b'running install_scripts\n'}
[6.233601] (-) TimerEvent: {}
[6.334151] (-) TimerEvent: {}
[6.371266] (radr_sensor_hub) StdoutLine: {'line': b'Installing camera_node script to /home/radr/Radr/ros2_ws/install/radr_sensor_hub/lib/radr_sensor_hub\n'}
[6.374409] (radr_sensor_hub) StdoutLine: {'line': b'Installing dht22_node script to /home/radr/Radr/ros2_ws/install/radr_sensor_hub/lib/radr_sensor_hub\n'}
[6.377791] (radr_sensor_hub) StdoutLine: {'line': b'Installing gps_node script to /home/radr/Radr/ros2_ws/install/radr_sensor_hub/lib/radr_sensor_hub\n'}
[6.381342] (radr_sensor_hub) StdoutLine: {'line': b'Installing imu_node script to /home/radr/Radr/ros2_ws/install/radr_sensor_hub/lib/radr_sensor_hub\n'}
[6.383506] (radr_sensor_hub) StdoutLine: {'line': b'Installing sync_node script to /home/radr/Radr/ros2_ws/install/radr_sensor_hub/lib/radr_sensor_hub\n'}
[6.389322] (radr_sensor_hub) StdoutLine: {'line': b"writing list of installed files to '/home/radr/Radr/ros2_ws/build/radr_sensor_hub/install.log'\n"}
[6.434409] (-) TimerEvent: {}
[6.535045] (-) TimerEvent: {}
[6.569384] (radr_sensor_hub) CommandEnded: {'returncode': 0}
[6.635215] (-) TimerEvent: {}
[6.682077] (radr_sensor_hub) JobEnded: {'identifier': 'radr_sensor_hub', 'rc': 0}
[6.686519] (-) EventReactorShutdown: {}
