[0.802s] DEBUG:colcon:Command line arguments: ['/usr/bin/colcon', 'list', '--packages-select', 'radr_sensor_hub', '--topological-order']
[0.802s] DEBUG:colcon:Parsed command line arguments: Namespace(log_base=None, log_level=None, verb_name='list', build_base='build', ignore_user_meta=False, metas=['./colcon.meta'], base_paths=['.'], packages_ignore=None, packages_ignore_regex=None, paths=None, packages_up_to=None, packages_up_to_regex=None, packages_above=None, packages_above_and_dependencies=None, packages_above_depth=None, packages_select_by_dep=None, packages_skip_by_dep=None, packages_skip_up_to=None, packages_select_build_failed=False, packages_skip_build_finished=False, packages_select_test_failures=False, packages_skip_test_passed=False, packages_select=['radr_sensor_hub'], packages_skip=None, packages_select_regex=None, packages_skip_regex=None, packages_start=None, packages_end=None, allow_overriding=[], topological_order=True, names_only=False, paths_only=False, topological_graph=False, topological_graph_dot=False, topological_graph_density=False, topological_graph_legend=False, topological_graph_dot_cluster=False, topological_graph_dot_include_skipped=False, mixin_files=None, mixin=None, verb_parser=<colcon_mixin.mixin.mixin_argument.MixinArgumentDecorator object at 0xffff81fa6aa0>, verb_extension=<colcon_package_information.verb.list.ListVerb object at 0xffff81fa5990>, main=<bound method ListVerb.main of <colcon_package_information.verb.list.ListVerb object at 0xffff81fa5990>>, mixin_verb=('list',))
[2.883s] Level 1:colcon.colcon_core.package_discovery:discover_packages(colcon_meta) check parameters
[2.886s] Level 1:colcon.colcon_core.package_discovery:discover_packages(recursive) check parameters
[2.887s] Level 1:colcon.colcon_core.package_discovery:discover_packages(ignore) check parameters
[2.887s] Level 1:colcon.colcon_core.package_discovery:discover_packages(path) check parameters
[2.888s] Level 1:colcon.colcon_core.package_discovery:discover_packages(colcon_meta) discover
[2.890s] Level 1:colcon.colcon_core.package_discovery:discover_packages(recursive) discover
[2.892s] INFO:colcon.colcon_core.package_discovery:Crawling recursively for packages in '/home/radr/Radr/ros2_ws'
[2.894s] Level 1:colcon.colcon_core.package_identification:_identify(.) by extensions ['ignore', 'ignore_ament_install']
[2.897s] Level 1:colcon.colcon_core.package_identification:_identify(.) by extension 'ignore'
[2.899s] Level 1:colcon.colcon_core.package_identification:_identify(.) by extension 'ignore_ament_install'
[2.901s] Level 1:colcon.colcon_core.package_identification:_identify(.) by extensions ['colcon_pkg']
[2.902s] Level 1:colcon.colcon_core.package_identification:_identify(.) by extension 'colcon_pkg'
[2.903s] Level 1:colcon.colcon_core.package_identification:_identify(.) by extensions ['colcon_meta']
[2.906s] Level 1:colcon.colcon_core.package_identification:_identify(.) by extension 'colcon_meta'
[2.908s] Level 1:colcon.colcon_core.package_identification:_identify(.) by extensions ['ros']
[2.909s] Level 1:colcon.colcon_core.package_identification:_identify(.) by extension 'ros'
[3.033s] Level 1:colcon.colcon_core.package_identification:_identify(.) by extensions ['cmake', 'python']
[3.035s] Level 1:colcon.colcon_core.package_identification:_identify(.) by extension 'cmake'
[3.036s] Level 1:colcon.colcon_core.package_identification:_identify(.) by extension 'python'
[3.037s] Level 1:colcon.colcon_core.package_identification:_identify(.) by extensions ['python_setup_py']
[3.038s] Level 1:colcon.colcon_core.package_identification:_identify(.) by extension 'python_setup_py'
[3.039s] Level 1:colcon.colcon_core.package_identification:_identify(build) by extensions ['ignore', 'ignore_ament_install']
[3.041s] Level 1:colcon.colcon_core.package_identification:_identify(build) by extension 'ignore'
[3.042s] Level 1:colcon.colcon_core.package_identification:_identify(build) ignored
[3.044s] Level 1:colcon.colcon_core.package_identification:_identify(install) by extensions ['ignore', 'ignore_ament_install']
[3.046s] Level 1:colcon.colcon_core.package_identification:_identify(install) by extension 'ignore'
[3.047s] Level 1:colcon.colcon_core.package_identification:_identify(install) ignored
[3.049s] Level 1:colcon.colcon_core.package_identification:_identify(log) by extensions ['ignore', 'ignore_ament_install']
[3.050s] Level 1:colcon.colcon_core.package_identification:_identify(log) by extension 'ignore'
[3.051s] Level 1:colcon.colcon_core.package_identification:_identify(log) ignored
[3.053s] Level 1:colcon.colcon_core.package_identification:_identify(src) by extensions ['ignore', 'ignore_ament_install']
[3.054s] Level 1:colcon.colcon_core.package_identification:_identify(src) by extension 'ignore'
[3.055s] Level 1:colcon.colcon_core.package_identification:_identify(src) by extension 'ignore_ament_install'
[3.056s] Level 1:colcon.colcon_core.package_identification:_identify(src) by extensions ['colcon_pkg']
[3.057s] Level 1:colcon.colcon_core.package_identification:_identify(src) by extension 'colcon_pkg'
[3.057s] Level 1:colcon.colcon_core.package_identification:_identify(src) by extensions ['colcon_meta']
[3.058s] Level 1:colcon.colcon_core.package_identification:_identify(src) by extension 'colcon_meta'
[3.059s] Level 1:colcon.colcon_core.package_identification:_identify(src) by extensions ['ros']
[3.059s] Level 1:colcon.colcon_core.package_identification:_identify(src) by extension 'ros'
[3.060s] Level 1:colcon.colcon_core.package_identification:_identify(src) by extensions ['cmake', 'python']
[3.061s] Level 1:colcon.colcon_core.package_identification:_identify(src) by extension 'cmake'
[3.061s] Level 1:colcon.colcon_core.package_identification:_identify(src) by extension 'python'
[3.061s] Level 1:colcon.colcon_core.package_identification:_identify(src) by extensions ['python_setup_py']
[3.062s] Level 1:colcon.colcon_core.package_identification:_identify(src) by extension 'python_setup_py'
[3.063s] Level 1:colcon.colcon_core.package_identification:_identify(src/radr_sensor_hub) by extensions ['ignore', 'ignore_ament_install']
[3.063s] Level 1:colcon.colcon_core.package_identification:_identify(src/radr_sensor_hub) by extension 'ignore'
[3.064s] Level 1:colcon.colcon_core.package_identification:_identify(src/radr_sensor_hub) by extension 'ignore_ament_install'
[3.064s] Level 1:colcon.colcon_core.package_identification:_identify(src/radr_sensor_hub) by extensions ['colcon_pkg']
[3.064s] Level 1:colcon.colcon_core.package_identification:_identify(src/radr_sensor_hub) by extension 'colcon_pkg'
[3.065s] Level 1:colcon.colcon_core.package_identification:_identify(src/radr_sensor_hub) by extensions ['colcon_meta']
[3.065s] Level 1:colcon.colcon_core.package_identification:_identify(src/radr_sensor_hub) by extension 'colcon_meta'
[3.065s] Level 1:colcon.colcon_core.package_identification:_identify(src/radr_sensor_hub) by extensions ['ros']
[3.066s] Level 1:colcon.colcon_core.package_identification:_identify(src/radr_sensor_hub) by extension 'ros'
[3.083s] DEBUG:colcon.colcon_core.package_identification:Failed to parse potential ROS package manifest in'src/radr_sensor_hub': Error(s) in package 'src/radr_sensor_hub/package.xml':
Invalid email "radr@localhost" for person "radr"
[3.084s] Level 1:colcon.colcon_core.package_identification:_identify(src/radr_sensor_hub) by extensions ['cmake', 'python']
[3.084s] Level 1:colcon.colcon_core.package_identification:_identify(src/radr_sensor_hub) by extension 'cmake'
[3.084s] Level 1:colcon.colcon_core.package_identification:_identify(src/radr_sensor_hub) by extension 'python'
[3.085s] DEBUG:colcon.colcon_core.package_identification:Python package in 'src/radr_sensor_hub' passes arguments to the setup() function which requires a different identification extension than 'python'
[3.086s] Level 1:colcon.colcon_core.package_identification:_identify(src/radr_sensor_hub) by extensions ['python_setup_py']
[3.086s] Level 1:colcon.colcon_core.package_identification:_identify(src/radr_sensor_hub) by extension 'python_setup_py'
[5.360s] DEBUG:colcon.colcon_core.package_identification:Package 'src/radr_sensor_hub' with type 'python' and name 'radr_sensor_hub'
[5.362s] Level 1:colcon.colcon_core.package_identification:_identify(systemd) by extensions ['ignore', 'ignore_ament_install']
[5.363s] Level 1:colcon.colcon_core.package_identification:_identify(systemd) by extension 'ignore'
[5.364s] Level 1:colcon.colcon_core.package_identification:_identify(systemd) by extension 'ignore_ament_install'
[5.365s] Level 1:colcon.colcon_core.package_identification:_identify(systemd) by extensions ['colcon_pkg']
[5.365s] Level 1:colcon.colcon_core.package_identification:_identify(systemd) by extension 'colcon_pkg'
[5.365s] Level 1:colcon.colcon_core.package_identification:_identify(systemd) by extensions ['colcon_meta']
[5.366s] Level 1:colcon.colcon_core.package_identification:_identify(systemd) by extension 'colcon_meta'
[5.366s] Level 1:colcon.colcon_core.package_identification:_identify(systemd) by extensions ['ros']
[5.367s] Level 1:colcon.colcon_core.package_identification:_identify(systemd) by extension 'ros'
[5.367s] Level 1:colcon.colcon_core.package_identification:_identify(systemd) by extensions ['cmake', 'python']
[5.367s] Level 1:colcon.colcon_core.package_identification:_identify(systemd) by extension 'cmake'
[5.368s] Level 1:colcon.colcon_core.package_identification:_identify(systemd) by extension 'python'
[5.369s] Level 1:colcon.colcon_core.package_identification:_identify(systemd) by extensions ['python_setup_py']
[5.369s] Level 1:colcon.colcon_core.package_identification:_identify(systemd) by extension 'python_setup_py'
[5.370s] Level 1:colcon.colcon_core.package_discovery:discover_packages(recursive) using defaults
[5.370s] Level 1:colcon.colcon_core.package_discovery:discover_packages(ignore) discover
[5.370s] Level 1:colcon.colcon_core.package_discovery:discover_packages(ignore) using defaults
[5.371s] Level 1:colcon.colcon_core.package_discovery:discover_packages(path) discover
[5.371s] Level 1:colcon.colcon_core.package_discovery:discover_packages(path) using defaults
