[3.845s] Invoking command in '/home/radr/Radr/ros2_ws/build/radr_sensor_hub': PS1=(venv) (venv) (venv) PYTHONPATH=/home/radr/Radr/ros2_ws/build/radr_sensor_hub/prefix_override:/usr/lib/python3/dist-packages/colcon_core/task/python/colcon_distutils_commands:/home/radr/Radr/ros2_ws/install/radr_sensor_hub/lib/python3.10/site-packages:${PYTHONPATH} VIRTUAL_ENV_PROMPT=(venv) /usr/bin/python3 -W ignore:setup.py install is deprecated -W ignore:easy_install command is deprecated setup.py develop --editable --build-directory /home/radr/Radr/ros2_ws/build/radr_sensor_hub/build --no-deps symlink_data
[5.603s] running develop
[7.074s] running egg_info
[7.075s] writing radr_sensor_hub.egg-info/PKG-INFO
[7.077s] writing dependency_links to radr_sensor_hub.egg-info/dependency_links.txt
[7.079s] writing entry points to radr_sensor_hub.egg-info/entry_points.txt
[7.081s] writing requirements to radr_sensor_hub.egg-info/requires.txt
[7.082s] writing top-level names to radr_sensor_hub.egg-info/top_level.txt
[7.092s] reading manifest file 'radr_sensor_hub.egg-info/SOURCES.txt'
[7.097s] writing manifest file 'radr_sensor_hub.egg-info/SOURCES.txt'
[7.105s] running build_ext
[7.106s] Creating /home/radr/Radr/ros2_ws/install/radr_sensor_hub/lib/python3.10/site-packages/radr-sensor-hub.egg-link (link to .)
[7.113s] Installing camera_node script to /home/radr/Radr/ros2_ws/install/radr_sensor_hub/lib/radr_sensor_hub
[7.114s] Installing dht22_node script to /home/radr/Radr/ros2_ws/install/radr_sensor_hub/lib/radr_sensor_hub
[7.118s] Installing imu_node script to /home/radr/Radr/ros2_ws/install/radr_sensor_hub/lib/radr_sensor_hub
[7.118s] Installing sync_node script to /home/radr/Radr/ros2_ws/install/radr_sensor_hub/lib/radr_sensor_hub
[7.120s] 
[7.121s] Installed /home/radr/Radr/ros2_ws/build/radr_sensor_hub
[7.122s] running symlink_data
[7.280s] Invoked command in '/home/radr/Radr/ros2_ws/build/radr_sensor_hub' returned '0': PS1=(venv) (venv) (venv) PYTHONPATH=/home/radr/Radr/ros2_ws/build/radr_sensor_hub/prefix_override:/usr/lib/python3/dist-packages/colcon_core/task/python/colcon_distutils_commands:/home/radr/Radr/ros2_ws/install/radr_sensor_hub/lib/python3.10/site-packages:${PYTHONPATH} VIRTUAL_ENV_PROMPT=(venv) /usr/bin/python3 -W ignore:setup.py install is deprecated -W ignore:easy_install command is deprecated setup.py develop --editable --build-directory /home/radr/Radr/ros2_ws/build/radr_sensor_hub/build --no-deps symlink_data
