-- The C compiler identification is GNU 11.4.0
-- The CXX compiler identification is GNU 11.4.0
-- Detecting C compiler ABI info
-- Detecting C compiler ABI info - done
-- Check for working C compiler: /usr/bin/cc - skipped
-- Detecting C compile features
-- Detecting C compile features - done
-- Detecting CXX compiler ABI info
-- Detecting CXX compiler ABI info - done
-- Check for working CXX compiler: /usr/bin/c++ - skipped
-- Detecting CXX compile features
-- Detecting CXX compile features - done
-- Found ament_cmake: 1.3.14 (/opt/ros/humble/share/ament_cmake/cmake)
-- Found Python3: /usr/bin/python3 (found version "3.10.12") found components: Interpreter 
-- Found std_msgs: 4.9.1 (/opt/ros/humble/share/std_msgs/cmake)
-- Found rosidl_generator_c: 3.1.8 (/opt/ros/humble/share/rosidl_generator_c/cmake)
-- Found rosidl_adapter: 3.1.8 (/opt/ros/humble/share/rosidl_adapter/cmake)
-- Found rosidl_generator_cpp: 3.1.8 (/opt/ros/humble/share/rosidl_generator_cpp/cmake)
-- Using all available rosidl_typesupport_c: rosidl_typesupport_fastrtps_c;rosidl_typesupport_introspection_c
-- Using all available rosidl_typesupport_cpp: rosidl_typesupport_fastrtps_cpp;rosidl_typesupport_introspection_cpp
-- Found rosidl_default_generators: 1.2.1 (/opt/ros/humble/share/rosidl_default_generators/cmake)
-- Found ament_cmake_ros: 0.10.0 (/opt/ros/humble/share/ament_cmake_ros/cmake)
-- Using all available rosidl_typesupport_c: rosidl_typesupport_fastrtps_c;rosidl_typesupport_introspection_c
-- Using all available rosidl_typesupport_cpp: rosidl_typesupport_fastrtps_cpp;rosidl_typesupport_introspection_cpp
-- Found PythonInterp: /usr/bin/python3 (found suitable version "3.10.12", minimum required is "3.6") 
-- Found python_cmake_module: 0.10.0 (/opt/ros/humble/share/python_cmake_module/cmake)
-- Found PythonLibs: /usr/lib/aarch64-linux-gnu/libpython3.10.so (found suitable version "3.10.12", minimum required is "3.5") 
-- Using PYTHON_EXECUTABLE: /usr/bin/python3
-- Using PYTHON_INCLUDE_DIRS: /usr/include/python3.10
-- Using PYTHON_LIBRARIES: /usr/lib/aarch64-linux-gnu/libpython3.10.so
-- Found PythonExtra: .so  
-- Configuring done
-- Generating done
-- Build files have been written to: /home/radr/Radr/ros2_ws/build/radr_gps_msgs
[  3%] Generating C code for ROS interfaces
[  6%] Generating C++ code for ROS interfaces
[  9%] Generating Rust code for ROS interfaces
[  9%] Built target ament_cmake_python_copy_radr_gps_msgs
[  9%] Built target radr_gps_msgs__cpp
[ 12%] Generating C++ introspection for ROS interfaces
[ 12%] Built target radr_gps_msgs__rs
[ 15%] Generating C++ type support dispatch for ROS interfaces
[ 18%] Building C object CMakeFiles/radr_gps_msgs__rosidl_generator_c.dir/rosidl_generator_c/radr_gps_msgs/msg/detail/gps_report__functions.c.o
running egg_info
creating radr_gps_msgs.egg-info
writing radr_gps_msgs.egg-info/PKG-INFO
writing dependency_links to radr_gps_msgs.egg-info/dependency_links.txt
writing top-level names to radr_gps_msgs.egg-info/top_level.txt
writing manifest file 'radr_gps_msgs.egg-info/SOURCES.txt'
reading manifest file 'radr_gps_msgs.egg-info/SOURCES.txt'
writing manifest file 'radr_gps_msgs.egg-info/SOURCES.txt'
[ 18%] Built target ament_cmake_python_build_radr_gps_msgs_egg
[ 21%] Generating C++ type support for eProsima Fast-RTPS
[ 25%] Linking C shared library libradr_gps_msgs__rosidl_generator_c.so
[ 28%] Building CXX object CMakeFiles/radr_gps_msgs__rosidl_typesupport_introspection_cpp.dir/rosidl_typesupport_introspection_cpp/radr_gps_msgs/msg/detail/gps_report__type_support.cpp.o
[ 31%] Building CXX object CMakeFiles/radr_gps_msgs__rosidl_typesupport_cpp.dir/rosidl_typesupport_cpp/radr_gps_msgs/msg/gps_report__type_support.cpp.o
[ 31%] Built target radr_gps_msgs__rosidl_generator_c
[ 34%] Generating C type support dispatch for ROS interfaces
[ 37%] Building CXX object CMakeFiles/radr_gps_msgs__rosidl_typesupport_fastrtps_cpp.dir/rosidl_typesupport_fastrtps_cpp/radr_gps_msgs/msg/detail/dds_fastrtps/gps_report__type_support.cpp.o
[ 40%] Building CXX object CMakeFiles/radr_gps_msgs__rosidl_typesupport_c.dir/rosidl_typesupport_c/radr_gps_msgs/msg/gps_report__type_support.cpp.o
[ 43%] Linking CXX shared library libradr_gps_msgs__rosidl_typesupport_c.so
[ 46%] Linking CXX shared library libradr_gps_msgs__rosidl_typesupport_cpp.so
[ 46%] Built target radr_gps_msgs__rosidl_typesupport_cpp
[ 46%] Built target radr_gps_msgs__rosidl_typesupport_c
[ 50%] Generating C introspection for ROS interfaces
[ 53%] Generating C type support for eProsima Fast-RTPS
[ 56%] Linking CXX shared library libradr_gps_msgs__rosidl_typesupport_introspection_cpp.so
[ 56%] Built target radr_gps_msgs__rosidl_typesupport_introspection_cpp
[ 59%] Linking CXX shared library libradr_gps_msgs__rosidl_typesupport_fastrtps_cpp.so
[ 62%] Building C object CMakeFiles/radr_gps_msgs__rosidl_typesupport_introspection_c.dir/rosidl_typesupport_introspection_c/radr_gps_msgs/msg/detail/gps_report__type_support.c.o
[ 65%] Building CXX object CMakeFiles/radr_gps_msgs__rosidl_typesupport_fastrtps_c.dir/rosidl_typesupport_fastrtps_c/radr_gps_msgs/msg/detail/gps_report__type_support_c.cpp.o
[ 65%] Built target radr_gps_msgs__rosidl_typesupport_fastrtps_cpp
[ 68%] Linking C shared library libradr_gps_msgs__rosidl_typesupport_introspection_c.so
[ 68%] Built target radr_gps_msgs__rosidl_typesupport_introspection_c
[ 71%] Linking CXX shared library libradr_gps_msgs__rosidl_typesupport_fastrtps_c.so
[ 71%] Built target radr_gps_msgs__rosidl_typesupport_fastrtps_c
[ 71%] Built target radr_gps_msgs
[ 75%] Generating Python code for ROS interfaces
[ 75%] Built target radr_gps_msgs__py
[ 78%] Building C object CMakeFiles/radr_gps_msgs__rosidl_generator_py.dir/rosidl_generator_py/radr_gps_msgs/msg/_gps_report_s.c.o
[ 81%] Linking C shared library rosidl_generator_py/radr_gps_msgs/libradr_gps_msgs__rosidl_generator_py.so
[ 81%] Built target radr_gps_msgs__rosidl_generator_py
[ 84%] Building C object CMakeFiles/radr_gps_msgs__rosidl_typesupport_introspection_c__pyext.dir/rosidl_generator_py/radr_gps_msgs/_radr_gps_msgs_s.ep.rosidl_typesupport_introspection_c.c.o
[ 87%] Building C object CMakeFiles/radr_gps_msgs__rosidl_typesupport_c__pyext.dir/rosidl_generator_py/radr_gps_msgs/_radr_gps_msgs_s.ep.rosidl_typesupport_c.c.o
[ 90%] Building C object CMakeFiles/radr_gps_msgs__rosidl_typesupport_fastrtps_c__pyext.dir/rosidl_generator_py/radr_gps_msgs/_radr_gps_msgs_s.ep.rosidl_typesupport_fastrtps_c.c.o
[ 93%] Linking C shared library rosidl_generator_py/radr_gps_msgs/radr_gps_msgs_s__rosidl_typesupport_c.cpython-310-aarch64-linux-gnu.so
[ 96%] Linking C shared library rosidl_generator_py/radr_gps_msgs/radr_gps_msgs_s__rosidl_typesupport_introspection_c.cpython-310-aarch64-linux-gnu.so
[100%] Linking C shared library rosidl_generator_py/radr_gps_msgs/radr_gps_msgs_s__rosidl_typesupport_fastrtps_c.cpython-310-aarch64-linux-gnu.so
[100%] Built target radr_gps_msgs__rosidl_typesupport_introspection_c__pyext
[100%] Built target radr_gps_msgs__rosidl_typesupport_fastrtps_c__pyext
[100%] Built target radr_gps_msgs__rosidl_typesupport_c__pyext
-- Install configuration: ""
-- Installing: /home/radr/Radr/ros2_ws/install/radr_gps_msgs/share/ament_index/resource_index/rosidl_interfaces/radr_gps_msgs
-- Installing: /home/radr/Radr/ros2_ws/install/radr_gps_msgs/include/radr_gps_msgs/radr_gps_msgs
-- Installing: /home/radr/Radr/ros2_ws/install/radr_gps_msgs/include/radr_gps_msgs/radr_gps_msgs/msg
-- Installing: /home/radr/Radr/ros2_ws/install/radr_gps_msgs/include/radr_gps_msgs/radr_gps_msgs/msg/rosidl_generator_c__visibility_control.h
-- Installing: /home/radr/Radr/ros2_ws/install/radr_gps_msgs/include/radr_gps_msgs/radr_gps_msgs/msg/detail
-- Installing: /home/radr/Radr/ros2_ws/install/radr_gps_msgs/include/radr_gps_msgs/radr_gps_msgs/msg/detail/gps_report__struct.h
-- Installing: /home/radr/Radr/ros2_ws/install/radr_gps_msgs/include/radr_gps_msgs/radr_gps_msgs/msg/detail/gps_report__type_support.h
-- Installing: /home/radr/Radr/ros2_ws/install/radr_gps_msgs/include/radr_gps_msgs/radr_gps_msgs/msg/detail/gps_report__functions.c
-- Installing: /home/radr/Radr/ros2_ws/install/radr_gps_msgs/include/radr_gps_msgs/radr_gps_msgs/msg/detail/gps_report__functions.h
-- Installing: /home/radr/Radr/ros2_ws/install/radr_gps_msgs/include/radr_gps_msgs/radr_gps_msgs/msg/gps_report.h
-- Installing: /home/radr/Radr/ros2_ws/install/radr_gps_msgs/share/radr_gps_msgs/environment/library_path.sh
-- Installing: /home/radr/Radr/ros2_ws/install/radr_gps_msgs/share/radr_gps_msgs/environment/library_path.dsv
-- Installing: /home/radr/Radr/ros2_ws/install/radr_gps_msgs/lib/libradr_gps_msgs__rosidl_generator_c.so
-- Set runtime path of "/home/radr/Radr/ros2_ws/install/radr_gps_msgs/lib/libradr_gps_msgs__rosidl_generator_c.so" to ""
-- Up-to-date: /home/radr/Radr/ros2_ws/install/radr_gps_msgs/include/radr_gps_msgs/radr_gps_msgs
-- Up-to-date: /home/radr/Radr/ros2_ws/install/radr_gps_msgs/include/radr_gps_msgs/radr_gps_msgs/msg
-- Up-to-date: /home/radr/Radr/ros2_ws/install/radr_gps_msgs/include/radr_gps_msgs/radr_gps_msgs/msg/detail
-- Installing: /home/radr/Radr/ros2_ws/install/radr_gps_msgs/include/radr_gps_msgs/radr_gps_msgs/msg/detail/gps_report__rosidl_typesupport_fastrtps_c.h
-- Installing: /home/radr/Radr/ros2_ws/install/radr_gps_msgs/include/radr_gps_msgs/radr_gps_msgs/msg/rosidl_typesupport_fastrtps_c__visibility_control.h
-- Installing: /home/radr/Radr/ros2_ws/install/radr_gps_msgs/lib/libradr_gps_msgs__rosidl_typesupport_fastrtps_c.so
-- Set runtime path of "/home/radr/Radr/ros2_ws/install/radr_gps_msgs/lib/libradr_gps_msgs__rosidl_typesupport_fastrtps_c.so" to ""
-- Up-to-date: /home/radr/Radr/ros2_ws/install/radr_gps_msgs/include/radr_gps_msgs/radr_gps_msgs
-- Up-to-date: /home/radr/Radr/ros2_ws/install/radr_gps_msgs/include/radr_gps_msgs/radr_gps_msgs/msg
-- Installing: /home/radr/Radr/ros2_ws/install/radr_gps_msgs/include/radr_gps_msgs/radr_gps_msgs/msg/rosidl_generator_cpp__visibility_control.hpp
-- Up-to-date: /home/radr/Radr/ros2_ws/install/radr_gps_msgs/include/radr_gps_msgs/radr_gps_msgs/msg/detail
-- Installing: /home/radr/Radr/ros2_ws/install/radr_gps_msgs/include/radr_gps_msgs/radr_gps_msgs/msg/detail/gps_report__struct.hpp
-- Installing: /home/radr/Radr/ros2_ws/install/radr_gps_msgs/include/radr_gps_msgs/radr_gps_msgs/msg/detail/gps_report__type_support.hpp
-- Installing: /home/radr/Radr/ros2_ws/install/radr_gps_msgs/include/radr_gps_msgs/radr_gps_msgs/msg/detail/gps_report__builder.hpp
-- Installing: /home/radr/Radr/ros2_ws/install/radr_gps_msgs/include/radr_gps_msgs/radr_gps_msgs/msg/detail/gps_report__traits.hpp
-- Installing: /home/radr/Radr/ros2_ws/install/radr_gps_msgs/include/radr_gps_msgs/radr_gps_msgs/msg/gps_report.hpp
-- Up-to-date: /home/radr/Radr/ros2_ws/install/radr_gps_msgs/include/radr_gps_msgs/radr_gps_msgs
-- Up-to-date: /home/radr/Radr/ros2_ws/install/radr_gps_msgs/include/radr_gps_msgs/radr_gps_msgs/msg
-- Installing: /home/radr/Radr/ros2_ws/install/radr_gps_msgs/include/radr_gps_msgs/radr_gps_msgs/msg/rosidl_typesupport_fastrtps_cpp__visibility_control.h
-- Up-to-date: /home/radr/Radr/ros2_ws/install/radr_gps_msgs/include/radr_gps_msgs/radr_gps_msgs/msg/detail
-- Installing: /home/radr/Radr/ros2_ws/install/radr_gps_msgs/include/radr_gps_msgs/radr_gps_msgs/msg/detail/dds_fastrtps
-- Installing: /home/radr/Radr/ros2_ws/install/radr_gps_msgs/include/radr_gps_msgs/radr_gps_msgs/msg/detail/gps_report__rosidl_typesupport_fastrtps_cpp.hpp
-- Installing: /home/radr/Radr/ros2_ws/install/radr_gps_msgs/lib/libradr_gps_msgs__rosidl_typesupport_fastrtps_cpp.so
-- Set runtime path of "/home/radr/Radr/ros2_ws/install/radr_gps_msgs/lib/libradr_gps_msgs__rosidl_typesupport_fastrtps_cpp.so" to ""
-- Up-to-date: /home/radr/Radr/ros2_ws/install/radr_gps_msgs/include/radr_gps_msgs/radr_gps_msgs
-- Up-to-date: /home/radr/Radr/ros2_ws/install/radr_gps_msgs/include/radr_gps_msgs/radr_gps_msgs/msg
-- Up-to-date: /home/radr/Radr/ros2_ws/install/radr_gps_msgs/include/radr_gps_msgs/radr_gps_msgs/msg/detail
-- Installing: /home/radr/Radr/ros2_ws/install/radr_gps_msgs/include/radr_gps_msgs/radr_gps_msgs/msg/detail/gps_report__type_support.c
-- Installing: /home/radr/Radr/ros2_ws/install/radr_gps_msgs/include/radr_gps_msgs/radr_gps_msgs/msg/detail/gps_report__rosidl_typesupport_introspection_c.h
-- Installing: /home/radr/Radr/ros2_ws/install/radr_gps_msgs/include/radr_gps_msgs/radr_gps_msgs/msg/rosidl_typesupport_introspection_c__visibility_control.h
-- Installing: /home/radr/Radr/ros2_ws/install/radr_gps_msgs/lib/libradr_gps_msgs__rosidl_typesupport_introspection_c.so
-- Set runtime path of "/home/radr/Radr/ros2_ws/install/radr_gps_msgs/lib/libradr_gps_msgs__rosidl_typesupport_introspection_c.so" to ""
-- Installing: /home/radr/Radr/ros2_ws/install/radr_gps_msgs/lib/libradr_gps_msgs__rosidl_typesupport_c.so
-- Set runtime path of "/home/radr/Radr/ros2_ws/install/radr_gps_msgs/lib/libradr_gps_msgs__rosidl_typesupport_c.so" to ""
-- Up-to-date: /home/radr/Radr/ros2_ws/install/radr_gps_msgs/include/radr_gps_msgs/radr_gps_msgs
-- Up-to-date: /home/radr/Radr/ros2_ws/install/radr_gps_msgs/include/radr_gps_msgs/radr_gps_msgs/msg
-- Up-to-date: /home/radr/Radr/ros2_ws/install/radr_gps_msgs/include/radr_gps_msgs/radr_gps_msgs/msg/detail
-- Installing: /home/radr/Radr/ros2_ws/install/radr_gps_msgs/include/radr_gps_msgs/radr_gps_msgs/msg/detail/gps_report__type_support.cpp
-- Installing: /home/radr/Radr/ros2_ws/install/radr_gps_msgs/include/radr_gps_msgs/radr_gps_msgs/msg/detail/gps_report__rosidl_typesupport_introspection_cpp.hpp
-- Installing: /home/radr/Radr/ros2_ws/install/radr_gps_msgs/lib/libradr_gps_msgs__rosidl_typesupport_introspection_cpp.so
-- Set runtime path of "/home/radr/Radr/ros2_ws/install/radr_gps_msgs/lib/libradr_gps_msgs__rosidl_typesupport_introspection_cpp.so" to ""
-- Installing: /home/radr/Radr/ros2_ws/install/radr_gps_msgs/lib/libradr_gps_msgs__rosidl_typesupport_cpp.so
-- Set runtime path of "/home/radr/Radr/ros2_ws/install/radr_gps_msgs/lib/libradr_gps_msgs__rosidl_typesupport_cpp.so" to ""
-- Installing: /home/radr/Radr/ros2_ws/install/radr_gps_msgs/share/radr_gps_msgs/environment/pythonpath.sh
-- Installing: /home/radr/Radr/ros2_ws/install/radr_gps_msgs/share/radr_gps_msgs/environment/pythonpath.dsv
-- Installing: /home/radr/Radr/ros2_ws/install/radr_gps_msgs/local/lib/python3.10/dist-packages/radr_gps_msgs-0.1.0-py3.10.egg-info
-- Installing: /home/radr/Radr/ros2_ws/install/radr_gps_msgs/local/lib/python3.10/dist-packages/radr_gps_msgs-0.1.0-py3.10.egg-info/PKG-INFO
-- Installing: /home/radr/Radr/ros2_ws/install/radr_gps_msgs/local/lib/python3.10/dist-packages/radr_gps_msgs-0.1.0-py3.10.egg-info/top_level.txt
-- Installing: /home/radr/Radr/ros2_ws/install/radr_gps_msgs/local/lib/python3.10/dist-packages/radr_gps_msgs-0.1.0-py3.10.egg-info/dependency_links.txt
-- Installing: /home/radr/Radr/ros2_ws/install/radr_gps_msgs/local/lib/python3.10/dist-packages/radr_gps_msgs-0.1.0-py3.10.egg-info/SOURCES.txt
-- Installing: /home/radr/Radr/ros2_ws/install/radr_gps_msgs/local/lib/python3.10/dist-packages/radr_gps_msgs
-- Installing: /home/radr/Radr/ros2_ws/install/radr_gps_msgs/local/lib/python3.10/dist-packages/radr_gps_msgs/radr_gps_msgs_s__rosidl_typesupport_introspection_c.cpython-310-aarch64-linux-gnu.so
-- Installing: /home/radr/Radr/ros2_ws/install/radr_gps_msgs/local/lib/python3.10/dist-packages/radr_gps_msgs/msg
-- Installing: /home/radr/Radr/ros2_ws/install/radr_gps_msgs/local/lib/python3.10/dist-packages/radr_gps_msgs/msg/_gps_report.py
-- Installing: /home/radr/Radr/ros2_ws/install/radr_gps_msgs/local/lib/python3.10/dist-packages/radr_gps_msgs/msg/__init__.py
-- Installing: /home/radr/Radr/ros2_ws/install/radr_gps_msgs/local/lib/python3.10/dist-packages/radr_gps_msgs/msg/_gps_report_s.c
-- Installing: /home/radr/Radr/ros2_ws/install/radr_gps_msgs/local/lib/python3.10/dist-packages/radr_gps_msgs/libradr_gps_msgs__rosidl_generator_py.so
-- Installing: /home/radr/Radr/ros2_ws/install/radr_gps_msgs/local/lib/python3.10/dist-packages/radr_gps_msgs/_radr_gps_msgs_s.ep.rosidl_typesupport_c.c
-- Installing: /home/radr/Radr/ros2_ws/install/radr_gps_msgs/local/lib/python3.10/dist-packages/radr_gps_msgs/_radr_gps_msgs_s.ep.rosidl_typesupport_fastrtps_c.c
-- Installing: /home/radr/Radr/ros2_ws/install/radr_gps_msgs/local/lib/python3.10/dist-packages/radr_gps_msgs/__init__.py
-- Installing: /home/radr/Radr/ros2_ws/install/radr_gps_msgs/local/lib/python3.10/dist-packages/radr_gps_msgs/_radr_gps_msgs_s.ep.rosidl_typesupport_introspection_c.c
-- Installing: /home/radr/Radr/ros2_ws/install/radr_gps_msgs/local/lib/python3.10/dist-packages/radr_gps_msgs/radr_gps_msgs_s__rosidl_typesupport_fastrtps_c.cpython-310-aarch64-linux-gnu.so
-- Installing: /home/radr/Radr/ros2_ws/install/radr_gps_msgs/local/lib/python3.10/dist-packages/radr_gps_msgs/radr_gps_msgs_s__rosidl_typesupport_c.cpython-310-aarch64-linux-gnu.so
Listing '/home/radr/Radr/ros2_ws/install/radr_gps_msgs/local/lib/python3.10/dist-packages/radr_gps_msgs'...
Compiling '/home/radr/Radr/ros2_ws/install/radr_gps_msgs/local/lib/python3.10/dist-packages/radr_gps_msgs/__init__.py'...
Listing '/home/radr/Radr/ros2_ws/install/radr_gps_msgs/local/lib/python3.10/dist-packages/radr_gps_msgs/msg'...
Compiling '/home/radr/Radr/ros2_ws/install/radr_gps_msgs/local/lib/python3.10/dist-packages/radr_gps_msgs/msg/__init__.py'...
Compiling '/home/radr/Radr/ros2_ws/install/radr_gps_msgs/local/lib/python3.10/dist-packages/radr_gps_msgs/msg/_gps_report.py'...
-- Installing: /home/radr/Radr/ros2_ws/install/radr_gps_msgs/local/lib/python3.10/dist-packages/radr_gps_msgs/radr_gps_msgs_s__rosidl_typesupport_fastrtps_c.cpython-310-aarch64-linux-gnu.so
-- Set runtime path of "/home/radr/Radr/ros2_ws/install/radr_gps_msgs/local/lib/python3.10/dist-packages/radr_gps_msgs/radr_gps_msgs_s__rosidl_typesupport_fastrtps_c.cpython-310-aarch64-linux-gnu.so" to ""
-- Installing: /home/radr/Radr/ros2_ws/install/radr_gps_msgs/local/lib/python3.10/dist-packages/radr_gps_msgs/radr_gps_msgs_s__rosidl_typesupport_introspection_c.cpython-310-aarch64-linux-gnu.so
-- Set runtime path of "/home/radr/Radr/ros2_ws/install/radr_gps_msgs/local/lib/python3.10/dist-packages/radr_gps_msgs/radr_gps_msgs_s__rosidl_typesupport_introspection_c.cpython-310-aarch64-linux-gnu.so" to ""
-- Installing: /home/radr/Radr/ros2_ws/install/radr_gps_msgs/local/lib/python3.10/dist-packages/radr_gps_msgs/radr_gps_msgs_s__rosidl_typesupport_c.cpython-310-aarch64-linux-gnu.so
-- Set runtime path of "/home/radr/Radr/ros2_ws/install/radr_gps_msgs/local/lib/python3.10/dist-packages/radr_gps_msgs/radr_gps_msgs_s__rosidl_typesupport_c.cpython-310-aarch64-linux-gnu.so" to ""
-- Installing: /home/radr/Radr/ros2_ws/install/radr_gps_msgs/lib/libradr_gps_msgs__rosidl_generator_py.so
-- Set runtime path of "/home/radr/Radr/ros2_ws/install/radr_gps_msgs/lib/libradr_gps_msgs__rosidl_generator_py.so" to ""
-- Installing: /home/radr/Radr/ros2_ws/install/radr_gps_msgs/share/ament_index/resource_index/rust_packages/radr_gps_msgs
-- Installing: /home/radr/Radr/ros2_ws/install/radr_gps_msgs/share/radr_gps_msgs/rust
-- Installing: /home/radr/Radr/ros2_ws/install/radr_gps_msgs/share/radr_gps_msgs/rust/Cargo.toml
-- Installing: /home/radr/Radr/ros2_ws/install/radr_gps_msgs/share/radr_gps_msgs/rust/src
-- Installing: /home/radr/Radr/ros2_ws/install/radr_gps_msgs/share/radr_gps_msgs/rust/src/msg
-- Installing: /home/radr/Radr/ros2_ws/install/radr_gps_msgs/share/radr_gps_msgs/rust/src/msg/rmw.rs
-- Installing: /home/radr/Radr/ros2_ws/install/radr_gps_msgs/share/radr_gps_msgs/rust/src/msg.rs
-- Installing: /home/radr/Radr/ros2_ws/install/radr_gps_msgs/share/radr_gps_msgs/rust/src/lib.rs
-- Installing: /home/radr/Radr/ros2_ws/install/radr_gps_msgs/share/radr_gps_msgs/rust/build.rs
-- Installing: /home/radr/Radr/ros2_ws/install/radr_gps_msgs/share/radr_gps_msgs/msg/GpsReport.idl
-- Installing: /home/radr/Radr/ros2_ws/install/radr_gps_msgs/share/radr_gps_msgs/msg/GpsReport.msg
-- Installing: /home/radr/Radr/ros2_ws/install/radr_gps_msgs/share/ament_index/resource_index/package_run_dependencies/radr_gps_msgs
-- Installing: /home/radr/Radr/ros2_ws/install/radr_gps_msgs/share/ament_index/resource_index/parent_prefix_path/radr_gps_msgs
-- Installing: /home/radr/Radr/ros2_ws/install/radr_gps_msgs/share/radr_gps_msgs/environment/ament_prefix_path.sh
-- Installing: /home/radr/Radr/ros2_ws/install/radr_gps_msgs/share/radr_gps_msgs/environment/ament_prefix_path.dsv
-- Installing: /home/radr/Radr/ros2_ws/install/radr_gps_msgs/share/radr_gps_msgs/environment/path.sh
-- Installing: /home/radr/Radr/ros2_ws/install/radr_gps_msgs/share/radr_gps_msgs/environment/path.dsv
-- Installing: /home/radr/Radr/ros2_ws/install/radr_gps_msgs/share/radr_gps_msgs/local_setup.bash
-- Installing: /home/radr/Radr/ros2_ws/install/radr_gps_msgs/share/radr_gps_msgs/local_setup.sh
-- Installing: /home/radr/Radr/ros2_ws/install/radr_gps_msgs/share/radr_gps_msgs/local_setup.zsh
-- Installing: /home/radr/Radr/ros2_ws/install/radr_gps_msgs/share/radr_gps_msgs/local_setup.dsv
-- Installing: /home/radr/Radr/ros2_ws/install/radr_gps_msgs/share/radr_gps_msgs/package.dsv
-- Installing: /home/radr/Radr/ros2_ws/install/radr_gps_msgs/share/ament_index/resource_index/packages/radr_gps_msgs
-- Installing: /home/radr/Radr/ros2_ws/install/radr_gps_msgs/share/radr_gps_msgs/cmake/export_radr_gps_msgs__rosidl_generator_cExport.cmake
-- Installing: /home/radr/Radr/ros2_ws/install/radr_gps_msgs/share/radr_gps_msgs/cmake/export_radr_gps_msgs__rosidl_generator_cExport-noconfig.cmake
-- Installing: /home/radr/Radr/ros2_ws/install/radr_gps_msgs/share/radr_gps_msgs/cmake/export_radr_gps_msgs__rosidl_typesupport_fastrtps_cExport.cmake
-- Installing: /home/radr/Radr/ros2_ws/install/radr_gps_msgs/share/radr_gps_msgs/cmake/export_radr_gps_msgs__rosidl_typesupport_fastrtps_cExport-noconfig.cmake
-- Installing: /home/radr/Radr/ros2_ws/install/radr_gps_msgs/share/radr_gps_msgs/cmake/export_radr_gps_msgs__rosidl_generator_cppExport.cmake
-- Installing: /home/radr/Radr/ros2_ws/install/radr_gps_msgs/share/radr_gps_msgs/cmake/export_radr_gps_msgs__rosidl_typesupport_fastrtps_cppExport.cmake
-- Installing: /home/radr/Radr/ros2_ws/install/radr_gps_msgs/share/radr_gps_msgs/cmake/export_radr_gps_msgs__rosidl_typesupport_fastrtps_cppExport-noconfig.cmake
-- Installing: /home/radr/Radr/ros2_ws/install/radr_gps_msgs/share/radr_gps_msgs/cmake/radr_gps_msgs__rosidl_typesupport_introspection_cExport.cmake
-- Installing: /home/radr/Radr/ros2_ws/install/radr_gps_msgs/share/radr_gps_msgs/cmake/radr_gps_msgs__rosidl_typesupport_introspection_cExport-noconfig.cmake
-- Installing: /home/radr/Radr/ros2_ws/install/radr_gps_msgs/share/radr_gps_msgs/cmake/radr_gps_msgs__rosidl_typesupport_cExport.cmake
-- Installing: /home/radr/Radr/ros2_ws/install/radr_gps_msgs/share/radr_gps_msgs/cmake/radr_gps_msgs__rosidl_typesupport_cExport-noconfig.cmake
-- Installing: /home/radr/Radr/ros2_ws/install/radr_gps_msgs/share/radr_gps_msgs/cmake/radr_gps_msgs__rosidl_typesupport_introspection_cppExport.cmake
-- Installing: /home/radr/Radr/ros2_ws/install/radr_gps_msgs/share/radr_gps_msgs/cmake/radr_gps_msgs__rosidl_typesupport_introspection_cppExport-noconfig.cmake
-- Installing: /home/radr/Radr/ros2_ws/install/radr_gps_msgs/share/radr_gps_msgs/cmake/radr_gps_msgs__rosidl_typesupport_cppExport.cmake
-- Installing: /home/radr/Radr/ros2_ws/install/radr_gps_msgs/share/radr_gps_msgs/cmake/radr_gps_msgs__rosidl_typesupport_cppExport-noconfig.cmake
-- Installing: /home/radr/Radr/ros2_ws/install/radr_gps_msgs/share/radr_gps_msgs/cmake/export_radr_gps_msgs__rosidl_generator_pyExport.cmake
-- Installing: /home/radr/Radr/ros2_ws/install/radr_gps_msgs/share/radr_gps_msgs/cmake/export_radr_gps_msgs__rosidl_generator_pyExport-noconfig.cmake
-- Installing: /home/radr/Radr/ros2_ws/install/radr_gps_msgs/share/radr_gps_msgs/cmake/rosidl_cmake-extras.cmake
-- Installing: /home/radr/Radr/ros2_ws/install/radr_gps_msgs/share/radr_gps_msgs/cmake/ament_cmake_export_dependencies-extras.cmake
-- Installing: /home/radr/Radr/ros2_ws/install/radr_gps_msgs/share/radr_gps_msgs/cmake/ament_cmake_export_include_directories-extras.cmake
-- Installing: /home/radr/Radr/ros2_ws/install/radr_gps_msgs/share/radr_gps_msgs/cmake/ament_cmake_export_libraries-extras.cmake
-- Installing: /home/radr/Radr/ros2_ws/install/radr_gps_msgs/share/radr_gps_msgs/cmake/ament_cmake_export_targets-extras.cmake
-- Installing: /home/radr/Radr/ros2_ws/install/radr_gps_msgs/share/radr_gps_msgs/cmake/rosidl_cmake_export_typesupport_targets-extras.cmake
-- Installing: /home/radr/Radr/ros2_ws/install/radr_gps_msgs/share/radr_gps_msgs/cmake/rosidl_cmake_export_typesupport_libraries-extras.cmake
-- Installing: /home/radr/Radr/ros2_ws/install/radr_gps_msgs/share/radr_gps_msgs/cmake/radr_gps_msgsConfig.cmake
-- Installing: /home/radr/Radr/ros2_ws/install/radr_gps_msgs/share/radr_gps_msgs/cmake/radr_gps_msgsConfig-version.cmake
-- Installing: /home/radr/Radr/ros2_ws/install/radr_gps_msgs/share/radr_gps_msgs/package.xml
