[3.890s] Invoking command in '/home/radr/Radr/ros2_ws/build/radr_sensor_hub': PYTHONPATH=/home/radr/Radr/ros2_ws/build/radr_sensor_hub/prefix_override:/usr/lib/python3/dist-packages/colcon_core/task/python/colcon_distutils_commands:/home/radr/Radr/ros2_ws/install/radr_sensor_hub/lib/python3.10/site-packages:${PYTHONPATH} /usr/bin/python3 -W ignore:setup.py install is deprecated -W ignore:easy_install command is deprecated setup.py develop --editable --build-directory /home/radr/Radr/ros2_ws/build/radr_sensor_hub/build --no-deps symlink_data
[5.074s] running develop
[6.112s] running egg_info
[6.112s] creating radr_sensor_hub.egg-info
[6.114s] writing radr_sensor_hub.egg-info/PKG-INFO
[6.115s] writing dependency_links to radr_sensor_hub.egg-info/dependency_links.txt
[6.116s] writing entry points to radr_sensor_hub.egg-info/entry_points.txt
[6.119s] writing requirements to radr_sensor_hub.egg-info/requires.txt
[6.119s] writing top-level names to radr_sensor_hub.egg-info/top_level.txt
[6.120s] writing manifest file 'radr_sensor_hub.egg-info/SOURCES.txt'
[6.127s] reading manifest file 'radr_sensor_hub.egg-info/SOURCES.txt'
[6.131s] writing manifest file 'radr_sensor_hub.egg-info/SOURCES.txt'
[6.138s] running build_ext
[6.139s] Creating /home/radr/Radr/ros2_ws/install/radr_sensor_hub/lib/python3.10/site-packages/radr-sensor-hub.egg-link (link to .)
[6.143s] Installing camera_node script to /home/radr/Radr/ros2_ws/install/radr_sensor_hub/lib/radr_sensor_hub
[6.145s] Installing dht22_node script to /home/radr/Radr/ros2_ws/install/radr_sensor_hub/lib/radr_sensor_hub
[6.146s] Installing imu_node script to /home/radr/Radr/ros2_ws/install/radr_sensor_hub/lib/radr_sensor_hub
[6.148s] 
[6.149s] Installed /home/radr/Radr/ros2_ws/build/radr_sensor_hub
[6.150s] running symlink_data
[6.151s] creating /home/radr/Radr/ros2_ws/install/radr_sensor_hub/share
[6.152s] creating /home/radr/Radr/ros2_ws/install/radr_sensor_hub/share/ament_index
[6.152s] creating /home/radr/Radr/ros2_ws/install/radr_sensor_hub/share/ament_index/resource_index
[6.153s] creating /home/radr/Radr/ros2_ws/install/radr_sensor_hub/share/ament_index/resource_index/packages
[6.154s] symbolically linking /home/radr/Radr/ros2_ws/build/radr_sensor_hub/resource/radr_sensor_hub -> /home/radr/Radr/ros2_ws/install/radr_sensor_hub/share/ament_index/resource_index/packages
[6.155s] creating /home/radr/Radr/ros2_ws/install/radr_sensor_hub/share/radr_sensor_hub
[6.158s] symbolically linking /home/radr/Radr/ros2_ws/build/radr_sensor_hub/package.xml -> /home/radr/Radr/ros2_ws/install/radr_sensor_hub/share/radr_sensor_hub
[6.159s] creating /home/radr/Radr/ros2_ws/install/radr_sensor_hub/share/radr_sensor_hub/launch
[6.160s] symbolically linking /home/radr/Radr/ros2_ws/build/radr_sensor_hub/launch/sensor_suite.launch.py -> /home/radr/Radr/ros2_ws/install/radr_sensor_hub/share/radr_sensor_hub/launch
[6.307s] Invoked command in '/home/radr/Radr/ros2_ws/build/radr_sensor_hub' returned '0': PYTHONPATH=/home/radr/Radr/ros2_ws/build/radr_sensor_hub/prefix_override:/usr/lib/python3/dist-packages/colcon_core/task/python/colcon_distutils_commands:/home/radr/Radr/ros2_ws/install/radr_sensor_hub/lib/python3.10/site-packages:${PYTHONPATH} /usr/bin/python3 -W ignore:setup.py install is deprecated -W ignore:easy_install command is deprecated setup.py develop --editable --build-directory /home/radr/Radr/ros2_ws/build/radr_sensor_hub/build --no-deps symlink_data
