[3.123s] Invoking command in '/home/radr/Radr/ros2_ws/build/radr_sensor_hub': PYTHONPATH=/home/radr/Radr/ros2_ws/build/radr_sensor_hub/prefix_override:/usr/lib/python3/dist-packages/colcon_core/task/python/colcon_distutils_commands:/home/radr/Radr/ros2_ws/install/radr_sensor_hub/lib/python3.10/site-packages:${PYTHONPATH} /usr/bin/python3 -W ignore:setup.py install is deprecated -W ignore:easy_install command is deprecated setup.py develop --editable --build-directory /home/radr/Radr/ros2_ws/build/radr_sensor_hub/build --no-deps symlink_data
[4.498s] running develop
[5.397s] running egg_info
[5.397s] writing radr_sensor_hub.egg-info/PKG-INFO
[5.399s] writing dependency_links to radr_sensor_hub.egg-info/dependency_links.txt
[5.401s] writing entry points to radr_sensor_hub.egg-info/entry_points.txt
[5.402s] writing requirements to radr_sensor_hub.egg-info/requires.txt
[5.403s] writing top-level names to radr_sensor_hub.egg-info/top_level.txt
[5.411s] reading manifest file 'radr_sensor_hub.egg-info/SOURCES.txt'
[5.415s] writing manifest file 'radr_sensor_hub.egg-info/SOURCES.txt'
[5.421s] running build_ext
[5.423s] Creating /home/radr/Radr/ros2_ws/install/radr_sensor_hub/lib/python3.10/site-packages/radr-sensor-hub.egg-link (link to .)
[5.427s] Installing camera_node script to /home/radr/Radr/ros2_ws/install/radr_sensor_hub/lib/radr_sensor_hub
[5.430s] Installing dht22_node script to /home/radr/Radr/ros2_ws/install/radr_sensor_hub/lib/radr_sensor_hub
[5.431s] Installing imu_node script to /home/radr/Radr/ros2_ws/install/radr_sensor_hub/lib/radr_sensor_hub
[5.434s] Installing sync_node script to /home/radr/Radr/ros2_ws/install/radr_sensor_hub/lib/radr_sensor_hub
[5.435s] 
[5.436s] Installed /home/radr/Radr/ros2_ws/build/radr_sensor_hub
[5.438s] running symlink_data
[5.592s] Invoked command in '/home/radr/Radr/ros2_ws/build/radr_sensor_hub' returned '0': PYTHONPATH=/home/radr/Radr/ros2_ws/build/radr_sensor_hub/prefix_override:/usr/lib/python3/dist-packages/colcon_core/task/python/colcon_distutils_commands:/home/radr/Radr/ros2_ws/install/radr_sensor_hub/lib/python3.10/site-packages:${PYTHONPATH} /usr/bin/python3 -W ignore:setup.py install is deprecated -W ignore:easy_install command is deprecated setup.py develop --editable --build-directory /home/radr/Radr/ros2_ws/build/radr_sensor_hub/build --no-deps symlink_data
