/home/radr/Radr/ros2_ws/install/radr_sensor_hub/lib/python3.10/site-packages/radr_sensor_hub/imu_node.py
/home/radr/Radr/ros2_ws/install/radr_sensor_hub/lib/python3.10/site-packages/radr_sensor_hub/dht22_node.py
/home/radr/Radr/ros2_ws/install/radr_sensor_hub/lib/python3.10/site-packages/radr_sensor_hub/__init__.py
/home/radr/Radr/ros2_ws/install/radr_sensor_hub/lib/python3.10/site-packages/radr_sensor_hub/sync_node.py
/home/radr/Radr/ros2_ws/install/radr_sensor_hub/lib/python3.10/site-packages/radr_sensor_hub/logging_utils.py
/home/radr/Radr/ros2_ws/install/radr_sensor_hub/lib/python3.10/site-packages/radr_sensor_hub/time_utils.py
/home/radr/Radr/ros2_ws/install/radr_sensor_hub/lib/python3.10/site-packages/radr_sensor_hub/storage.py
/home/radr/Radr/ros2_ws/install/radr_sensor_hub/lib/python3.10/site-packages/radr_sensor_hub/gps_node.py
/home/radr/Radr/ros2_ws/install/radr_sensor_hub/lib/python3.10/site-packages/radr_sensor_hub/camera_node.py
/home/radr/Radr/ros2_ws/install/radr_sensor_hub/lib/python3.10/site-packages/radr_sensor_hub/__pycache__/imu_node.cpython-310.pyc
/home/radr/Radr/ros2_ws/install/radr_sensor_hub/lib/python3.10/site-packages/radr_sensor_hub/__pycache__/dht22_node.cpython-310.pyc
/home/radr/Radr/ros2_ws/install/radr_sensor_hub/lib/python3.10/site-packages/radr_sensor_hub/__pycache__/__init__.cpython-310.pyc
/home/radr/Radr/ros2_ws/install/radr_sensor_hub/lib/python3.10/site-packages/radr_sensor_hub/__pycache__/sync_node.cpython-310.pyc
/home/radr/Radr/ros2_ws/install/radr_sensor_hub/lib/python3.10/site-packages/radr_sensor_hub/__pycache__/logging_utils.cpython-310.pyc
/home/radr/Radr/ros2_ws/install/radr_sensor_hub/lib/python3.10/site-packages/radr_sensor_hub/__pycache__/time_utils.cpython-310.pyc
/home/radr/Radr/ros2_ws/install/radr_sensor_hub/lib/python3.10/site-packages/radr_sensor_hub/__pycache__/storage.cpython-310.pyc
/home/radr/Radr/ros2_ws/install/radr_sensor_hub/lib/python3.10/site-packages/radr_sensor_hub/__pycache__/gps_node.cpython-310.pyc
/home/radr/Radr/ros2_ws/install/radr_sensor_hub/lib/python3.10/site-packages/radr_sensor_hub/__pycache__/camera_node.cpython-310.pyc
/home/radr/Radr/ros2_ws/install/radr_sensor_hub/share/ament_index/resource_index/packages/radr_sensor_hub
/home/radr/Radr/ros2_ws/install/radr_sensor_hub/share/radr_sensor_hub/package.xml
/home/radr/Radr/ros2_ws/install/radr_sensor_hub/share/radr_sensor_hub/launch/sensor_suite.launch.py
/home/radr/Radr/ros2_ws/install/radr_sensor_hub/lib/python3.10/site-packages/radr_sensor_hub-0.1.0-py3.10.egg-info/zip-safe
/home/radr/Radr/ros2_ws/install/radr_sensor_hub/lib/python3.10/site-packages/radr_sensor_hub-0.1.0-py3.10.egg-info/PKG-INFO
/home/radr/Radr/ros2_ws/install/radr_sensor_hub/lib/python3.10/site-packages/radr_sensor_hub-0.1.0-py3.10.egg-info/top_level.txt
/home/radr/Radr/ros2_ws/install/radr_sensor_hub/lib/python3.10/site-packages/radr_sensor_hub-0.1.0-py3.10.egg-info/requires.txt
/home/radr/Radr/ros2_ws/install/radr_sensor_hub/lib/python3.10/site-packages/radr_sensor_hub-0.1.0-py3.10.egg-info/entry_points.txt
/home/radr/Radr/ros2_ws/install/radr_sensor_hub/lib/python3.10/site-packages/radr_sensor_hub-0.1.0-py3.10.egg-info/dependency_links.txt
/home/radr/Radr/ros2_ws/install/radr_sensor_hub/lib/python3.10/site-packages/radr_sensor_hub-0.1.0-py3.10.egg-info/SOURCES.txt
/home/radr/Radr/ros2_ws/install/radr_sensor_hub/lib/radr_sensor_hub/camera_node
/home/radr/Radr/ros2_ws/install/radr_sensor_hub/lib/radr_sensor_hub/dht22_node
/home/radr/Radr/ros2_ws/install/radr_sensor_hub/lib/radr_sensor_hub/gps_node
/home/radr/Radr/ros2_ws/install/radr_sensor_hub/lib/radr_sensor_hub/imu_node
/home/radr/Radr/ros2_ws/install/radr_sensor_hub/lib/radr_sensor_hub/sync_node
