[0.000000] (-) TimerEvent: {}
[0.000548] (radr_sensor_hub) JobQueued: {'identifier': 'radr_sensor_hub', 'dependencies': OrderedDict()}
[0.000823] (radr_sensor_hub) JobStarted: {'identifier': 'radr_sensor_hub'}
[0.101931] (-) TimerEvent: {}
[0.202494] (-) TimerEvent: {}
[0.302954] (-) TimerEvent: {}
[0.403547] (-) TimerEvent: {}
[0.504135] (-) TimerEvent: {}
[0.605557] (-) TimerEvent: {}
[0.706719] (-) TimerEvent: {}
[0.807911] (-) TimerEvent: {}
[0.908427] (-) TimerEvent: {}
[1.008986] (-) TimerEvent: {}
[1.109597] (-) TimerEvent: {}
[1.210706] (-) TimerEvent: {}
[1.311255] (-) TimerEvent: {}
[1.411765] (-) TimerEvent: {}
[1.512539] (-) TimerEvent: {}
[1.613018] (-) TimerEvent: {}
[1.713485] (-) TimerEvent: {}
[1.814122] (-) TimerEvent: {}
[1.914933] (-) TimerEvent: {}
[2.015906] (-) TimerEvent: {}
[2.116404] (-) TimerEvent: {}
[2.217206] (-) TimerEvent: {}
[2.318691] (-) TimerEvent: {}
[2.419319] (-) TimerEvent: {}
[2.519840] (-) TimerEvent: {}
[2.620738] (-) TimerEvent: {}
[2.723595] (-) TimerEvent: {}
[2.824633] (-) TimerEvent: {}
[2.925933] (-) TimerEvent: {}
[3.026571] (-) TimerEvent: {}
[3.127432] (-) TimerEvent: {}
[3.227959] (-) TimerEvent: {}
[3.328512] (-) TimerEvent: {}
[3.429071] (-) TimerEvent: {}
[3.529602] (-) TimerEvent: {}
[3.630958] (-) TimerEvent: {}
[3.732580] (-) TimerEvent: {}
[3.833396] (-) TimerEvent: {}
[3.933826] (-) TimerEvent: {}
[4.034367] (-) TimerEvent: {}
[4.135510] (-) TimerEvent: {}
[4.236248] (-) TimerEvent: {}
[4.336687] (-) TimerEvent: {}
[4.437303] (-) TimerEvent: {}
[4.538228] (-) TimerEvent: {}
[4.638873] (-) TimerEvent: {}
[4.739464] (-) TimerEvent: {}
[4.840009] (-) TimerEvent: {}
[4.940580] (-) TimerEvent: {}
[5.041122] (-) TimerEvent: {}
[5.141873] (-) TimerEvent: {}
[5.242668] (-) TimerEvent: {}
[5.344054] (-) TimerEvent: {}
[5.444641] (-) TimerEvent: {}
[5.545905] (-) TimerEvent: {}
[5.647148] (-) TimerEvent: {}
[5.747955] (-) TimerEvent: {}
[5.848810] (-) TimerEvent: {}
[5.949896] (-) TimerEvent: {}
[6.051274] (-) TimerEvent: {}
[6.174532] (-) TimerEvent: {}
[6.222043] (radr_sensor_hub) Command: {'cmd': ['/usr/bin/python3', '-W', 'ignore:setup.py install is deprecated', '-W', 'ignore:easy_install command is deprecated', 'setup.py', 'develop', '--editable', '--build-directory', '/home/radr/Radr/ros2_ws/build/radr_sensor_hub/build', '--no-deps', 'symlink_data'], 'cwd': '/home/radr/Radr/ros2_ws/build/radr_sensor_hub', 'env': {'npm_config_devdir': '/tmp/cursor-sandbox-cache/533e44fcd51d929e3d9ba482ad0f1a1c/node-gyp', 'LESSOPEN': '| /usr/bin/lesspipe %s', 'VSCODE_CWD': '/home/radr', 'VSCODE_ESM_ENTRYPOINT': 'vs/workbench/api/node/extensionHostProcess', 'PUPPETEER_CACHE_DIR': '/tmp/cursor-sandbox-cache/533e44fcd51d929e3d9ba482ad0f1a1c/puppeteer', 'LANGUAGE': 'en', 'USER': 'radr', 'SSH_CLIENT': '100.82.113.115 60749 22', 'LC_TIME': 'C.UTF-8', 'VSCODE_NLS_CONFIG': '{"userLocale":"en","osLocale":"en","resolvedLanguage":"en","defaultMessagesFile":"/home/radr/.cursor-server/bin/linux-arm64/48a15759f53cd5fc9b5c20936ad7d79847d914b0/out/nls.messages.json","locale":"en","availableLanguages":{}}', 'CARGO_TARGET_DIR': '/tmp/cursor-sandbox-cache/533e44fcd51d929e3d9ba482ad0f1a1c/cargo-target', 'CCACHE_DIR': '/tmp/cursor-sandbox-cache/533e44fcd51d929e3d9ba482ad0f1a1c/ccache', 'VSCODE_HANDLES_UNCAUGHT_ERRORS': 'true', 'XDG_SESSION_TYPE': 'tty', 'CURSOR_RIPGREP_PATH': '/home/radr/.cursor-server/bin/linux-arm64/48a15759f53cd5fc9b5c20936ad7d79847d914b0/node_modules/@vscode/ripgrep/bin/rg', 'PIP_CACHE_DIR': '/tmp/cursor-sandbox-cache/533e44fcd51d929e3d9ba482ad0f1a1c/pip', 'NUGET_PACKAGES': '/tmp/cursor-sandbox-cache/533e44fcd51d929e3d9ba482ad0f1a1c/nuget', 'HOMEBREW_CACHE': '/tmp/cursor-sandbox-cache/533e44fcd51d929e3d9ba482ad0f1a1c/homebrew', 'SHLVL': '1', 'LD_LIBRARY_PATH': '/opt/ros/humble/opt/rviz_ogre_vendor/lib:/opt/ros/humble/lib/aarch64-linux-gnu:/opt/ros/humble/lib', 'BROWSER': '/home/radr/.cursor-server/bin/linux-arm64/48a15759f53cd5fc9b5c20936ad7d79847d914b0/bin/helpers/browser.sh', 'MOTD_SHOWN': 'pam', 'HOME': '/home/radr', 'VSCODE_IPC_HOOK_CLI': '/run/user/1000/vscode-ipc-607d7b58-8cc1-480d-b9d9-f7983928c8b1.sock', 'ROS_PYTHON_VERSION': '3', 'CURSOR_ORIG_UID': '1000', 'LC_MONETARY': 'C.UTF-8', 'NO_COLOR': '1', 'CONDA_PKGS_DIRS': '/tmp/cursor-sandbox-cache/533e44fcd51d929e3d9ba482ad0f1a1c/conda', 'DBUS_SESSION_BUS_ADDRESS': 'unix:path=/run/user/1000/bus', 'COMPOSER_HOME': '/tmp/cursor-sandbox-cache/533e44fcd51d929e3d9ba482ad0f1a1c/composer', 'VSCODE_L10N_BUNDLE_LOCATION': '', 'ROS_DISTRO': 'humble', 'OVSX_REGISTRY_URL': 'https://open-vsx.org', 'LOGNAME': 'radr', 'FORCE_COLOR': '0', 'VSCODE_HANDLES_SIGPIPE': 'true', 'BUN_INSTALL_CACHE_DIR': '/tmp/cursor-sandbox-cache/533e44fcd51d929e3d9ba482ad0f1a1c/bun', '_': '/usr/bin/colcon', 'ROS_VERSION': '2', 'CURSOR_LAYOUT': 'unifiedAgent', 'GOMODCACHE': '/tmp/cursor-sandbox-cache/533e44fcd51d929e3d9ba482ad0f1a1c/go-mod', 'XDG_SESSION_CLASS': 'user', 'CP_HOME_DIR': '/tmp/cursor-sandbox-cache/533e44fcd51d929e3d9ba482ad0f1a1c/cocoapods', 'TERM': 'dumb', 'XDG_SESSION_ID': '2', 'ROS_LOCALHOST_ONLY': '0', 'POETRY_CACHE_DIR': '/tmp/cursor-sandbox-cache/533e44fcd51d929e3d9ba482ad0f1a1c/poetry', 'PATH': '/home/radr/.local/bin:/home/radr/.cursor-server/bin/linux-arm64/48a15759f53cd5fc9b5c20936ad7d79847d914b0/bin/remote-cli:/home/radr/.local/bin:/opt/ros/humble/bin:/home/radr/.cursor-server/bin/linux-arm64/48a15759f53cd5fc9b5c20936ad7d79847d914b0/bin/remote-cli:/home/radr/.local/bin:/usr/local/sbin:/usr/local/bin:/usr/sbin:/usr/bin:/sbin:/bin:/usr/games:/usr/local/games:/snap/bin', 'YARN_CACHE_FOLDER': '/tmp/cursor-sandbox-cache/533e44fcd51d929e3d9ba482ad0f1a1c/yarn', 'VSCODE_AGENT_FOLDER': '/home/radr/.cursor-server', 'PAPERSIZE': 'a4', 'UV_CACHE_DIR': '/tmp/cursor-sandbox-cache/533e44fcd51d929e3d9ba482ad0f1a1c/uv', 'LC_ADDRESS': 'C.UTF-8', 'PLAYWRIGHT_BROWSERS_PATH': '/tmp/cursor-sandbox-cache/533e44fcd51d929e3d9ba482ad0f1a1c/playwright', 'XDG_RUNTIME_DIR': '/run/user/1000', 'BUNDLE_PATH': '/tmp/cursor-sandbox-cache/533e44fcd51d929e3d9ba482ad0f1a1c/bundle', 'CURSOR_AGENT': '1', 'LANG': 'en_US.UTF-8', 'NX_CACHE_DIRECTORY': '/tmp/cursor-sandbox-cache/533e44fcd51d929e3d9ba482ad0f1a1c/nx', 'LC_TELEPHONE': 'C.UTF-8', 'LS_COLORS': '', 'CYPRESS_CACHE_FOLDER': '/tmp/cursor-sandbox-cache/533e44fcd51d929e3d9ba482ad0f1a1c/cypress', 'PNPM_STORE_PATH': '/tmp/cursor-sandbox-cache/533e44fcd51d929e3d9ba482ad0f1a1c/pnpm-store', 'AMENT_PREFIX_PATH': '/opt/ros/humble', 'SHELL': '/bin/bash', 'LC_NAME': 'C.UTF-8', 'VSCODE_SERVER_SHUTDOWN_TIMEOUT': '300', 'GOCACHE': '/tmp/cursor-sandbox-cache/533e44fcd51d929e3d9ba482ad0f1a1c/go-build', 'ELECTRON_RUN_AS_NODE': '1', 'LESSCLOSE': '/usr/bin/lesspipe %s %s', 'LC_MEASUREMENT': 'C.UTF-8', 'LC_IDENTIFICATION': 'C.UTF-8', 'NPM_CONFIG_CACHE': '/tmp/cursor-sandbox-cache/533e44fcd51d929e3d9ba482ad0f1a1c/npm', 'PWD': '/home/radr/Radr/ros2_ws/build/radr_sensor_hub', 'GRADLE_USER_HOME': '/tmp/cursor-sandbox-cache/533e44fcd51d929e3d9ba482ad0f1a1c/gradle', 'LC_ALL': 'en_US.UTF-8', 'SSH_CONNECTION': '100.82.113.115 60749 100.110.47.15 22', 'CURSOR_ORIG_GID': '1000', 'XDG_DATA_DIRS': '/usr/share/gnome:/usr/local/share:/usr/share:/var/lib/snapd/desktop', 'PYTHONPATH': '/home/radr/Radr/ros2_ws/build/radr_sensor_hub/prefix_override:/usr/lib/python3/dist-packages/colcon_core/task/python/colcon_distutils_commands:/home/radr/Radr/ros2_ws/install/radr_sensor_hub/lib/python3.10/site-packages:/opt/ros/humble/lib/python3.10/site-packages:/opt/ros/humble/local/lib/python3.10/dist-packages', 'LC_NUMERIC': 'C.UTF-8', 'TURBO_CACHE_DIR': '/tmp/cursor-sandbox-cache/533e44fcd51d929e3d9ba482ad0f1a1c/turbo', 'LC_PAPER': 'C.UTF-8', 'COLCON': '1', '_ZO_DOCTOR': '0', 'GEM_SPEC_CACHE': '/tmp/cursor-sandbox-cache/533e44fcd51d929e3d9ba482ad0f1a1c/gem-specs'}, 'shell': False}
[6.274621] (-) TimerEvent: {}
[6.375372] (-) TimerEvent: {}
[6.476149] (-) TimerEvent: {}
[6.576623] (-) TimerEvent: {}
[6.677135] (-) TimerEvent: {}
[6.777838] (-) TimerEvent: {}
[6.878339] (-) TimerEvent: {}
[6.978822] (-) TimerEvent: {}
[7.079710] (-) TimerEvent: {}
[7.181831] (-) TimerEvent: {}
[7.282290] (-) TimerEvent: {}
[7.383237] (-) TimerEvent: {}
[7.483942] (-) TimerEvent: {}
[7.584935] (-) TimerEvent: {}
[7.685775] (-) TimerEvent: {}
[7.786260] (-) TimerEvent: {}
[7.887124] (-) TimerEvent: {}
[7.994334] (-) TimerEvent: {}
[8.095284] (-) TimerEvent: {}
[8.196019] (-) TimerEvent: {}
[8.296957] (-) TimerEvent: {}
[8.397446] (-) TimerEvent: {}
[8.497962] (-) TimerEvent: {}
[8.601838] (-) TimerEvent: {}
[8.702288] (-) TimerEvent: {}
[8.803105] (-) TimerEvent: {}
[8.904517] (-) TimerEvent: {}
[8.924717] (radr_sensor_hub) StdoutLine: {'line': b'running develop\n'}
[9.004787] (-) TimerEvent: {}
[9.105456] (-) TimerEvent: {}
[9.205864] (-) TimerEvent: {}
[9.306261] (-) TimerEvent: {}
[9.406736] (-) TimerEvent: {}
[9.507242] (-) TimerEvent: {}
[9.607772] (-) TimerEvent: {}
[9.708256] (-) TimerEvent: {}
[9.808716] (-) TimerEvent: {}
[9.909226] (-) TimerEvent: {}
[10.010032] (-) TimerEvent: {}
[10.110597] (-) TimerEvent: {}
[10.211355] (-) TimerEvent: {}
[10.311829] (-) TimerEvent: {}
[10.412366] (-) TimerEvent: {}
[10.513219] (-) TimerEvent: {}
[10.614380] (-) TimerEvent: {}
[10.715309] (-) TimerEvent: {}
[10.815868] (-) TimerEvent: {}
[10.916947] (-) TimerEvent: {}
[11.018514] (-) TimerEvent: {}
[11.099954] (radr_sensor_hub) StdoutLine: {'line': b'running egg_info\n'}
[11.118109] (radr_sensor_hub) StdoutLine: {'line': b'writing radr_sensor_hub.egg-info/PKG-INFO\n'}
[11.120327] (-) TimerEvent: {}
[11.120480] (radr_sensor_hub) StdoutLine: {'line': b'writing dependency_links to radr_sensor_hub.egg-info/dependency_links.txt\n'}
[11.124091] (radr_sensor_hub) StdoutLine: {'line': b'writing entry points to radr_sensor_hub.egg-info/entry_points.txt\n'}
[11.124849] (radr_sensor_hub) StdoutLine: {'line': b'writing requirements to radr_sensor_hub.egg-info/requires.txt\n'}
[11.125361] (radr_sensor_hub) StdoutLine: {'line': b'writing top-level names to radr_sensor_hub.egg-info/top_level.txt\n'}
[11.149272] (radr_sensor_hub) StdoutLine: {'line': b"reading manifest file 'radr_sensor_hub.egg-info/SOURCES.txt'\n"}
[11.156220] (radr_sensor_hub) StdoutLine: {'line': b"writing manifest file 'radr_sensor_hub.egg-info/SOURCES.txt'\n"}
[11.168238] (radr_sensor_hub) StdoutLine: {'line': b'running build_ext\n'}
[11.170637] (radr_sensor_hub) StdoutLine: {'line': b'Creating /home/radr/Radr/ros2_ws/install/radr_sensor_hub/lib/python3.10/site-packages/radr-sensor-hub.egg-link (link to .)\n'}
[11.179034] (radr_sensor_hub) StdoutLine: {'line': b'Installing camera_node script to /home/radr/Radr/ros2_ws/install/radr_sensor_hub/lib/radr_sensor_hub\n'}
[11.181093] (radr_sensor_hub) StdoutLine: {'line': b'Installing dht22_node script to /home/radr/Radr/ros2_ws/install/radr_sensor_hub/lib/radr_sensor_hub\n'}
[11.182427] (radr_sensor_hub) StdoutLine: {'line': b'Installing imu_node script to /home/radr/Radr/ros2_ws/install/radr_sensor_hub/lib/radr_sensor_hub\n'}
[11.184394] (radr_sensor_hub) StdoutLine: {'line': b'Installing sync_node script to /home/radr/Radr/ros2_ws/install/radr_sensor_hub/lib/radr_sensor_hub\n'}
[11.193186] (radr_sensor_hub) StdoutLine: {'line': b'\n'}
[11.195370] (radr_sensor_hub) StdoutLine: {'line': b'Installed /home/radr/Radr/ros2_ws/build/radr_sensor_hub\n'}
[11.197022] (radr_sensor_hub) StdoutLine: {'line': b'running symlink_data\n'}
[11.220707] (-) TimerEvent: {}
[11.321488] (-) TimerEvent: {}
[11.423114] (-) TimerEvent: {}
[11.437153] (radr_sensor_hub) CommandEnded: {'returncode': 0}
[11.525892] (-) TimerEvent: {}
[11.626329] (-) TimerEvent: {}
[11.648904] (radr_sensor_hub) JobEnded: {'identifier': 'radr_sensor_hub', 'rc': 0}
[11.656964] (-) EventReactorShutdown: {}
