running develop
running egg_info
creating radr_sensor_hub.egg-info
writing radr_sensor_hub.egg-info/PKG-INFO
writing dependency_links to radr_sensor_hub.egg-info/dependency_links.txt
writing entry points to radr_sensor_hub.egg-info/entry_points.txt
writing requirements to radr_sensor_hub.egg-info/requires.txt
writing top-level names to radr_sensor_hub.egg-info/top_level.txt
writing manifest file 'radr_sensor_hub.egg-info/SOURCES.txt'
reading manifest file 'radr_sensor_hub.egg-info/SOURCES.txt'
writing manifest file 'radr_sensor_hub.egg-info/SOURCES.txt'
running build_ext
Creating /home/radr/Radr/ros2_ws/install/radr_sensor_hub/lib/python3.10/site-packages/radr-sensor-hub.egg-link (link to .)
Installing camera_node script to /home/radr/Radr/ros2_ws/install/radr_sensor_hub/lib/radr_sensor_hub
Installing dht22_node script to /home/radr/Radr/ros2_ws/install/radr_sensor_hub/lib/radr_sensor_hub
Installing imu_node script to /home/radr/Radr/ros2_ws/install/radr_sensor_hub/lib/radr_sensor_hub
Installing sync_node script to /home/radr/Radr/ros2_ws/install/radr_sensor_hub/lib/radr_sensor_hub

Installed /home/radr/Radr/ros2_ws/build/radr_sensor_hub
running symlink_data
creating /home/radr/Radr/ros2_ws/install/radr_sensor_hub/share/ament_index
creating /home/radr/Radr/ros2_ws/install/radr_sensor_hub/share/ament_index/resource_index
creating /home/radr/Radr/ros2_ws/install/radr_sensor_hub/share/ament_index/resource_index/packages
symbolically linking /home/radr/Radr/ros2_ws/build/radr_sensor_hub/resource/radr_sensor_hub -> /home/radr/Radr/ros2_ws/install/radr_sensor_hub/share/ament_index/resource_index/packages
symbolically linking /home/radr/Radr/ros2_ws/build/radr_sensor_hub/package.xml -> /home/radr/Radr/ros2_ws/install/radr_sensor_hub/share/radr_sensor_hub
creating /home/radr/Radr/ros2_ws/install/radr_sensor_hub/share/radr_sensor_hub/launch
symbolically linking /home/radr/Radr/ros2_ws/build/radr_sensor_hub/launch/sensor_suite.launch.py -> /home/radr/Radr/ros2_ws/install/radr_sensor_hub/share/radr_sensor_hub/launch
