[3.010s] Invoking command in '/home/radr/Radr/ros2_ws/build/radr_sensor_hub': PYTHONPATH=/home/radr/Radr/ros2_ws/build/radr_sensor_hub/prefix_override:/usr/lib/python3/dist-packages/colcon_core/task/python/colcon_distutils_commands:/home/radr/Radr/ros2_ws/install/radr_sensor_hub/lib/python3.10/site-packages:${PYTHONPATH} /usr/bin/python3 -W ignore:setup.py install is deprecated -W ignore:easy_install command is deprecated setup.py develop --editable --build-directory /home/radr/Radr/ros2_ws/build/radr_sensor_hub/build --no-deps symlink_data
[4.590s] running develop
[5.424s] running egg_info
[5.424s] creating radr_sensor_hub.egg-info
[5.425s] writing radr_sensor_hub.egg-info/PKG-INFO
[5.427s] writing dependency_links to radr_sensor_hub.egg-info/dependency_links.txt
[5.427s] writing entry points to radr_sensor_hub.egg-info/entry_points.txt
[5.428s] writing requirements to radr_sensor_hub.egg-info/requires.txt
[5.429s] writing top-level names to radr_sensor_hub.egg-info/top_level.txt
[5.429s] writing manifest file 'radr_sensor_hub.egg-info/SOURCES.txt'
[5.435s] reading manifest file 'radr_sensor_hub.egg-info/SOURCES.txt'
[5.439s] writing manifest file 'radr_sensor_hub.egg-info/SOURCES.txt'
[5.445s] running build_ext
[5.446s] Creating /home/radr/Radr/ros2_ws/install/radr_sensor_hub/lib/python3.10/site-packages/radr-sensor-hub.egg-link (link to .)
[5.449s] Installing camera_node script to /home/radr/Radr/ros2_ws/install/radr_sensor_hub/lib/radr_sensor_hub
[5.450s] Installing dht22_node script to /home/radr/Radr/ros2_ws/install/radr_sensor_hub/lib/radr_sensor_hub
[5.451s] Installing imu_node script to /home/radr/Radr/ros2_ws/install/radr_sensor_hub/lib/radr_sensor_hub
[5.452s] Installing sync_node script to /home/radr/Radr/ros2_ws/install/radr_sensor_hub/lib/radr_sensor_hub
[5.454s] 
[5.455s] Installed /home/radr/Radr/ros2_ws/build/radr_sensor_hub
[5.456s] running symlink_data
[5.457s] creating /home/radr/Radr/ros2_ws/install/radr_sensor_hub/share/ament_index
[5.458s] creating /home/radr/Radr/ros2_ws/install/radr_sensor_hub/share/ament_index/resource_index
[5.458s] creating /home/radr/Radr/ros2_ws/install/radr_sensor_hub/share/ament_index/resource_index/packages
[5.459s] symbolically linking /home/radr/Radr/ros2_ws/build/radr_sensor_hub/resource/radr_sensor_hub -> /home/radr/Radr/ros2_ws/install/radr_sensor_hub/share/ament_index/resource_index/packages
[5.460s] symbolically linking /home/radr/Radr/ros2_ws/build/radr_sensor_hub/package.xml -> /home/radr/Radr/ros2_ws/install/radr_sensor_hub/share/radr_sensor_hub
[5.461s] creating /home/radr/Radr/ros2_ws/install/radr_sensor_hub/share/radr_sensor_hub/launch
[5.463s] symbolically linking /home/radr/Radr/ros2_ws/build/radr_sensor_hub/launch/sensor_suite.launch.py -> /home/radr/Radr/ros2_ws/install/radr_sensor_hub/share/radr_sensor_hub/launch
[5.594s] Invoked command in '/home/radr/Radr/ros2_ws/build/radr_sensor_hub' returned '0': PYTHONPATH=/home/radr/Radr/ros2_ws/build/radr_sensor_hub/prefix_override:/usr/lib/python3/dist-packages/colcon_core/task/python/colcon_distutils_commands:/home/radr/Radr/ros2_ws/install/radr_sensor_hub/lib/python3.10/site-packages:${PYTHONPATH} /usr/bin/python3 -W ignore:setup.py install is deprecated -W ignore:easy_install command is deprecated setup.py develop --editable --build-directory /home/radr/Radr/ros2_ws/build/radr_sensor_hub/build --no-deps symlink_data
