running develop
Removing /home/radr/Radr/ros2_ws/install/radr_sensor_hub/lib/python3.10/site-packages/radr-sensor-hub.egg-link (link to .)
running egg_info
writing ../../build/radr_sensor_hub/radr_sensor_hub.egg-info/PKG-INFO
writing dependency_links to ../../build/radr_sensor_hub/radr_sensor_hub.egg-info/dependency_links.txt
writing entry points to ../../build/radr_sensor_hub/radr_sensor_hub.egg-info/entry_points.txt
writing requirements to ../../build/radr_sensor_hub/radr_sensor_hub.egg-info/requires.txt
writing top-level names to ../../build/radr_sensor_hub/radr_sensor_hub.egg-info/top_level.txt
reading manifest file '../../build/radr_sensor_hub/radr_sensor_hub.egg-info/SOURCES.txt'
writing manifest file '../../build/radr_sensor_hub/radr_sensor_hub.egg-info/SOURCES.txt'
running build
running build_py
creating /home/radr/Radr/ros2_ws/build/radr_sensor_hub/build
creating /home/radr/Radr/ros2_ws/build/radr_sensor_hub/build/lib
creating /home/radr/Radr/ros2_ws/build/radr_sensor_hub/build/lib/radr_sensor_hub
copying radr_sensor_hub/imu_node.py -> /home/radr/Radr/ros2_ws/build/radr_sensor_hub/build/lib/radr_sensor_hub
copying radr_sensor_hub/dht22_node.py -> /home/radr/Radr/ros2_ws/build/radr_sensor_hub/build/lib/radr_sensor_hub
copying radr_sensor_hub/__init__.py -> /home/radr/Radr/ros2_ws/build/radr_sensor_hub/build/lib/radr_sensor_hub
copying radr_sensor_hub/sync_node.py -> /home/radr/Radr/ros2_ws/build/radr_sensor_hub/build/lib/radr_sensor_hub
copying radr_sensor_hub/logging_utils.py -> /home/radr/Radr/ros2_ws/build/radr_sensor_hub/build/lib/radr_sensor_hub
copying radr_sensor_hub/storage.py -> /home/radr/Radr/ros2_ws/build/radr_sensor_hub/build/lib/radr_sensor_hub
copying radr_sensor_hub/camera_node.py -> /home/radr/Radr/ros2_ws/build/radr_sensor_hub/build/lib/radr_sensor_hub
running install
running install_lib
creating /home/radr/Radr/ros2_ws/install/radr_sensor_hub/lib/python3.10/site-packages/radr_sensor_hub
copying /home/radr/Radr/ros2_ws/build/radr_sensor_hub/build/lib/radr_sensor_hub/imu_node.py -> /home/radr/Radr/ros2_ws/install/radr_sensor_hub/lib/python3.10/site-packages/radr_sensor_hub
copying /home/radr/Radr/ros2_ws/build/radr_sensor_hub/build/lib/radr_sensor_hub/dht22_node.py -> /home/radr/Radr/ros2_ws/install/radr_sensor_hub/lib/python3.10/site-packages/radr_sensor_hub
copying /home/radr/Radr/ros2_ws/build/radr_sensor_hub/build/lib/radr_sensor_hub/__init__.py -> /home/radr/Radr/ros2_ws/install/radr_sensor_hub/lib/python3.10/site-packages/radr_sensor_hub
copying /home/radr/Radr/ros2_ws/build/radr_sensor_hub/build/lib/radr_sensor_hub/sync_node.py -> /home/radr/Radr/ros2_ws/install/radr_sensor_hub/lib/python3.10/site-packages/radr_sensor_hub
copying /home/radr/Radr/ros2_ws/build/radr_sensor_hub/build/lib/radr_sensor_hub/logging_utils.py -> /home/radr/Radr/ros2_ws/install/radr_sensor_hub/lib/python3.10/site-packages/radr_sensor_hub
copying /home/radr/Radr/ros2_ws/build/radr_sensor_hub/build/lib/radr_sensor_hub/storage.py -> /home/radr/Radr/ros2_ws/install/radr_sensor_hub/lib/python3.10/site-packages/radr_sensor_hub
copying /home/radr/Radr/ros2_ws/build/radr_sensor_hub/build/lib/radr_sensor_hub/camera_node.py -> /home/radr/Radr/ros2_ws/install/radr_sensor_hub/lib/python3.10/site-packages/radr_sensor_hub
byte-compiling /home/radr/Radr/ros2_ws/install/radr_sensor_hub/lib/python3.10/site-packages/radr_sensor_hub/imu_node.py to imu_node.cpython-310.pyc
byte-compiling /home/radr/Radr/ros2_ws/install/radr_sensor_hub/lib/python3.10/site-packages/radr_sensor_hub/dht22_node.py to dht22_node.cpython-310.pyc
byte-compiling /home/radr/Radr/ros2_ws/install/radr_sensor_hub/lib/python3.10/site-packages/radr_sensor_hub/__init__.py to __init__.cpython-310.pyc
byte-compiling /home/radr/Radr/ros2_ws/install/radr_sensor_hub/lib/python3.10/site-packages/radr_sensor_hub/sync_node.py to sync_node.cpython-310.pyc
byte-compiling /home/radr/Radr/ros2_ws/install/radr_sensor_hub/lib/python3.10/site-packages/radr_sensor_hub/logging_utils.py to logging_utils.cpython-310.pyc
byte-compiling /home/radr/Radr/ros2_ws/install/radr_sensor_hub/lib/python3.10/site-packages/radr_sensor_hub/storage.py to storage.cpython-310.pyc
byte-compiling /home/radr/Radr/ros2_ws/install/radr_sensor_hub/lib/python3.10/site-packages/radr_sensor_hub/camera_node.py to camera_node.cpython-310.pyc
running install_data
copying resource/radr_sensor_hub -> /home/radr/Radr/ros2_ws/install/radr_sensor_hub/share/ament_index/resource_index/packages
copying package.xml -> /home/radr/Radr/ros2_ws/install/radr_sensor_hub/share/radr_sensor_hub
copying launch/sensor_suite.launch.py -> /home/radr/Radr/ros2_ws/install/radr_sensor_hub/share/radr_sensor_hub/launch
running install_egg_info
Copying ../../build/radr_sensor_hub/radr_sensor_hub.egg-info to /home/radr/Radr/ros2_ws/install/radr_sensor_hub/lib/python3.10/site-packages/radr_sensor_hub-0.1.0-py3.10.egg-info
running install_scripts
Installing camera_node script to /home/radr/Radr/ros2_ws/install/radr_sensor_hub/lib/radr_sensor_hub
Installing dht22_node script to /home/radr/Radr/ros2_ws/install/radr_sensor_hub/lib/radr_sensor_hub
Installing imu_node script to /home/radr/Radr/ros2_ws/install/radr_sensor_hub/lib/radr_sensor_hub
Installing sync_node script to /home/radr/Radr/ros2_ws/install/radr_sensor_hub/lib/radr_sensor_hub
writing list of installed files to '/home/radr/Radr/ros2_ws/build/radr_sensor_hub/install.log'
