[0.000000] (-) TimerEvent: {}
[0.000731] (radr_sensor_hub) JobQueued: {'identifier': 'radr_sensor_hub', 'dependencies': OrderedDict()}
[0.001877] (radr_sensor_hub) JobStarted: {'identifier': 'radr_sensor_hub'}
[0.098738] (-) TimerEvent: {}
[0.199198] (-) TimerEvent: {}
[0.299691] (-) TimerEvent: {}
[0.400150] (-) TimerEvent: {}
[0.500598] (-) TimerEvent: {}
[0.601016] (-) TimerEvent: {}
[0.701494] (-) TimerEvent: {}
[0.801941] (-) TimerEvent: {}
[0.902375] (-) TimerEvent: {}
[1.002836] (-) TimerEvent: {}
[1.103238] (-) TimerEvent: {}
[1.203633] (-) TimerEvent: {}
[1.304032] (-) TimerEvent: {}
[1.404449] (-) TimerEvent: {}
[1.504864] (-) TimerEvent: {}
[1.605419] (-) TimerEvent: {}
[1.706060] (-) TimerEvent: {}
[1.806567] (-) TimerEvent: {}
[1.907197] (-) TimerEvent: {}
[2.007657] (-) TimerEvent: {}
[2.108082] (-) TimerEvent: {}
[2.208475] (-) TimerEvent: {}
[2.308907] (-) TimerEvent: {}
[2.409442] (-) TimerEvent: {}
[2.509915] (-) TimerEvent: {}
[2.610376] (-) TimerEvent: {}
[2.710900] (-) TimerEvent: {}
[2.811326] (-) TimerEvent: {}
[2.911857] (-) TimerEvent: {}
[3.012413] (-) TimerEvent: {}
[3.112853] (-) TimerEvent: {}
[3.213329] (-) TimerEvent: {}
[3.313830] (-) TimerEvent: {}
[3.414352] (-) TimerEvent: {}
[3.515146] (-) TimerEvent: {}
[3.615937] (-) TimerEvent: {}
[3.716368] (-) TimerEvent: {}
[3.816848] (-) TimerEvent: {}
[3.884444] (radr_sensor_hub) Command: {'cmd': ['/usr/bin/python3', '-W', 'ignore:setup.py install is deprecated', '-W', 'ignore:easy_install command is deprecated', 'setup.py', 'develop', '--editable', '--build-directory', '/home/radr/Radr/ros2_ws/build/radr_sensor_hub/build', '--no-deps', 'symlink_data'], 'cwd': '/home/radr/Radr/ros2_ws/build/radr_sensor_hub', 'env': {'npm_config_devdir': '/tmp/cursor-sandbox-cache/4e70260e01c4cf1f55409ee5ef354532/node-gyp', 'LESSOPEN': '| /usr/bin/lesspipe %s', 'VSCODE_CWD': '/home/radr', 'VSCODE_ESM_ENTRYPOINT': 'vs/workbench/api/node/extensionHostProcess', 'PUPPETEER_CACHE_DIR': '/tmp/cursor-sandbox-cache/4e70260e01c4cf1f55409ee5ef354532/puppeteer', 'LANGUAGE': 'en', 'USER': 'radr', 'SSH_CLIENT': '100.82.113.115 55018 22', 'LC_TIME': 'C.UTF-8', 'VSCODE_NLS_CONFIG': '{"userLocale":"en","osLocale":"en","resolvedLanguage":"en","defaultMessagesFile":"/home/radr/.cursor-server/bin/linux-arm64/48a15759f53cd5fc9b5c20936ad7d79847d914b0/out/nls.messages.json","locale":"en","availableLanguages":{}}', 'CARGO_TARGET_DIR': '/tmp/cursor-sandbox-cache/4e70260e01c4cf1f55409ee5ef354532/cargo-target', 'CCACHE_DIR': '/tmp/cursor-sandbox-cache/4e70260e01c4cf1f55409ee5ef354532/ccache', 'VSCODE_HANDLES_UNCAUGHT_ERRORS': 'true', 'XDG_SESSION_TYPE': 'tty', 'PIP_CACHE_DIR': '/tmp/cursor-sandbox-cache/4e70260e01c4cf1f55409ee5ef354532/pip', 'NUGET_PACKAGES': '/tmp/cursor-sandbox-cache/4e70260e01c4cf1f55409ee5ef354532/nuget', 'HOMEBREW_CACHE': '/tmp/cursor-sandbox-cache/4e70260e01c4cf1f55409ee5ef354532/homebrew', 'SHLVL': '1', 'LD_LIBRARY_PATH': '/opt/ros/humble/opt/rviz_ogre_vendor/lib:/opt/ros/humble/lib/aarch64-linux-gnu:/opt/ros/humble/lib', 'BROWSER': '/home/radr/.cursor-server/bin/linux-arm64/48a15759f53cd5fc9b5c20936ad7d79847d914b0/bin/helpers/browser.sh', 'MOTD_SHOWN': 'pam', 'HOME': '/home/radr', 'OLDPWD': '/home/radr/.cursor-server/bin/linux-arm64/48a15759f53cd5fc9b5c20936ad7d79847d914b0', 'VSCODE_IPC_HOOK_CLI': '/run/user/1000/vscode-ipc-11bbfaf2-f7d6-400d-b48f-1e555208102d.sock', 'ROS_PYTHON_VERSION': '3', 'LC_MONETARY': 'C.UTF-8', 'NO_COLOR': '1', 'CONDA_PKGS_DIRS': '/tmp/cursor-sandbox-cache/4e70260e01c4cf1f55409ee5ef354532/conda', 'DBUS_SESSION_BUS_ADDRESS': 'unix:path=/run/user/1000/bus', 'COMPOSER_HOME': '/tmp/cursor-sandbox-cache/4e70260e01c4cf1f55409ee5ef354532/composer', 'VSCODE_L10N_BUNDLE_LOCATION': '', 'ROS_DISTRO': 'humble', 'OVSX_REGISTRY_URL': 'https://open-vsx.org', 'LOGNAME': 'radr', 'FORCE_COLOR': '0', 'VSCODE_HANDLES_SIGPIPE': 'true', 'BUN_INSTALL_CACHE_DIR': '/tmp/cursor-sandbox-cache/4e70260e01c4cf1f55409ee5ef354532/bun', '_': '/usr/bin/colcon', 'ROS_VERSION': '2', 'CURSOR_LAYOUT': 'unifiedAgent', 'GOMODCACHE': '/tmp/cursor-sandbox-cache/4e70260e01c4cf1f55409ee5ef354532/go-mod', 'XDG_SESSION_CLASS': 'user', 'CP_HOME_DIR': '/tmp/cursor-sandbox-cache/4e70260e01c4cf1f55409ee5ef354532/cocoapods', 'TERM': 'dumb', 'XDG_SESSION_ID': '5', 'ROS_LOCALHOST_ONLY': '0', 'POETRY_CACHE_DIR': '/tmp/cursor-sandbox-cache/4e70260e01c4cf1f55409ee5ef354532/poetry', 'PATH': '/opt/ros/humble/bin:/home/radr/.cursor-server/bin/linux-arm64/48a15759f53cd5fc9b5c20936ad7d79847d914b0/bin/remote-cli:/home/radr/.cursor-server/bin/linux-arm64/48a15759f53cd5fc9b5c20936ad7d79847d914b0/bin/remote-cli:/usr/local/sbin:/usr/local/bin:/usr/sbin:/usr/bin:/sbin:/bin:/usr/games:/usr/local/games:/snap/bin', 'YARN_CACHE_FOLDER': '/tmp/cursor-sandbox-cache/4e70260e01c4cf1f55409ee5ef354532/yarn', 'VSCODE_AGENT_FOLDER': '/home/radr/.cursor-server', 'PAPERSIZE': 'a4', 'UV_CACHE_DIR': '/tmp/cursor-sandbox-cache/4e70260e01c4cf1f55409ee5ef354532/uv', 'LC_ADDRESS': 'C.UTF-8', 'PLAYWRIGHT_BROWSERS_PATH': '/tmp/cursor-sandbox-cache/4e70260e01c4cf1f55409ee5ef354532/playwright', 'XDG_RUNTIME_DIR': '/run/user/1000', 'BUNDLE_PATH': '/tmp/cursor-sandbox-cache/4e70260e01c4cf1f55409ee5ef354532/bundle', 'CURSOR_AGENT': '1', 'LANG': 'en_US.UTF-8', 'NX_CACHE_DIRECTORY': '/tmp/cursor-sandbox-cache/4e70260e01c4cf1f55409ee5ef354532/nx', 'LC_TELEPHONE': 'C.UTF-8', 'LS_COLORS': '', 'CYPRESS_CACHE_FOLDER': '/tmp/cursor-sandbox-cache/4e70260e01c4cf1f55409ee5ef354532/cypress', 'PNPM_STORE_PATH': '/tmp/cursor-sandbox-cache/4e70260e01c4cf1f55409ee5ef354532/pnpm-store', 'AMENT_PREFIX_PATH': '/opt/ros/humble', 'SHELL': '/bin/bash', 'LC_NAME': 'C.UTF-8', 'VSCODE_SERVER_SHUTDOWN_TIMEOUT': '300', 'GOCACHE': '/tmp/cursor-sandbox-cache/4e70260e01c4cf1f55409ee5ef354532/go-build', 'LESSCLOSE': '/usr/bin/lesspipe %s %s', 'LC_MEASUREMENT': 'C.UTF-8', 'LC_IDENTIFICATION': 'C.UTF-8', 'NPM_CONFIG_CACHE': '/tmp/cursor-sandbox-cache/4e70260e01c4cf1f55409ee5ef354532/npm', 'PWD': '/home/radr/Radr/ros2_ws/build/radr_sensor_hub', 'GRADLE_USER_HOME': '/tmp/cursor-sandbox-cache/4e70260e01c4cf1f55409ee5ef354532/gradle', 'SSH_CONNECTION': '100.82.113.115 55018 100.110.47.15 22', 'XDG_DATA_DIRS': '/usr/share/gnome:/usr/local/share:/usr/share:/var/lib/snapd/desktop', 'PYTHONPATH': '/home/radr/Radr/ros2_ws/build/radr_sensor_hub/prefix_override:/usr/lib/python3/dist-packages/colcon_core/task/python/colcon_distutils_commands:/home/radr/Radr/ros2_ws/install/radr_sensor_hub/lib/python3.10/site-packages:/opt/ros/humble/lib/python3.10/site-packages:/opt/ros/humble/local/lib/python3.10/dist-packages', 'LC_NUMERIC': 'C.UTF-8', 'TURBO_CACHE_DIR': '/tmp/cursor-sandbox-cache/4e70260e01c4cf1f55409ee5ef354532/turbo', 'LC_PAPER': 'C.UTF-8', 'COLCON': '1', '_ZO_DOCTOR': '0', 'GEM_SPEC_CACHE': '/tmp/cursor-sandbox-cache/4e70260e01c4cf1f55409ee5ef354532/gem-specs'}, 'shell': False}
[3.917021] (-) TimerEvent: {}
[4.017388] (-) TimerEvent: {}
[4.117764] (-) TimerEvent: {}
[4.218192] (-) TimerEvent: {}
[4.318543] (-) TimerEvent: {}
[4.418886] (-) TimerEvent: {}
[4.519231] (-) TimerEvent: {}
[4.619607] (-) TimerEvent: {}
[4.719969] (-) TimerEvent: {}
[4.820372] (-) TimerEvent: {}
[4.920745] (-) TimerEvent: {}
[5.021147] (-) TimerEvent: {}
[5.075097] (radr_sensor_hub) StdoutLine: {'line': b'running develop\n'}
[5.121332] (-) TimerEvent: {}
[5.221699] (-) TimerEvent: {}
[5.322085] (-) TimerEvent: {}
[5.422473] (-) TimerEvent: {}
[5.522938] (-) TimerEvent: {}
[5.623371] (-) TimerEvent: {}
[5.723780] (-) TimerEvent: {}
[5.824201] (-) TimerEvent: {}
[5.924646] (-) TimerEvent: {}
[6.025078] (-) TimerEvent: {}
[6.112923] (radr_sensor_hub) StdoutLine: {'line': b'running egg_info\n'}
[6.113994] (radr_sensor_hub) StdoutLine: {'line': b'creating radr_sensor_hub.egg-info\n'}
[6.115261] (radr_sensor_hub) StdoutLine: {'line': b'writing radr_sensor_hub.egg-info/PKG-INFO\n'}
[6.116513] (radr_sensor_hub) StdoutLine: {'line': b'writing dependency_links to radr_sensor_hub.egg-info/dependency_links.txt\n'}
[6.117607] (radr_sensor_hub) StdoutLine: {'line': b'writing entry points to radr_sensor_hub.egg-info/entry_points.txt\n'}
[6.119976] (radr_sensor_hub) StdoutLine: {'line': b'writing requirements to radr_sensor_hub.egg-info/requires.txt\n'}
[6.120734] (radr_sensor_hub) StdoutLine: {'line': b'writing top-level names to radr_sensor_hub.egg-info/top_level.txt\n'}
[6.121205] (radr_sensor_hub) StdoutLine: {'line': b"writing manifest file 'radr_sensor_hub.egg-info/SOURCES.txt'\n"}
[6.125290] (-) TimerEvent: {}
[6.128820] (radr_sensor_hub) StdoutLine: {'line': b"reading manifest file 'radr_sensor_hub.egg-info/SOURCES.txt'\n"}
[6.132326] (radr_sensor_hub) StdoutLine: {'line': b"writing manifest file 'radr_sensor_hub.egg-info/SOURCES.txt'\n"}
[6.139191] (radr_sensor_hub) StdoutLine: {'line': b'running build_ext\n'}
[6.140688] (radr_sensor_hub) StdoutLine: {'line': b'Creating /home/radr/Radr/ros2_ws/install/radr_sensor_hub/lib/python3.10/site-packages/radr-sensor-hub.egg-link (link to .)\n'}
[6.145001] (radr_sensor_hub) StdoutLine: {'line': b'Installing camera_node script to /home/radr/Radr/ros2_ws/install/radr_sensor_hub/lib/radr_sensor_hub\n'}
[6.146067] (radr_sensor_hub) StdoutLine: {'line': b'Installing dht22_node script to /home/radr/Radr/ros2_ws/install/radr_sensor_hub/lib/radr_sensor_hub\n'}
[6.147067] (radr_sensor_hub) StdoutLine: {'line': b'Installing imu_node script to /home/radr/Radr/ros2_ws/install/radr_sensor_hub/lib/radr_sensor_hub\n'}
[6.148553] (radr_sensor_hub) StdoutLine: {'line': b'\n'}
[6.150150] (radr_sensor_hub) StdoutLine: {'line': b'Installed /home/radr/Radr/ros2_ws/build/radr_sensor_hub\n'}
[6.151568] (radr_sensor_hub) StdoutLine: {'line': b'running symlink_data\n'}
[6.152503] (radr_sensor_hub) StdoutLine: {'line': b'creating /home/radr/Radr/ros2_ws/install/radr_sensor_hub/share\n'}
[6.153108] (radr_sensor_hub) StdoutLine: {'line': b'creating /home/radr/Radr/ros2_ws/install/radr_sensor_hub/share/ament_index\n'}
[6.153671] (radr_sensor_hub) StdoutLine: {'line': b'creating /home/radr/Radr/ros2_ws/install/radr_sensor_hub/share/ament_index/resource_index\n'}
[6.154327] (radr_sensor_hub) StdoutLine: {'line': b'creating /home/radr/Radr/ros2_ws/install/radr_sensor_hub/share/ament_index/resource_index/packages\n'}
[6.155505] (radr_sensor_hub) StdoutLine: {'line': b'symbolically linking /home/radr/Radr/ros2_ws/build/radr_sensor_hub/resource/radr_sensor_hub -> /home/radr/Radr/ros2_ws/install/radr_sensor_hub/share/ament_index/resource_index/packages\n'}
[6.156525] (radr_sensor_hub) StdoutLine: {'line': b'creating /home/radr/Radr/ros2_ws/install/radr_sensor_hub/share/radr_sensor_hub\n'}
[6.158738] (radr_sensor_hub) StdoutLine: {'line': b'symbolically linking /home/radr/Radr/ros2_ws/build/radr_sensor_hub/package.xml -> /home/radr/Radr/ros2_ws/install/radr_sensor_hub/share/radr_sensor_hub\n'}
[6.160313] (radr_sensor_hub) StdoutLine: {'line': b'creating /home/radr/Radr/ros2_ws/install/radr_sensor_hub/share/radr_sensor_hub/launch\n'}
[6.161573] (radr_sensor_hub) StdoutLine: {'line': b'symbolically linking /home/radr/Radr/ros2_ws/build/radr_sensor_hub/launch/sensor_suite.launch.py -> /home/radr/Radr/ros2_ws/install/radr_sensor_hub/share/radr_sensor_hub/launch\n'}
[6.225729] (-) TimerEvent: {}
[6.306479] (radr_sensor_hub) CommandEnded: {'returncode': 0}
[6.325897] (-) TimerEvent: {}
[6.401805] (radr_sensor_hub) JobEnded: {'identifier': 'radr_sensor_hub', 'rc': 0}
[6.404648] (-) EventReactorShutdown: {}
