[4.094s] Invoking command in '/home/radr/Radr/ros2_ws/src/radr_sensor_hub': PYTHONPATH=/home/radr/Radr/ros2_ws/build/radr_sensor_hub/prefix_override:/usr/lib/python3/dist-packages/colcon_core/task/python/colcon_distutils_commands:/home/radr/Radr/ros2_ws/install/radr_sensor_hub/lib/python3.10/site-packages:${PYTHONPATH} /usr/bin/python3 -W ignore:setup.py install is deprecated -W ignore:easy_install command is deprecated setup.py egg_info --egg-base ../../build/radr_sensor_hub build --build-base /home/radr/Radr/ros2_ws/build/radr_sensor_hub/build install --record /home/radr/Radr/ros2_ws/build/radr_sensor_hub/install.log --single-version-externally-managed install_data
[6.305s] running egg_info
[6.316s] writing ../../build/radr_sensor_hub/radr_sensor_hub.egg-info/PKG-INFO
[6.331s] writing dependency_links to ../../build/radr_sensor_hub/radr_sensor_hub.egg-info/dependency_links.txt
[6.335s] writing entry points to ../../build/radr_sensor_hub/radr_sensor_hub.egg-info/entry_points.txt
[6.342s] writing requirements to ../../build/radr_sensor_hub/radr_sensor_hub.egg-info/requires.txt
[6.346s] writing top-level names to ../../build/radr_sensor_hub/radr_sensor_hub.egg-info/top_level.txt
[6.356s] reading manifest file '../../build/radr_sensor_hub/radr_sensor_hub.egg-info/SOURCES.txt'
[6.357s] writing manifest file '../../build/radr_sensor_hub/radr_sensor_hub.egg-info/SOURCES.txt'
[6.363s] running build
[6.365s] running build_py
[6.366s] running install
[6.367s] running install_lib
[6.380s] running install_data
[6.382s] copying scripts/setup_headless_camera.sh -> /home/radr/Radr/ros2_ws/install/radr_sensor_hub/share/radr_sensor_hub/scripts
[6.384s] copying scripts/radr_wake_usb_cameras.sh -> /home/radr/Radr/ros2_ws/install/radr_sensor_hub/share/radr_sensor_hub/scripts
[6.392s] copying udev/99-radr-v4l2-video.rules -> /home/radr/Radr/ros2_ws/install/radr_sensor_hub/share/radr_sensor_hub/udev
[6.393s] creating /home/radr/Radr/ros2_ws/install/radr_sensor_hub/share/radr_sensor_hub/systemd
[6.394s] copying systemd/radr-wake-cameras.service -> /home/radr/Radr/ros2_ws/install/radr_sensor_hub/share/radr_sensor_hub/systemd
[6.395s] running install_egg_info
[6.406s] removing '/home/radr/Radr/ros2_ws/install/radr_sensor_hub/lib/python3.10/site-packages/radr_sensor_hub-0.1.0-py3.10.egg-info' (and everything under it)
[6.409s] Copying ../../build/radr_sensor_hub/radr_sensor_hub.egg-info to /home/radr/Radr/ros2_ws/install/radr_sensor_hub/lib/python3.10/site-packages/radr_sensor_hub-0.1.0-py3.10.egg-info
[6.425s] running install_scripts
[6.567s] Installing camera_node script to /home/radr/Radr/ros2_ws/install/radr_sensor_hub/lib/radr_sensor_hub
[6.571s] Installing dht22_node script to /home/radr/Radr/ros2_ws/install/radr_sensor_hub/lib/radr_sensor_hub
[6.572s] Installing gps_node script to /home/radr/Radr/ros2_ws/install/radr_sensor_hub/lib/radr_sensor_hub
[6.572s] Installing imu_node script to /home/radr/Radr/ros2_ws/install/radr_sensor_hub/lib/radr_sensor_hub
[6.573s] Installing sync_node script to /home/radr/Radr/ros2_ws/install/radr_sensor_hub/lib/radr_sensor_hub
[6.576s] writing list of installed files to '/home/radr/Radr/ros2_ws/build/radr_sensor_hub/install.log'
[6.728s] Invoked command in '/home/radr/Radr/ros2_ws/src/radr_sensor_hub' returned '0': PYTHONPATH=/home/radr/Radr/ros2_ws/build/radr_sensor_hub/prefix_override:/usr/lib/python3/dist-packages/colcon_core/task/python/colcon_distutils_commands:/home/radr/Radr/ros2_ws/install/radr_sensor_hub/lib/python3.10/site-packages:${PYTHONPATH} /usr/bin/python3 -W ignore:setup.py install is deprecated -W ignore:easy_install command is deprecated setup.py egg_info --egg-base ../../build/radr_sensor_hub build --build-base /home/radr/Radr/ros2_ws/build/radr_sensor_hub/build install --record /home/radr/Radr/ros2_ws/build/radr_sensor_hub/install.log --single-version-externally-managed install_data
