[3.249s] Invoking command in '/home/radr/Radr/ros2_ws/build/radr_sensor_hub': PYTHONPATH=/home/radr/Radr/ros2_ws/build/radr_sensor_hub/prefix_override:/usr/lib/python3/dist-packages/colcon_core/task/python/colcon_distutils_commands:/home/radr/Radr/ros2_ws/install/radr_sensor_hub/lib/python3.10/site-packages:${PYTHONPATH} /usr/bin/python3 -W ignore:setup.py install is deprecated -W ignore:easy_install command is deprecated setup.py develop --editable --build-directory /home/radr/Radr/ros2_ws/build/radr_sensor_hub/build --no-deps symlink_data
[4.594s] running develop
[5.469s] running egg_info
[5.470s] creating radr_sensor_hub.egg-info
[5.471s] writing radr_sensor_hub.egg-info/PKG-INFO
[5.471s] writing dependency_links to radr_sensor_hub.egg-info/dependency_links.txt
[5.472s] writing entry points to radr_sensor_hub.egg-info/entry_points.txt
[5.473s] writing requirements to radr_sensor_hub.egg-info/requires.txt
[5.474s] writing top-level names to radr_sensor_hub.egg-info/top_level.txt
[5.474s] writing manifest file 'radr_sensor_hub.egg-info/SOURCES.txt'
[5.482s] reading manifest file 'radr_sensor_hub.egg-info/SOURCES.txt'
[5.485s] writing manifest file 'radr_sensor_hub.egg-info/SOURCES.txt'
[5.491s] running build_ext
[5.492s] Creating /home/radr/Radr/ros2_ws/install/radr_sensor_hub/lib/python3.10/site-packages/radr-sensor-hub.egg-link (link to .)
[5.496s] Installing camera_node script to /home/radr/Radr/ros2_ws/install/radr_sensor_hub/lib/radr_sensor_hub
[5.497s] Installing dht22_node script to /home/radr/Radr/ros2_ws/install/radr_sensor_hub/lib/radr_sensor_hub
[5.498s] Installing gps_node script to /home/radr/Radr/ros2_ws/install/radr_sensor_hub/lib/radr_sensor_hub
[5.499s] Installing imu_node script to /home/radr/Radr/ros2_ws/install/radr_sensor_hub/lib/radr_sensor_hub
[5.500s] Installing sync_node script to /home/radr/Radr/ros2_ws/install/radr_sensor_hub/lib/radr_sensor_hub
[5.503s] 
[5.504s] Installed /home/radr/Radr/ros2_ws/build/radr_sensor_hub
[5.504s] running symlink_data
[5.516s] creating /home/radr/Radr/ros2_ws/install/radr_sensor_hub/share/ament_index
[5.518s] creating /home/radr/Radr/ros2_ws/install/radr_sensor_hub/share/ament_index/resource_index
[5.519s] creating /home/radr/Radr/ros2_ws/install/radr_sensor_hub/share/ament_index/resource_index/packages
[5.520s] symbolically linking /home/radr/Radr/ros2_ws/build/radr_sensor_hub/resource/radr_sensor_hub -> /home/radr/Radr/ros2_ws/install/radr_sensor_hub/share/ament_index/resource_index/packages
[5.525s] symbolically linking /home/radr/Radr/ros2_ws/build/radr_sensor_hub/package.xml -> /home/radr/Radr/ros2_ws/install/radr_sensor_hub/share/radr_sensor_hub
[5.536s] creating /home/radr/Radr/ros2_ws/install/radr_sensor_hub/share/radr_sensor_hub/launch
[5.540s] symbolically linking /home/radr/Radr/ros2_ws/build/radr_sensor_hub/launch/sensor_suite.launch.py -> /home/radr/Radr/ros2_ws/install/radr_sensor_hub/share/radr_sensor_hub/launch
[5.669s] Invoked command in '/home/radr/Radr/ros2_ws/build/radr_sensor_hub' returned '0': PYTHONPATH=/home/radr/Radr/ros2_ws/build/radr_sensor_hub/prefix_override:/usr/lib/python3/dist-packages/colcon_core/task/python/colcon_distutils_commands:/home/radr/Radr/ros2_ws/install/radr_sensor_hub/lib/python3.10/site-packages:${PYTHONPATH} /usr/bin/python3 -W ignore:setup.py install is deprecated -W ignore:easy_install command is deprecated setup.py develop --editable --build-directory /home/radr/Radr/ros2_ws/build/radr_sensor_hub/build --no-deps symlink_data
