[6.233s] Invoking command in '/home/radr/Radr/ros2_ws/build/radr_sensor_hub': PYTHONPATH=/home/radr/Radr/ros2_ws/build/radr_sensor_hub/prefix_override:/usr/lib/python3/dist-packages/colcon_core/task/python/colcon_distutils_commands:/home/radr/Radr/ros2_ws/install/radr_sensor_hub/lib/python3.10/site-packages:${PYTHONPATH} /usr/bin/python3 -W ignore:setup.py install is deprecated -W ignore:easy_install command is deprecated setup.py develop --editable --build-directory /home/radr/Radr/ros2_ws/build/radr_sensor_hub/build --no-deps symlink_data
[8.924s] running develop
[11.116s] running egg_info
[11.119s] writing radr_sensor_hub.egg-info/PKG-INFO
[11.120s] writing dependency_links to radr_sensor_hub.egg-info/dependency_links.txt
[11.124s] writing entry points to radr_sensor_hub.egg-info/entry_points.txt
[11.124s] writing requirements to radr_sensor_hub.egg-info/requires.txt
[11.128s] writing top-level names to radr_sensor_hub.egg-info/top_level.txt
[11.149s] reading manifest file 'radr_sensor_hub.egg-info/SOURCES.txt'
[11.156s] writing manifest file 'radr_sensor_hub.egg-info/SOURCES.txt'
[11.169s] running build_ext
[11.170s] Creating /home/radr/Radr/ros2_ws/install/radr_sensor_hub/lib/python3.10/site-packages/radr-sensor-hub.egg-link (link to .)
[11.180s] Installing camera_node script to /home/radr/Radr/ros2_ws/install/radr_sensor_hub/lib/radr_sensor_hub
[11.181s] Installing dht22_node script to /home/radr/Radr/ros2_ws/install/radr_sensor_hub/lib/radr_sensor_hub
[11.183s] Installing imu_node script to /home/radr/Radr/ros2_ws/install/radr_sensor_hub/lib/radr_sensor_hub
[11.184s] Installing sync_node script to /home/radr/Radr/ros2_ws/install/radr_sensor_hub/lib/radr_sensor_hub
[11.194s] 
[11.196s] Installed /home/radr/Radr/ros2_ws/build/radr_sensor_hub
[11.197s] running symlink_data
[11.437s] Invoked command in '/home/radr/Radr/ros2_ws/build/radr_sensor_hub' returned '0': PYTHONPATH=/home/radr/Radr/ros2_ws/build/radr_sensor_hub/prefix_override:/usr/lib/python3/dist-packages/colcon_core/task/python/colcon_distutils_commands:/home/radr/Radr/ros2_ws/install/radr_sensor_hub/lib/python3.10/site-packages:${PYTHONPATH} /usr/bin/python3 -W ignore:setup.py install is deprecated -W ignore:easy_install command is deprecated setup.py develop --editable --build-directory /home/radr/Radr/ros2_ws/build/radr_sensor_hub/build --no-deps symlink_data
