[0.051s] Invoking command in '/home/radr/Radr/ros2_ws/build/radr_gps_msgs': CMAKE_PREFIX_PATH=/home/radr/Radr/ros2_ws/install/radr_sensor_hub:/opt/ros/humble /usr/bin/cmake --build /home/radr/Radr/ros2_ws/build/radr_gps_msgs -- -j4 -l4
[0.243s] [35m[1mConsolidate compiler generated dependencies of target radr_gps_msgs__rosidl_generator_c[0m
[0.279s] [  3%] Built target radr_gps_msgs__rs
[0.307s] [  6%] Built target radr_gps_msgs__cpp
[0.320s] [ 15%] Built target radr_gps_msgs__rosidl_generator_c
[0.358s] [ 15%] Built target ament_cmake_python_copy_radr_gps_msgs
[0.361s] [35m[1mConsolidate compiler generated dependencies of target radr_gps_msgs__rosidl_typesupport_introspection_cpp[0m
[0.385s] [35m[1mConsolidate compiler generated dependencies of target radr_gps_msgs__rosidl_typesupport_fastrtps_cpp[0m
[0.406s] [35m[1mConsolidate compiler generated dependencies of target radr_gps_msgs__rosidl_typesupport_cpp[0m
[0.448s] [ 25%] Built target radr_gps_msgs__rosidl_typesupport_introspection_cpp
[0.469s] [35m[1mConsolidate compiler generated dependencies of target radr_gps_msgs__rosidl_typesupport_introspection_c[0m
[0.496s] [35m[1mConsolidate compiler generated dependencies of target radr_gps_msgs__rosidl_typesupport_fastrtps_c[0m
[0.520s] [ 34%] Built target radr_gps_msgs__rosidl_typesupport_fastrtps_cpp
[0.539s] [ 43%] Built target radr_gps_msgs__rosidl_typesupport_cpp
[0.565s] [ 53%] Built target radr_gps_msgs__rosidl_typesupport_introspection_c
[0.601s] [35m[1mConsolidate compiler generated dependencies of target radr_gps_msgs__rosidl_typesupport_c[0m
[0.604s] [ 62%] Built target radr_gps_msgs__rosidl_typesupport_fastrtps_c
[0.660s] [ 71%] Built target radr_gps_msgs__rosidl_typesupport_c
[0.772s] [ 71%] Built target radr_gps_msgs
[0.865s] [ 75%] Built target radr_gps_msgs__py
[0.938s] [35m[1mConsolidate compiler generated dependencies of target radr_gps_msgs__rosidl_generator_py[0m
[1.009s] [ 81%] Built target radr_gps_msgs__rosidl_generator_py
[1.067s] [35m[1mConsolidate compiler generated dependencies of target radr_gps_msgs__rosidl_typesupport_introspection_c__pyext[0m
[1.090s] [35m[1mConsolidate compiler generated dependencies of target radr_gps_msgs__rosidl_typesupport_c__pyext[0m
[1.102s] [35m[1mConsolidate compiler generated dependencies of target radr_gps_msgs__rosidl_typesupport_fastrtps_c__pyext[0m
[1.162s] [ 87%] Built target radr_gps_msgs__rosidl_typesupport_introspection_c__pyext
[1.183s] [ 93%] Built target radr_gps_msgs__rosidl_typesupport_c__pyext
[1.188s] [100%] Built target radr_gps_msgs__rosidl_typesupport_fastrtps_c__pyext
[2.460s] running egg_info
[2.461s] writing radr_gps_msgs.egg-info/PKG-INFO
[2.462s] writing dependency_links to radr_gps_msgs.egg-info/dependency_links.txt
[2.464s] writing top-level names to radr_gps_msgs.egg-info/top_level.txt
[2.481s] reading manifest file 'radr_gps_msgs.egg-info/SOURCES.txt'
[2.484s] writing manifest file 'radr_gps_msgs.egg-info/SOURCES.txt'
[2.658s] [100%] Built target ament_cmake_python_build_radr_gps_msgs_egg
[2.710s] Invoked command in '/home/radr/Radr/ros2_ws/build/radr_gps_msgs' returned '0': CMAKE_PREFIX_PATH=/home/radr/Radr/ros2_ws/install/radr_sensor_hub:/opt/ros/humble /usr/bin/cmake --build /home/radr/Radr/ros2_ws/build/radr_gps_msgs -- -j4 -l4
[2.758s] Invoking command in '/home/radr/Radr/ros2_ws/build/radr_gps_msgs': CMAKE_PREFIX_PATH=/home/radr/Radr/ros2_ws/install/radr_sensor_hub:/opt/ros/humble /usr/bin/cmake --install /home/radr/Radr/ros2_ws/build/radr_gps_msgs
[2.788s] -- Install configuration: ""
[2.789s] -- Up-to-date: /home/radr/Radr/ros2_ws/install/radr_gps_msgs/share/ament_index/resource_index/rosidl_interfaces/radr_gps_msgs
[2.789s] -- Up-to-date: /home/radr/Radr/ros2_ws/install/radr_gps_msgs/include/radr_gps_msgs/radr_gps_msgs
[2.790s] -- Up-to-date: /home/radr/Radr/ros2_ws/install/radr_gps_msgs/include/radr_gps_msgs/radr_gps_msgs/msg
[2.790s] -- Up-to-date: /home/radr/Radr/ros2_ws/install/radr_gps_msgs/include/radr_gps_msgs/radr_gps_msgs/msg/rosidl_generator_c__visibility_control.h
[2.791s] -- Up-to-date: /home/radr/Radr/ros2_ws/install/radr_gps_msgs/include/radr_gps_msgs/radr_gps_msgs/msg/detail
[2.792s] -- Up-to-date: /home/radr/Radr/ros2_ws/install/radr_gps_msgs/include/radr_gps_msgs/radr_gps_msgs/msg/detail/gps_report__struct.h
[2.792s] -- Up-to-date: /home/radr/Radr/ros2_ws/install/radr_gps_msgs/include/radr_gps_msgs/radr_gps_msgs/msg/detail/gps_report__type_support.h
[2.793s] -- Up-to-date: /home/radr/Radr/ros2_ws/install/radr_gps_msgs/include/radr_gps_msgs/radr_gps_msgs/msg/detail/gps_report__functions.c
[2.794s] -- Up-to-date: /home/radr/Radr/ros2_ws/install/radr_gps_msgs/include/radr_gps_msgs/radr_gps_msgs/msg/detail/gps_report__functions.h
[2.794s] -- Up-to-date: /home/radr/Radr/ros2_ws/install/radr_gps_msgs/include/radr_gps_msgs/radr_gps_msgs/msg/gps_report.h
[2.795s] -- Up-to-date: /home/radr/Radr/ros2_ws/install/radr_gps_msgs/share/radr_gps_msgs/environment/library_path.sh
[2.795s] -- Up-to-date: /home/radr/Radr/ros2_ws/install/radr_gps_msgs/share/radr_gps_msgs/environment/library_path.dsv
[2.796s] -- Up-to-date: /home/radr/Radr/ros2_ws/install/radr_gps_msgs/lib/libradr_gps_msgs__rosidl_generator_c.so
[2.797s] -- Up-to-date: /home/radr/Radr/ros2_ws/install/radr_gps_msgs/include/radr_gps_msgs/radr_gps_msgs
[2.797s] -- Up-to-date: /home/radr/Radr/ros2_ws/install/radr_gps_msgs/include/radr_gps_msgs/radr_gps_msgs/msg
[2.798s] -- Up-to-date: /home/radr/Radr/ros2_ws/install/radr_gps_msgs/include/radr_gps_msgs/radr_gps_msgs/msg/detail
[2.798s] -- Up-to-date: /home/radr/Radr/ros2_ws/install/radr_gps_msgs/include/radr_gps_msgs/radr_gps_msgs/msg/detail/gps_report__rosidl_typesupport_fastrtps_c.h
[2.799s] -- Up-to-date: /home/radr/Radr/ros2_ws/install/radr_gps_msgs/include/radr_gps_msgs/radr_gps_msgs/msg/rosidl_typesupport_fastrtps_c__visibility_control.h
[2.800s] -- Up-to-date: /home/radr/Radr/ros2_ws/install/radr_gps_msgs/lib/libradr_gps_msgs__rosidl_typesupport_fastrtps_c.so
[2.801s] -- Up-to-date: /home/radr/Radr/ros2_ws/install/radr_gps_msgs/include/radr_gps_msgs/radr_gps_msgs
[2.804s] -- Up-to-date: /home/radr/Radr/ros2_ws/install/radr_gps_msgs/include/radr_gps_msgs/radr_gps_msgs/msg
[2.806s] -- Up-to-date: /home/radr/Radr/ros2_ws/install/radr_gps_msgs/include/radr_gps_msgs/radr_gps_msgs/msg/rosidl_generator_cpp__visibility_control.hpp
[2.807s] -- Up-to-date: /home/radr/Radr/ros2_ws/install/radr_gps_msgs/include/radr_gps_msgs/radr_gps_msgs/msg/detail
[2.808s] -- Up-to-date: /home/radr/Radr/ros2_ws/install/radr_gps_msgs/include/radr_gps_msgs/radr_gps_msgs/msg/detail/gps_report__struct.hpp
[2.810s] -- Up-to-date: /home/radr/Radr/ros2_ws/install/radr_gps_msgs/include/radr_gps_msgs/radr_gps_msgs/msg/detail/gps_report__type_support.hpp
[2.811s] -- Up-to-date: /home/radr/Radr/ros2_ws/install/radr_gps_msgs/include/radr_gps_msgs/radr_gps_msgs/msg/detail/gps_report__builder.hpp
[2.812s] -- Up-to-date: /home/radr/Radr/ros2_ws/install/radr_gps_msgs/include/radr_gps_msgs/radr_gps_msgs/msg/detail/gps_report__traits.hpp
[2.813s] -- Up-to-date: /home/radr/Radr/ros2_ws/install/radr_gps_msgs/include/radr_gps_msgs/radr_gps_msgs/msg/gps_report.hpp
[2.813s] -- Up-to-date: /home/radr/Radr/ros2_ws/install/radr_gps_msgs/include/radr_gps_msgs/radr_gps_msgs
[2.814s] -- Up-to-date: /home/radr/Radr/ros2_ws/install/radr_gps_msgs/include/radr_gps_msgs/radr_gps_msgs/msg
[2.815s] -- Up-to-date: /home/radr/Radr/ros2_ws/install/radr_gps_msgs/include/radr_gps_msgs/radr_gps_msgs/msg/rosidl_typesupport_fastrtps_cpp__visibility_control.h
[2.816s] -- Up-to-date: /home/radr/Radr/ros2_ws/install/radr_gps_msgs/include/radr_gps_msgs/radr_gps_msgs/msg/detail
[2.817s] -- Up-to-date: /home/radr/Radr/ros2_ws/install/radr_gps_msgs/include/radr_gps_msgs/radr_gps_msgs/msg/detail/dds_fastrtps
[2.817s] -- Up-to-date: /home/radr/Radr/ros2_ws/install/radr_gps_msgs/include/radr_gps_msgs/radr_gps_msgs/msg/detail/gps_report__rosidl_typesupport_fastrtps_cpp.hpp
[2.819s] -- Up-to-date: /home/radr/Radr/ros2_ws/install/radr_gps_msgs/lib/libradr_gps_msgs__rosidl_typesupport_fastrtps_cpp.so
[2.826s] -- Up-to-date: /home/radr/Radr/ros2_ws/install/radr_gps_msgs/include/radr_gps_msgs/radr_gps_msgs
[2.827s] -- Up-to-date: /home/radr/Radr/ros2_ws/install/radr_gps_msgs/include/radr_gps_msgs/radr_gps_msgs/msg
[2.829s] -- Up-to-date: /home/radr/Radr/ros2_ws/install/radr_gps_msgs/include/radr_gps_msgs/radr_gps_msgs/msg/detail
[2.830s] -- Up-to-date: /home/radr/Radr/ros2_ws/install/radr_gps_msgs/include/radr_gps_msgs/radr_gps_msgs/msg/detail/gps_report__type_support.c
[2.831s] -- Up-to-date: /home/radr/Radr/ros2_ws/install/radr_gps_msgs/include/radr_gps_msgs/radr_gps_msgs/msg/detail/gps_report__rosidl_typesupport_introspection_c.h
[2.832s] -- Up-to-date: /home/radr/Radr/ros2_ws/install/radr_gps_msgs/include/radr_gps_msgs/radr_gps_msgs/msg/rosidl_typesupport_introspection_c__visibility_control.h
[2.833s] -- Up-to-date: /home/radr/Radr/ros2_ws/install/radr_gps_msgs/lib/libradr_gps_msgs__rosidl_typesupport_introspection_c.so
[2.838s] -- Up-to-date: /home/radr/Radr/ros2_ws/install/radr_gps_msgs/lib/libradr_gps_msgs__rosidl_typesupport_c.so
[2.838s] -- Up-to-date: /home/radr/Radr/ros2_ws/install/radr_gps_msgs/include/radr_gps_msgs/radr_gps_msgs
[2.839s] -- Up-to-date: /home/radr/Radr/ros2_ws/install/radr_gps_msgs/include/radr_gps_msgs/radr_gps_msgs/msg
[2.839s] -- Up-to-date: /home/radr/Radr/ros2_ws/install/radr_gps_msgs/include/radr_gps_msgs/radr_gps_msgs/msg/detail
[2.840s] -- Up-to-date: /home/radr/Radr/ros2_ws/install/radr_gps_msgs/include/radr_gps_msgs/radr_gps_msgs/msg/detail/gps_report__type_support.cpp
[2.840s] -- Up-to-date: /home/radr/Radr/ros2_ws/install/radr_gps_msgs/include/radr_gps_msgs/radr_gps_msgs/msg/detail/gps_report__rosidl_typesupport_introspection_cpp.hpp
[2.841s] -- Up-to-date: /home/radr/Radr/ros2_ws/install/radr_gps_msgs/lib/libradr_gps_msgs__rosidl_typesupport_introspection_cpp.so
[2.841s] -- Up-to-date: /home/radr/Radr/ros2_ws/install/radr_gps_msgs/lib/libradr_gps_msgs__rosidl_typesupport_cpp.so
[2.842s] -- Up-to-date: /home/radr/Radr/ros2_ws/install/radr_gps_msgs/share/radr_gps_msgs/environment/pythonpath.sh
[2.842s] -- Up-to-date: /home/radr/Radr/ros2_ws/install/radr_gps_msgs/share/radr_gps_msgs/environment/pythonpath.dsv
[2.843s] -- Up-to-date: /home/radr/Radr/ros2_ws/install/radr_gps_msgs/local/lib/python3.10/dist-packages/radr_gps_msgs-0.1.0-py3.10.egg-info
[2.843s] -- Installing: /home/radr/Radr/ros2_ws/install/radr_gps_msgs/local/lib/python3.10/dist-packages/radr_gps_msgs-0.1.0-py3.10.egg-info/PKG-INFO
[2.844s] -- Installing: /home/radr/Radr/ros2_ws/install/radr_gps_msgs/local/lib/python3.10/dist-packages/radr_gps_msgs-0.1.0-py3.10.egg-info/top_level.txt
[2.844s] -- Installing: /home/radr/Radr/ros2_ws/install/radr_gps_msgs/local/lib/python3.10/dist-packages/radr_gps_msgs-0.1.0-py3.10.egg-info/dependency_links.txt
[2.845s] -- Installing: /home/radr/Radr/ros2_ws/install/radr_gps_msgs/local/lib/python3.10/dist-packages/radr_gps_msgs-0.1.0-py3.10.egg-info/SOURCES.txt
[2.845s] -- Up-to-date: /home/radr/Radr/ros2_ws/install/radr_gps_msgs/local/lib/python3.10/dist-packages/radr_gps_msgs
[2.845s] -- Up-to-date: /home/radr/Radr/ros2_ws/install/radr_gps_msgs/local/lib/python3.10/dist-packages/radr_gps_msgs/radr_gps_msgs_s__rosidl_typesupport_introspection_c.cpython-310-aarch64-linux-gnu.so
[2.846s] -- Up-to-date: /home/radr/Radr/ros2_ws/install/radr_gps_msgs/local/lib/python3.10/dist-packages/radr_gps_msgs/msg
[2.846s] -- Up-to-date: /home/radr/Radr/ros2_ws/install/radr_gps_msgs/local/lib/python3.10/dist-packages/radr_gps_msgs/msg/_gps_report.py
[2.846s] -- Up-to-date: /home/radr/Radr/ros2_ws/install/radr_gps_msgs/local/lib/python3.10/dist-packages/radr_gps_msgs/msg/__init__.py
[2.847s] -- Up-to-date: /home/radr/Radr/ros2_ws/install/radr_gps_msgs/local/lib/python3.10/dist-packages/radr_gps_msgs/msg/_gps_report_s.c
[2.848s] -- Up-to-date: /home/radr/Radr/ros2_ws/install/radr_gps_msgs/local/lib/python3.10/dist-packages/radr_gps_msgs/libradr_gps_msgs__rosidl_generator_py.so
[2.848s] -- Up-to-date: /home/radr/Radr/ros2_ws/install/radr_gps_msgs/local/lib/python3.10/dist-packages/radr_gps_msgs/_radr_gps_msgs_s.ep.rosidl_typesupport_c.c
[2.849s] -- Up-to-date: /home/radr/Radr/ros2_ws/install/radr_gps_msgs/local/lib/python3.10/dist-packages/radr_gps_msgs/_radr_gps_msgs_s.ep.rosidl_typesupport_fastrtps_c.c
[2.850s] -- Up-to-date: /home/radr/Radr/ros2_ws/install/radr_gps_msgs/local/lib/python3.10/dist-packages/radr_gps_msgs/__init__.py
[2.850s] -- Up-to-date: /home/radr/Radr/ros2_ws/install/radr_gps_msgs/local/lib/python3.10/dist-packages/radr_gps_msgs/_radr_gps_msgs_s.ep.rosidl_typesupport_introspection_c.c
[2.851s] -- Up-to-date: /home/radr/Radr/ros2_ws/install/radr_gps_msgs/local/lib/python3.10/dist-packages/radr_gps_msgs/radr_gps_msgs_s__rosidl_typesupport_fastrtps_c.cpython-310-aarch64-linux-gnu.so
[2.851s] -- Up-to-date: /home/radr/Radr/ros2_ws/install/radr_gps_msgs/local/lib/python3.10/dist-packages/radr_gps_msgs/radr_gps_msgs_s__rosidl_typesupport_c.cpython-310-aarch64-linux-gnu.so
[3.031s] Listing '/home/radr/Radr/ros2_ws/install/radr_gps_msgs/local/lib/python3.10/dist-packages/radr_gps_msgs'...
[3.033s] Listing '/home/radr/Radr/ros2_ws/install/radr_gps_msgs/local/lib/python3.10/dist-packages/radr_gps_msgs/msg'...
[3.061s] -- Up-to-date: /home/radr/Radr/ros2_ws/install/radr_gps_msgs/local/lib/python3.10/dist-packages/radr_gps_msgs/radr_gps_msgs_s__rosidl_typesupport_fastrtps_c.cpython-310-aarch64-linux-gnu.so
[3.064s] -- Up-to-date: /home/radr/Radr/ros2_ws/install/radr_gps_msgs/local/lib/python3.10/dist-packages/radr_gps_msgs/radr_gps_msgs_s__rosidl_typesupport_introspection_c.cpython-310-aarch64-linux-gnu.so
[3.067s] -- Up-to-date: /home/radr/Radr/ros2_ws/install/radr_gps_msgs/local/lib/python3.10/dist-packages/radr_gps_msgs/radr_gps_msgs_s__rosidl_typesupport_c.cpython-310-aarch64-linux-gnu.so
[3.069s] -- Up-to-date: /home/radr/Radr/ros2_ws/install/radr_gps_msgs/lib/libradr_gps_msgs__rosidl_generator_py.so
[3.071s] -- Up-to-date: /home/radr/Radr/ros2_ws/install/radr_gps_msgs/share/ament_index/resource_index/rust_packages/radr_gps_msgs
[3.073s] -- Up-to-date: /home/radr/Radr/ros2_ws/install/radr_gps_msgs/share/radr_gps_msgs/rust
[3.074s] -- Up-to-date: /home/radr/Radr/ros2_ws/install/radr_gps_msgs/share/radr_gps_msgs/rust/Cargo.toml
[3.075s] -- Up-to-date: /home/radr/Radr/ros2_ws/install/radr_gps_msgs/share/radr_gps_msgs/rust/src
[3.076s] -- Up-to-date: /home/radr/Radr/ros2_ws/install/radr_gps_msgs/share/radr_gps_msgs/rust/src/msg
[3.080s] -- Up-to-date: /home/radr/Radr/ros2_ws/install/radr_gps_msgs/share/radr_gps_msgs/rust/src/msg/rmw.rs
[3.081s] -- Up-to-date: /home/radr/Radr/ros2_ws/install/radr_gps_msgs/share/radr_gps_msgs/rust/src/msg.rs
[3.081s] -- Up-to-date: /home/radr/Radr/ros2_ws/install/radr_gps_msgs/share/radr_gps_msgs/rust/src/lib.rs
[3.082s] -- Up-to-date: /home/radr/Radr/ros2_ws/install/radr_gps_msgs/share/radr_gps_msgs/rust/build.rs
[3.082s] -- Up-to-date: /home/radr/Radr/ros2_ws/install/radr_gps_msgs/share/radr_gps_msgs/msg/GpsReport.idl
[3.083s] -- Up-to-date: /home/radr/Radr/ros2_ws/install/radr_gps_msgs/share/radr_gps_msgs/msg/GpsReport.msg
[3.084s] -- Up-to-date: /home/radr/Radr/ros2_ws/install/radr_gps_msgs/share/ament_index/resource_index/package_run_dependencies/radr_gps_msgs
[3.084s] -- Up-to-date: /home/radr/Radr/ros2_ws/install/radr_gps_msgs/share/ament_index/resource_index/parent_prefix_path/radr_gps_msgs
[3.085s] -- Up-to-date: /home/radr/Radr/ros2_ws/install/radr_gps_msgs/share/radr_gps_msgs/environment/ament_prefix_path.sh
[3.085s] -- Up-to-date: /home/radr/Radr/ros2_ws/install/radr_gps_msgs/share/radr_gps_msgs/environment/ament_prefix_path.dsv
[3.086s] -- Up-to-date: /home/radr/Radr/ros2_ws/install/radr_gps_msgs/share/radr_gps_msgs/environment/path.sh
[3.086s] -- Up-to-date: /home/radr/Radr/ros2_ws/install/radr_gps_msgs/share/radr_gps_msgs/environment/path.dsv
[3.087s] -- Up-to-date: /home/radr/Radr/ros2_ws/install/radr_gps_msgs/share/radr_gps_msgs/local_setup.bash
[3.089s] -- Up-to-date: /home/radr/Radr/ros2_ws/install/radr_gps_msgs/share/radr_gps_msgs/local_setup.sh
[3.090s] -- Up-to-date: /home/radr/Radr/ros2_ws/install/radr_gps_msgs/share/radr_gps_msgs/local_setup.zsh
[3.091s] -- Up-to-date: /home/radr/Radr/ros2_ws/install/radr_gps_msgs/share/radr_gps_msgs/local_setup.dsv
[3.092s] -- Installing: /home/radr/Radr/ros2_ws/install/radr_gps_msgs/share/radr_gps_msgs/package.dsv
[3.094s] -- Up-to-date: /home/radr/Radr/ros2_ws/install/radr_gps_msgs/share/ament_index/resource_index/packages/radr_gps_msgs
[3.095s] -- Up-to-date: /home/radr/Radr/ros2_ws/install/radr_gps_msgs/share/radr_gps_msgs/cmake/export_radr_gps_msgs__rosidl_generator_cExport.cmake
[3.097s] -- Up-to-date: /home/radr/Radr/ros2_ws/install/radr_gps_msgs/share/radr_gps_msgs/cmake/export_radr_gps_msgs__rosidl_generator_cExport-noconfig.cmake
[3.098s] -- Up-to-date: /home/radr/Radr/ros2_ws/install/radr_gps_msgs/share/radr_gps_msgs/cmake/export_radr_gps_msgs__rosidl_typesupport_fastrtps_cExport.cmake
[3.098s] -- Up-to-date: /home/radr/Radr/ros2_ws/install/radr_gps_msgs/share/radr_gps_msgs/cmake/export_radr_gps_msgs__rosidl_typesupport_fastrtps_cExport-noconfig.cmake
[3.100s] -- Up-to-date: /home/radr/Radr/ros2_ws/install/radr_gps_msgs/share/radr_gps_msgs/cmake/export_radr_gps_msgs__rosidl_generator_cppExport.cmake
[3.101s] -- Up-to-date: /home/radr/Radr/ros2_ws/install/radr_gps_msgs/share/radr_gps_msgs/cmake/export_radr_gps_msgs__rosidl_typesupport_fastrtps_cppExport.cmake
[3.101s] -- Up-to-date: /home/radr/Radr/ros2_ws/install/radr_gps_msgs/share/radr_gps_msgs/cmake/export_radr_gps_msgs__rosidl_typesupport_fastrtps_cppExport-noconfig.cmake
[3.102s] -- Up-to-date: /home/radr/Radr/ros2_ws/install/radr_gps_msgs/share/radr_gps_msgs/cmake/radr_gps_msgs__rosidl_typesupport_introspection_cExport.cmake
[3.104s] -- Up-to-date: /home/radr/Radr/ros2_ws/install/radr_gps_msgs/share/radr_gps_msgs/cmake/radr_gps_msgs__rosidl_typesupport_introspection_cExport-noconfig.cmake
[3.105s] -- Up-to-date: /home/radr/Radr/ros2_ws/install/radr_gps_msgs/share/radr_gps_msgs/cmake/radr_gps_msgs__rosidl_typesupport_cExport.cmake
[3.106s] -- Up-to-date: /home/radr/Radr/ros2_ws/install/radr_gps_msgs/share/radr_gps_msgs/cmake/radr_gps_msgs__rosidl_typesupport_cExport-noconfig.cmake
[3.109s] -- Up-to-date: /home/radr/Radr/ros2_ws/install/radr_gps_msgs/share/radr_gps_msgs/cmake/radr_gps_msgs__rosidl_typesupport_introspection_cppExport.cmake
[3.111s] -- Up-to-date: /home/radr/Radr/ros2_ws/install/radr_gps_msgs/share/radr_gps_msgs/cmake/radr_gps_msgs__rosidl_typesupport_introspection_cppExport-noconfig.cmake
[3.113s] -- Up-to-date: /home/radr/Radr/ros2_ws/install/radr_gps_msgs/share/radr_gps_msgs/cmake/radr_gps_msgs__rosidl_typesupport_cppExport.cmake
[3.116s] -- Up-to-date: /home/radr/Radr/ros2_ws/install/radr_gps_msgs/share/radr_gps_msgs/cmake/radr_gps_msgs__rosidl_typesupport_cppExport-noconfig.cmake
[3.118s] -- Up-to-date: /home/radr/Radr/ros2_ws/install/radr_gps_msgs/share/radr_gps_msgs/cmake/export_radr_gps_msgs__rosidl_generator_pyExport.cmake
[3.120s] -- Up-to-date: /home/radr/Radr/ros2_ws/install/radr_gps_msgs/share/radr_gps_msgs/cmake/export_radr_gps_msgs__rosidl_generator_pyExport-noconfig.cmake
[3.122s] -- Up-to-date: /home/radr/Radr/ros2_ws/install/radr_gps_msgs/share/radr_gps_msgs/cmake/rosidl_cmake-extras.cmake
[3.124s] -- Up-to-date: /home/radr/Radr/ros2_ws/install/radr_gps_msgs/share/radr_gps_msgs/cmake/ament_cmake_export_dependencies-extras.cmake
[3.126s] -- Up-to-date: /home/radr/Radr/ros2_ws/install/radr_gps_msgs/share/radr_gps_msgs/cmake/ament_cmake_export_include_directories-extras.cmake
[3.127s] -- Up-to-date: /home/radr/Radr/ros2_ws/install/radr_gps_msgs/share/radr_gps_msgs/cmake/ament_cmake_export_libraries-extras.cmake
[3.128s] -- Up-to-date: /home/radr/Radr/ros2_ws/install/radr_gps_msgs/share/radr_gps_msgs/cmake/ament_cmake_export_targets-extras.cmake
[3.129s] -- Up-to-date: /home/radr/Radr/ros2_ws/install/radr_gps_msgs/share/radr_gps_msgs/cmake/rosidl_cmake_export_typesupport_targets-extras.cmake
[3.130s] -- Up-to-date: /home/radr/Radr/ros2_ws/install/radr_gps_msgs/share/radr_gps_msgs/cmake/rosidl_cmake_export_typesupport_libraries-extras.cmake
[3.131s] -- Up-to-date: /home/radr/Radr/ros2_ws/install/radr_gps_msgs/share/radr_gps_msgs/cmake/radr_gps_msgsConfig.cmake
[3.132s] -- Up-to-date: /home/radr/Radr/ros2_ws/install/radr_gps_msgs/share/radr_gps_msgs/cmake/radr_gps_msgsConfig-version.cmake
[3.133s] -- Up-to-date: /home/radr/Radr/ros2_ws/install/radr_gps_msgs/share/radr_gps_msgs/package.xml
[3.151s] Invoked command in '/home/radr/Radr/ros2_ws/build/radr_gps_msgs' returned '0': CMAKE_PREFIX_PATH=/home/radr/Radr/ros2_ws/install/radr_sensor_hub:/opt/ros/humble /usr/bin/cmake --install /home/radr/Radr/ros2_ws/build/radr_gps_msgs
