[0.490s] DEBUG:colcon:Command line arguments: ['/usr/bin/colcon', 'build', '--symlink-install']
[0.490s] DEBUG:colcon:Parsed command line arguments: Namespace(log_base=None, log_level=None, verb_name='build', build_base='build', install_base='install', merge_install=False, symlink_install=True, test_result_base=None, continue_on_error=False, executor='parallel', parallel_workers=4, event_handlers=None, ignore_user_meta=False, metas=['./colcon.meta'], base_paths=['.'], packages_ignore=None, packages_ignore_regex=None, paths=None, packages_up_to=None, packages_up_to_regex=None, packages_above=None, packages_above_and_dependencies=None, packages_above_depth=None, packages_select_by_dep=None, packages_skip_by_dep=None, packages_skip_up_to=None, packages_select_build_failed=False, packages_skip_build_finished=False, packages_select_test_failures=False, packages_skip_test_passed=False, packages_select=None, packages_skip=None, packages_select_regex=None, packages_skip_regex=None, packages_start=None, packages_end=None, allow_overriding=[], cmake_args=None, cmake_target=None, cmake_target_skip_unavailable=False, cmake_clean_cache=False, cmake_clean_first=False, cmake_force_configure=False, ament_cmake_args=None, catkin_cmake_args=None, catkin_skip_building_tests=False, mixin_files=None, mixin=None, verb_parser=<colcon_mixin.mixin.mixin_argument.MixinArgumentDecorator object at 0xffff95356110>, verb_extension=<colcon_core.verb.build.BuildVerb object at 0xffff954ff100>, main=<bound method BuildVerb.main of <colcon_core.verb.build.BuildVerb object at 0xffff954ff100>>, mixin_verb=('build',))
[1.363s] Level 1:colcon.colcon_core.package_discovery:discover_packages(colcon_meta) check parameters
[1.364s] Level 1:colcon.colcon_core.package_discovery:discover_packages(recursive) check parameters
[1.364s] Level 1:colcon.colcon_core.package_discovery:discover_packages(ignore) check parameters
[1.364s] Level 1:colcon.colcon_core.package_discovery:discover_packages(path) check parameters
[1.365s] Level 1:colcon.colcon_core.package_discovery:discover_packages(colcon_meta) discover
[1.365s] Level 1:colcon.colcon_core.package_discovery:discover_packages(recursive) discover
[1.365s] INFO:colcon.colcon_core.package_discovery:Crawling recursively for packages in '/home/radr/Radr/ros2_ws'
[1.365s] Level 1:colcon.colcon_core.package_identification:_identify(.) by extensions ['ignore', 'ignore_ament_install']
[1.366s] Level 1:colcon.colcon_core.package_identification:_identify(.) by extension 'ignore'
[1.366s] Level 1:colcon.colcon_core.package_identification:_identify(.) by extension 'ignore_ament_install'
[1.367s] Level 1:colcon.colcon_core.package_identification:_identify(.) by extensions ['colcon_pkg']
[1.367s] Level 1:colcon.colcon_core.package_identification:_identify(.) by extension 'colcon_pkg'
[1.367s] Level 1:colcon.colcon_core.package_identification:_identify(.) by extensions ['colcon_meta']
[1.367s] Level 1:colcon.colcon_core.package_identification:_identify(.) by extension 'colcon_meta'
[1.367s] Level 1:colcon.colcon_core.package_identification:_identify(.) by extensions ['ros']
[1.367s] Level 1:colcon.colcon_core.package_identification:_identify(.) by extension 'ros'
[1.413s] Level 1:colcon.colcon_core.package_identification:_identify(.) by extensions ['cmake', 'python']
[1.413s] Level 1:colcon.colcon_core.package_identification:_identify(.) by extension 'cmake'
[1.413s] Level 1:colcon.colcon_core.package_identification:_identify(.) by extension 'python'
[1.413s] Level 1:colcon.colcon_core.package_identification:_identify(.) by extensions ['python_setup_py']
[1.413s] Level 1:colcon.colcon_core.package_identification:_identify(.) by extension 'python_setup_py'
[1.414s] Level 1:colcon.colcon_core.package_identification:_identify(build) by extensions ['ignore', 'ignore_ament_install']
[1.414s] Level 1:colcon.colcon_core.package_identification:_identify(build) by extension 'ignore'
[1.415s] Level 1:colcon.colcon_core.package_identification:_identify(build) ignored
[1.415s] Level 1:colcon.colcon_core.package_identification:_identify(install) by extensions ['ignore', 'ignore_ament_install']
[1.416s] Level 1:colcon.colcon_core.package_identification:_identify(install) by extension 'ignore'
[1.416s] Level 1:colcon.colcon_core.package_identification:_identify(install) ignored
[1.417s] Level 1:colcon.colcon_core.package_identification:_identify(log) by extensions ['ignore', 'ignore_ament_install']
[1.417s] Level 1:colcon.colcon_core.package_identification:_identify(log) by extension 'ignore'
[1.417s] Level 1:colcon.colcon_core.package_identification:_identify(log) ignored
[1.418s] Level 1:colcon.colcon_core.package_identification:_identify(src) by extensions ['ignore', 'ignore_ament_install']
[1.418s] Level 1:colcon.colcon_core.package_identification:_identify(src) by extension 'ignore'
[1.418s] Level 1:colcon.colcon_core.package_identification:_identify(src) by extension 'ignore_ament_install'
[1.419s] Level 1:colcon.colcon_core.package_identification:_identify(src) by extensions ['colcon_pkg']
[1.419s] Level 1:colcon.colcon_core.package_identification:_identify(src) by extension 'colcon_pkg'
[1.419s] Level 1:colcon.colcon_core.package_identification:_identify(src) by extensions ['colcon_meta']
[1.419s] Level 1:colcon.colcon_core.package_identification:_identify(src) by extension 'colcon_meta'
[1.419s] Level 1:colcon.colcon_core.package_identification:_identify(src) by extensions ['ros']
[1.419s] Level 1:colcon.colcon_core.package_identification:_identify(src) by extension 'ros'
[1.420s] Level 1:colcon.colcon_core.package_identification:_identify(src) by extensions ['cmake', 'python']
[1.420s] Level 1:colcon.colcon_core.package_identification:_identify(src) by extension 'cmake'
[1.420s] Level 1:colcon.colcon_core.package_identification:_identify(src) by extension 'python'
[1.420s] Level 1:colcon.colcon_core.package_identification:_identify(src) by extensions ['python_setup_py']
[1.421s] Level 1:colcon.colcon_core.package_identification:_identify(src) by extension 'python_setup_py'
[1.421s] Level 1:colcon.colcon_core.package_identification:_identify(src/radr_sensor_hub) by extensions ['ignore', 'ignore_ament_install']
[1.422s] Level 1:colcon.colcon_core.package_identification:_identify(src/radr_sensor_hub) by extension 'ignore'
[1.422s] Level 1:colcon.colcon_core.package_identification:_identify(src/radr_sensor_hub) by extension 'ignore_ament_install'
[1.422s] Level 1:colcon.colcon_core.package_identification:_identify(src/radr_sensor_hub) by extensions ['colcon_pkg']
[1.422s] Level 1:colcon.colcon_core.package_identification:_identify(src/radr_sensor_hub) by extension 'colcon_pkg'
[1.422s] Level 1:colcon.colcon_core.package_identification:_identify(src/radr_sensor_hub) by extensions ['colcon_meta']
[1.423s] Level 1:colcon.colcon_core.package_identification:_identify(src/radr_sensor_hub) by extension 'colcon_meta'
[1.423s] Level 1:colcon.colcon_core.package_identification:_identify(src/radr_sensor_hub) by extensions ['ros']
[1.423s] Level 1:colcon.colcon_core.package_identification:_identify(src/radr_sensor_hub) by extension 'ros'
[1.434s] DEBUG:colcon.colcon_core.package_identification:Failed to parse potential ROS package manifest in'src/radr_sensor_hub': Error(s) in package 'src/radr_sensor_hub/package.xml':
Invalid email "radr@localhost" for person "radr"
[1.435s] Level 1:colcon.colcon_core.package_identification:_identify(src/radr_sensor_hub) by extensions ['cmake', 'python']
[1.435s] Level 1:colcon.colcon_core.package_identification:_identify(src/radr_sensor_hub) by extension 'cmake'
[1.435s] Level 1:colcon.colcon_core.package_identification:_identify(src/radr_sensor_hub) by extension 'python'
[1.435s] DEBUG:colcon.colcon_core.package_identification:Python package in 'src/radr_sensor_hub' passes arguments to the setup() function which requires a different identification extension than 'python'
[1.436s] Level 1:colcon.colcon_core.package_identification:_identify(src/radr_sensor_hub) by extensions ['python_setup_py']
[1.436s] Level 1:colcon.colcon_core.package_identification:_identify(src/radr_sensor_hub) by extension 'python_setup_py'
[2.683s] DEBUG:colcon.colcon_core.package_identification:Package 'src/radr_sensor_hub' with type 'python' and name 'radr_sensor_hub'
[2.683s] Level 1:colcon.colcon_core.package_discovery:discover_packages(recursive) using defaults
[2.684s] Level 1:colcon.colcon_core.package_discovery:discover_packages(ignore) discover
[2.685s] Level 1:colcon.colcon_core.package_discovery:discover_packages(ignore) using defaults
[2.685s] Level 1:colcon.colcon_core.package_discovery:discover_packages(path) discover
[2.685s] Level 1:colcon.colcon_core.package_discovery:discover_packages(path) using defaults
[2.834s] Level 1:colcon.colcon_core.package_discovery:discover_packages(prefix_path) check parameters
[2.834s] Level 1:colcon.colcon_core.package_discovery:discover_packages(prefix_path) discover
[2.843s] DEBUG:colcon.colcon_installed_package_information.package_discovery:Found 1 installed packages in /home/radr/Radr/ros2_ws/install
[2.852s] DEBUG:colcon.colcon_installed_package_information.package_discovery:Found 273 installed packages in /opt/ros/humble
[2.858s] Level 1:colcon.colcon_core.package_discovery:discover_packages(prefix_path) using defaults
[3.086s] Level 5:colcon.colcon_core.verb:set package 'radr_sensor_hub' build argument 'cmake_args' from command line to 'None'
[3.086s] Level 5:colcon.colcon_core.verb:set package 'radr_sensor_hub' build argument 'cmake_target' from command line to 'None'
[3.086s] Level 5:colcon.colcon_core.verb:set package 'radr_sensor_hub' build argument 'cmake_target_skip_unavailable' from command line to 'False'
[3.087s] Level 5:colcon.colcon_core.verb:set package 'radr_sensor_hub' build argument 'cmake_clean_cache' from command line to 'False'
[3.087s] Level 5:colcon.colcon_core.verb:set package 'radr_sensor_hub' build argument 'cmake_clean_first' from command line to 'False'
[3.087s] Level 5:colcon.colcon_core.verb:set package 'radr_sensor_hub' build argument 'cmake_force_configure' from command line to 'False'
[3.087s] Level 5:colcon.colcon_core.verb:set package 'radr_sensor_hub' build argument 'ament_cmake_args' from command line to 'None'
[3.087s] Level 5:colcon.colcon_core.verb:set package 'radr_sensor_hub' build argument 'catkin_cmake_args' from command line to 'None'
[3.088s] Level 5:colcon.colcon_core.verb:set package 'radr_sensor_hub' build argument 'catkin_skip_building_tests' from command line to 'False'
[3.088s] DEBUG:colcon.colcon_core.verb:Building package 'radr_sensor_hub' with the following arguments: {'ament_cmake_args': None, 'build_base': '/home/radr/Radr/ros2_ws/build/radr_sensor_hub', 'catkin_cmake_args': None, 'catkin_skip_building_tests': False, 'cmake_args': None, 'cmake_clean_cache': False, 'cmake_clean_first': False, 'cmake_force_configure': False, 'cmake_target': None, 'cmake_target_skip_unavailable': False, 'install_base': '/home/radr/Radr/ros2_ws/install/radr_sensor_hub', 'merge_install': False, 'path': '/home/radr/Radr/ros2_ws/src/radr_sensor_hub', 'symlink_install': True, 'test_result_base': None}
[3.089s] INFO:colcon.colcon_core.executor:Executing jobs using 'parallel' executor
[3.093s] DEBUG:colcon.colcon_parallel_executor.executor.parallel:run_until_complete
[3.094s] INFO:colcon.colcon_core.task.python.build:Building Python package in '/home/radr/Radr/ros2_ws/src/radr_sensor_hub'
[3.106s] INFO:colcon.colcon_core.plugin_system:Skipping extension 'colcon_core.shell.bat': Not used on non-Windows systems
[3.107s] INFO:colcon.colcon_core.shell:Skip shell extension 'powershell' for command environment: Not usable outside of PowerShell
[3.107s] DEBUG:colcon.colcon_core.shell:Skip shell extension 'dsv' for command environment
[6.941s] DEBUG:colcon.colcon_core.event_handler.log_command:Invoking command in '/home/radr/Radr/ros2_ws/build/radr_sensor_hub': PS1=(venv) (venv) (venv) PYTHONPATH=/home/radr/Radr/ros2_ws/build/radr_sensor_hub/prefix_override:/usr/lib/python3/dist-packages/colcon_core/task/python/colcon_distutils_commands:/home/radr/Radr/ros2_ws/install/radr_sensor_hub/lib/python3.10/site-packages:${PYTHONPATH} VIRTUAL_ENV_PROMPT=(venv) /usr/bin/python3 -W ignore:setup.py install is deprecated -W ignore:easy_install command is deprecated setup.py develop --editable --build-directory /home/radr/Radr/ros2_ws/build/radr_sensor_hub/build --no-deps symlink_data
[10.371s] Level 1:colcon.colcon_core.shell:create_environment_hook('radr_sensor_hub', 'pythonpath_develop')
[10.373s] INFO:colcon.colcon_core.shell:Creating environment hook '/home/radr/Radr/ros2_ws/build/radr_sensor_hub/share/radr_sensor_hub/hook/pythonpath_develop.ps1'
[10.375s] DEBUG:colcon.colcon_core.event_handler.log_command:Invoked command in '/home/radr/Radr/ros2_ws/build/radr_sensor_hub' returned '0': PS1=(venv) (venv) (venv) PYTHONPATH=/home/radr/Radr/ros2_ws/build/radr_sensor_hub/prefix_override:/usr/lib/python3/dist-packages/colcon_core/task/python/colcon_distutils_commands:/home/radr/Radr/ros2_ws/install/radr_sensor_hub/lib/python3.10/site-packages:${PYTHONPATH} VIRTUAL_ENV_PROMPT=(venv) /usr/bin/python3 -W ignore:setup.py install is deprecated -W ignore:easy_install command is deprecated setup.py develop --editable --build-directory /home/radr/Radr/ros2_ws/build/radr_sensor_hub/build --no-deps symlink_data
[10.378s] INFO:colcon.colcon_core.shell:Creating environment descriptor '/home/radr/Radr/ros2_ws/build/radr_sensor_hub/share/radr_sensor_hub/hook/pythonpath_develop.dsv'
[10.381s] INFO:colcon.colcon_core.shell:Creating environment hook '/home/radr/Radr/ros2_ws/build/radr_sensor_hub/share/radr_sensor_hub/hook/pythonpath_develop.sh'
[10.398s] Level 1:colcon.colcon_core.environment:checking '/home/radr/Radr/ros2_ws/install/radr_sensor_hub' for CMake module files
[10.400s] Level 1:colcon.colcon_core.environment:checking '/home/radr/Radr/ros2_ws/install/radr_sensor_hub' for CMake config files
[10.404s] Level 1:colcon.colcon_core.environment:checking '/home/radr/Radr/ros2_ws/install/radr_sensor_hub/lib'
[10.405s] Level 1:colcon.colcon_core.environment:checking '/home/radr/Radr/ros2_ws/install/radr_sensor_hub/bin'
[10.405s] Level 1:colcon.colcon_core.environment:checking '/home/radr/Radr/ros2_ws/install/radr_sensor_hub/lib/pkgconfig/radr_sensor_hub.pc'
[10.406s] Level 1:colcon.colcon_core.environment:checking '/home/radr/Radr/ros2_ws/install/radr_sensor_hub/lib/python3.10/site-packages'
[10.407s] Level 1:colcon.colcon_core.shell:create_environment_hook('radr_sensor_hub', 'pythonpath')
[10.407s] INFO:colcon.colcon_core.shell:Creating environment hook '/home/radr/Radr/ros2_ws/install/radr_sensor_hub/share/radr_sensor_hub/hook/pythonpath.ps1'
[10.410s] INFO:colcon.colcon_core.shell:Creating environment descriptor '/home/radr/Radr/ros2_ws/install/radr_sensor_hub/share/radr_sensor_hub/hook/pythonpath.dsv'
[10.412s] INFO:colcon.colcon_core.shell:Creating environment hook '/home/radr/Radr/ros2_ws/install/radr_sensor_hub/share/radr_sensor_hub/hook/pythonpath.sh'
[10.415s] Level 1:colcon.colcon_core.environment:checking '/home/radr/Radr/ros2_ws/install/radr_sensor_hub/bin'
[10.416s] Level 1:colcon.colcon_core.environment:create_environment_scripts_only(radr_sensor_hub)
[10.417s] INFO:colcon.colcon_core.shell:Creating package script '/home/radr/Radr/ros2_ws/install/radr_sensor_hub/share/radr_sensor_hub/package.ps1'
[10.422s] INFO:colcon.colcon_core.shell:Creating package descriptor '/home/radr/Radr/ros2_ws/install/radr_sensor_hub/share/radr_sensor_hub/package.dsv'
[10.425s] INFO:colcon.colcon_core.shell:Creating package script '/home/radr/Radr/ros2_ws/install/radr_sensor_hub/share/radr_sensor_hub/package.sh'
[10.429s] INFO:colcon.colcon_core.shell:Creating package script '/home/radr/Radr/ros2_ws/install/radr_sensor_hub/share/radr_sensor_hub/package.bash'
[10.433s] INFO:colcon.colcon_core.shell:Creating package script '/home/radr/Radr/ros2_ws/install/radr_sensor_hub/share/radr_sensor_hub/package.zsh'
[10.436s] Level 1:colcon.colcon_core.environment:create_file_with_runtime_dependencies(/home/radr/Radr/ros2_ws/install/radr_sensor_hub/share/colcon-core/packages/radr_sensor_hub)
[10.437s] DEBUG:colcon.colcon_parallel_executor.executor.parallel:closing loop
[10.439s] DEBUG:colcon.colcon_parallel_executor.executor.parallel:loop closed
[10.439s] DEBUG:colcon.colcon_parallel_executor.executor.parallel:run_until_complete finished with '0'
[10.440s] DEBUG:colcon.colcon_core.event_reactor:joining thread
[10.442s] DEBUG:colcon.colcon_core.event_reactor:joined thread
[10.443s] INFO:colcon.colcon_core.shell:Creating prefix script '/home/radr/Radr/ros2_ws/install/local_setup.ps1'
[10.448s] INFO:colcon.colcon_core.shell:Creating prefix util module '/home/radr/Radr/ros2_ws/install/_local_setup_util_ps1.py'
[10.456s] INFO:colcon.colcon_core.shell:Creating prefix chain script '/home/radr/Radr/ros2_ws/install/setup.ps1'
[10.461s] INFO:colcon.colcon_core.shell:Creating prefix script '/home/radr/Radr/ros2_ws/install/local_setup.sh'
[10.465s] INFO:colcon.colcon_core.shell:Creating prefix util module '/home/radr/Radr/ros2_ws/install/_local_setup_util_sh.py'
[10.468s] INFO:colcon.colcon_core.shell:Creating prefix chain script '/home/radr/Radr/ros2_ws/install/setup.sh'
[10.473s] INFO:colcon.colcon_core.shell:Creating prefix script '/home/radr/Radr/ros2_ws/install/local_setup.bash'
[10.476s] INFO:colcon.colcon_core.shell:Creating prefix chain script '/home/radr/Radr/ros2_ws/install/setup.bash'
[10.480s] INFO:colcon.colcon_core.shell:Creating prefix script '/home/radr/Radr/ros2_ws/install/local_setup.zsh'
[10.483s] INFO:colcon.colcon_core.shell:Creating prefix chain script '/home/radr/Radr/ros2_ws/install/setup.zsh'
