[0.471s] DEBUG:colcon:Command line arguments: ['/usr/bin/colcon', 'build', '--packages-select', 'radr_sensor_hub']
[0.472s] DEBUG:colcon:Parsed command line arguments: Namespace(log_base=None, log_level=None, verb_name='build', build_base='build', install_base='install', merge_install=False, symlink_install=False, test_result_base=None, continue_on_error=False, executor='parallel', parallel_workers=4, event_handlers=None, ignore_user_meta=False, metas=['./colcon.meta'], base_paths=['.'], packages_ignore=None, packages_ignore_regex=None, paths=None, packages_up_to=None, packages_up_to_regex=None, packages_above=None, packages_above_and_dependencies=None, packages_above_depth=None, packages_select_by_dep=None, packages_skip_by_dep=None, packages_skip_up_to=None, packages_select_build_failed=False, packages_skip_build_finished=False, packages_select_test_failures=False, packages_skip_test_passed=False, packages_select=['radr_sensor_hub'], packages_skip=None, packages_select_regex=None, packages_skip_regex=None, packages_start=None, packages_end=None, allow_overriding=[], cmake_args=None, cmake_target=None, cmake_target_skip_unavailable=False, cmake_clean_cache=False, cmake_clean_first=False, cmake_force_configure=False, ament_cmake_args=None, catkin_cmake_args=None, catkin_skip_building_tests=False, mixin_files=None, mixin=None, verb_parser=<colcon_mixin.mixin.mixin_argument.MixinArgumentDecorator object at 0xffffb5a09f60>, verb_extension=<colcon_core.verb.build.BuildVerb object at 0xffffb5bb2f50>, main=<bound method BuildVerb.main of <colcon_core.verb.build.BuildVerb object at 0xffffb5bb2f50>>, mixin_verb=('build',))
[1.509s] Level 1:colcon.colcon_core.package_discovery:discover_packages(colcon_meta) check parameters
[1.509s] Level 1:colcon.colcon_core.package_discovery:discover_packages(recursive) check parameters
[1.509s] Level 1:colcon.colcon_core.package_discovery:discover_packages(ignore) check parameters
[1.510s] Level 1:colcon.colcon_core.package_discovery:discover_packages(path) check parameters
[1.510s] Level 1:colcon.colcon_core.package_discovery:discover_packages(colcon_meta) discover
[1.510s] Level 1:colcon.colcon_core.package_discovery:discover_packages(recursive) discover
[1.510s] INFO:colcon.colcon_core.package_discovery:Crawling recursively for packages in '/home/radr/Radr/ros2_ws'
[1.511s] Level 1:colcon.colcon_core.package_identification:_identify(.) by extensions ['ignore', 'ignore_ament_install']
[1.511s] Level 1:colcon.colcon_core.package_identification:_identify(.) by extension 'ignore'
[1.512s] Level 1:colcon.colcon_core.package_identification:_identify(.) by extension 'ignore_ament_install'
[1.512s] Level 1:colcon.colcon_core.package_identification:_identify(.) by extensions ['colcon_pkg']
[1.512s] Level 1:colcon.colcon_core.package_identification:_identify(.) by extension 'colcon_pkg'
[1.513s] Level 1:colcon.colcon_core.package_identification:_identify(.) by extensions ['colcon_meta']
[1.513s] Level 1:colcon.colcon_core.package_identification:_identify(.) by extension 'colcon_meta'
[1.513s] Level 1:colcon.colcon_core.package_identification:_identify(.) by extensions ['ros']
[1.513s] Level 1:colcon.colcon_core.package_identification:_identify(.) by extension 'ros'
[1.562s] Level 1:colcon.colcon_core.package_identification:_identify(.) by extensions ['cmake', 'python']
[1.563s] Level 1:colcon.colcon_core.package_identification:_identify(.) by extension 'cmake'
[1.563s] Level 1:colcon.colcon_core.package_identification:_identify(.) by extension 'python'
[1.564s] Level 1:colcon.colcon_core.package_identification:_identify(.) by extensions ['python_setup_py']
[1.564s] Level 1:colcon.colcon_core.package_identification:_identify(.) by extension 'python_setup_py'
[1.564s] Level 1:colcon.colcon_core.package_identification:_identify(build) by extensions ['ignore', 'ignore_ament_install']
[1.565s] Level 1:colcon.colcon_core.package_identification:_identify(build) by extension 'ignore'
[1.565s] Level 1:colcon.colcon_core.package_identification:_identify(build) ignored
[1.567s] Level 1:colcon.colcon_core.package_identification:_identify(install) by extensions ['ignore', 'ignore_ament_install']
[1.568s] Level 1:colcon.colcon_core.package_identification:_identify(install) by extension 'ignore'
[1.569s] Level 1:colcon.colcon_core.package_identification:_identify(install) ignored
[1.570s] Level 1:colcon.colcon_core.package_identification:_identify(log) by extensions ['ignore', 'ignore_ament_install']
[1.570s] Level 1:colcon.colcon_core.package_identification:_identify(log) by extension 'ignore'
[1.570s] Level 1:colcon.colcon_core.package_identification:_identify(log) ignored
[1.571s] Level 1:colcon.colcon_core.package_identification:_identify(src) by extensions ['ignore', 'ignore_ament_install']
[1.571s] Level 1:colcon.colcon_core.package_identification:_identify(src) by extension 'ignore'
[1.572s] Level 1:colcon.colcon_core.package_identification:_identify(src) by extension 'ignore_ament_install'
[1.572s] Level 1:colcon.colcon_core.package_identification:_identify(src) by extensions ['colcon_pkg']
[1.572s] Level 1:colcon.colcon_core.package_identification:_identify(src) by extension 'colcon_pkg'
[1.572s] Level 1:colcon.colcon_core.package_identification:_identify(src) by extensions ['colcon_meta']
[1.573s] Level 1:colcon.colcon_core.package_identification:_identify(src) by extension 'colcon_meta'
[1.573s] Level 1:colcon.colcon_core.package_identification:_identify(src) by extensions ['ros']
[1.573s] Level 1:colcon.colcon_core.package_identification:_identify(src) by extension 'ros'
[1.573s] Level 1:colcon.colcon_core.package_identification:_identify(src) by extensions ['cmake', 'python']
[1.574s] Level 1:colcon.colcon_core.package_identification:_identify(src) by extension 'cmake'
[1.574s] Level 1:colcon.colcon_core.package_identification:_identify(src) by extension 'python'
[1.574s] Level 1:colcon.colcon_core.package_identification:_identify(src) by extensions ['python_setup_py']
[1.575s] Level 1:colcon.colcon_core.package_identification:_identify(src) by extension 'python_setup_py'
[1.575s] Level 1:colcon.colcon_core.package_identification:_identify(src/radr_sensor_hub) by extensions ['ignore', 'ignore_ament_install']
[1.576s] Level 1:colcon.colcon_core.package_identification:_identify(src/radr_sensor_hub) by extension 'ignore'
[1.576s] Level 1:colcon.colcon_core.package_identification:_identify(src/radr_sensor_hub) by extension 'ignore_ament_install'
[1.577s] Level 1:colcon.colcon_core.package_identification:_identify(src/radr_sensor_hub) by extensions ['colcon_pkg']
[1.577s] Level 1:colcon.colcon_core.package_identification:_identify(src/radr_sensor_hub) by extension 'colcon_pkg'
[1.577s] Level 1:colcon.colcon_core.package_identification:_identify(src/radr_sensor_hub) by extensions ['colcon_meta']
[1.578s] Level 1:colcon.colcon_core.package_identification:_identify(src/radr_sensor_hub) by extension 'colcon_meta'
[1.578s] Level 1:colcon.colcon_core.package_identification:_identify(src/radr_sensor_hub) by extensions ['ros']
[1.578s] Level 1:colcon.colcon_core.package_identification:_identify(src/radr_sensor_hub) by extension 'ros'
[1.590s] DEBUG:colcon.colcon_core.package_identification:Package 'src/radr_sensor_hub' with type 'ros.ament_python' and name 'radr_sensor_hub'
[1.590s] Level 1:colcon.colcon_core.package_identification:_identify(systemd) by extensions ['ignore', 'ignore_ament_install']
[1.591s] Level 1:colcon.colcon_core.package_identification:_identify(systemd) by extension 'ignore'
[1.591s] Level 1:colcon.colcon_core.package_identification:_identify(systemd) by extension 'ignore_ament_install'
[1.592s] Level 1:colcon.colcon_core.package_identification:_identify(systemd) by extensions ['colcon_pkg']
[1.592s] Level 1:colcon.colcon_core.package_identification:_identify(systemd) by extension 'colcon_pkg'
[1.592s] Level 1:colcon.colcon_core.package_identification:_identify(systemd) by extensions ['colcon_meta']
[1.592s] Level 1:colcon.colcon_core.package_identification:_identify(systemd) by extension 'colcon_meta'
[1.592s] Level 1:colcon.colcon_core.package_identification:_identify(systemd) by extensions ['ros']
[1.593s] Level 1:colcon.colcon_core.package_identification:_identify(systemd) by extension 'ros'
[1.593s] Level 1:colcon.colcon_core.package_identification:_identify(systemd) by extensions ['cmake', 'python']
[1.593s] Level 1:colcon.colcon_core.package_identification:_identify(systemd) by extension 'cmake'
[1.594s] Level 1:colcon.colcon_core.package_identification:_identify(systemd) by extension 'python'
[1.594s] Level 1:colcon.colcon_core.package_identification:_identify(systemd) by extensions ['python_setup_py']
[1.594s] Level 1:colcon.colcon_core.package_identification:_identify(systemd) by extension 'python_setup_py'
[1.595s] Level 1:colcon.colcon_core.package_discovery:discover_packages(recursive) using defaults
[1.595s] Level 1:colcon.colcon_core.package_discovery:discover_packages(ignore) discover
[1.595s] Level 1:colcon.colcon_core.package_discovery:discover_packages(ignore) using defaults
[1.595s] Level 1:colcon.colcon_core.package_discovery:discover_packages(path) discover
[1.595s] Level 1:colcon.colcon_core.package_discovery:discover_packages(path) using defaults
[1.731s] Level 1:colcon.colcon_core.package_discovery:discover_packages(prefix_path) check parameters
[1.732s] Level 1:colcon.colcon_core.package_discovery:discover_packages(prefix_path) discover
[1.743s] DEBUG:colcon.colcon_installed_package_information.package_discovery:Found 1 installed packages in /home/radr/Radr/ros2_ws/install
[1.753s] DEBUG:colcon.colcon_installed_package_information.package_discovery:Found 273 installed packages in /opt/ros/humble
[1.760s] Level 1:colcon.colcon_core.package_discovery:discover_packages(prefix_path) using defaults
[1.937s] Level 5:colcon.colcon_core.verb:set package 'radr_sensor_hub' build argument 'cmake_args' from command line to 'None'
[1.938s] Level 5:colcon.colcon_core.verb:set package 'radr_sensor_hub' build argument 'cmake_target' from command line to 'None'
[1.938s] Level 5:colcon.colcon_core.verb:set package 'radr_sensor_hub' build argument 'cmake_target_skip_unavailable' from command line to 'False'
[1.938s] Level 5:colcon.colcon_core.verb:set package 'radr_sensor_hub' build argument 'cmake_clean_cache' from command line to 'False'
[1.938s] Level 5:colcon.colcon_core.verb:set package 'radr_sensor_hub' build argument 'cmake_clean_first' from command line to 'False'
[1.938s] Level 5:colcon.colcon_core.verb:set package 'radr_sensor_hub' build argument 'cmake_force_configure' from command line to 'False'
[1.938s] Level 5:colcon.colcon_core.verb:set package 'radr_sensor_hub' build argument 'ament_cmake_args' from command line to 'None'
[1.938s] Level 5:colcon.colcon_core.verb:set package 'radr_sensor_hub' build argument 'catkin_cmake_args' from command line to 'None'
[1.938s] Level 5:colcon.colcon_core.verb:set package 'radr_sensor_hub' build argument 'catkin_skip_building_tests' from command line to 'False'
[1.939s] DEBUG:colcon.colcon_core.verb:Building package 'radr_sensor_hub' with the following arguments: {'ament_cmake_args': None, 'build_base': '/home/radr/Radr/ros2_ws/build/radr_sensor_hub', 'catkin_cmake_args': None, 'catkin_skip_building_tests': False, 'cmake_args': None, 'cmake_clean_cache': False, 'cmake_clean_first': False, 'cmake_force_configure': False, 'cmake_target': None, 'cmake_target_skip_unavailable': False, 'install_base': '/home/radr/Radr/ros2_ws/install/radr_sensor_hub', 'merge_install': False, 'path': '/home/radr/Radr/ros2_ws/src/radr_sensor_hub', 'symlink_install': False, 'test_result_base': None}
[1.939s] INFO:colcon.colcon_core.executor:Executing jobs using 'parallel' executor
[1.942s] DEBUG:colcon.colcon_parallel_executor.executor.parallel:run_until_complete
[1.943s] INFO:colcon.colcon_ros.task.ament_python.build:Building ROS package in '/home/radr/Radr/ros2_ws/src/radr_sensor_hub' with build type 'ament_python'
[1.944s] Level 1:colcon.colcon_core.shell:create_environment_hook('radr_sensor_hub', 'ament_prefix_path')
[1.954s] INFO:colcon.colcon_core.plugin_system:Skipping extension 'colcon_core.shell.bat': Not used on non-Windows systems
[1.955s] INFO:colcon.colcon_core.shell:Creating environment hook '/home/radr/Radr/ros2_ws/install/radr_sensor_hub/share/radr_sensor_hub/hook/ament_prefix_path.ps1'
[1.958s] INFO:colcon.colcon_core.shell:Creating environment descriptor '/home/radr/Radr/ros2_ws/install/radr_sensor_hub/share/radr_sensor_hub/hook/ament_prefix_path.dsv'
[1.960s] INFO:colcon.colcon_core.shell:Creating environment hook '/home/radr/Radr/ros2_ws/install/radr_sensor_hub/share/radr_sensor_hub/hook/ament_prefix_path.sh'
[1.964s] INFO:colcon.colcon_core.shell:Skip shell extension 'powershell' for command environment: Not usable outside of PowerShell
[1.964s] DEBUG:colcon.colcon_core.shell:Skip shell extension 'dsv' for command environment
[3.227s] INFO:colcon.colcon_core.task.python.build:Building Python package in '/home/radr/Radr/ros2_ws/src/radr_sensor_hub'
[3.228s] INFO:colcon.colcon_core.shell:Skip shell extension 'powershell' for command environment: Not usable outside of PowerShell
[3.229s] DEBUG:colcon.colcon_core.shell:Skip shell extension 'dsv' for command environment
[4.930s] DEBUG:colcon.colcon_core.event_handler.log_command:Invoking command in '/home/radr/Radr/ros2_ws/src/radr_sensor_hub': PYTHONPATH=/home/radr/Radr/ros2_ws/build/radr_sensor_hub/prefix_override:/usr/lib/python3/dist-packages/colcon_core/task/python/colcon_distutils_commands:/home/radr/Radr/ros2_ws/install/radr_sensor_hub/lib/python3.10/site-packages:${PYTHONPATH} /usr/bin/python3 -W ignore:setup.py install is deprecated -W ignore:easy_install command is deprecated setup.py egg_info --egg-base ../../build/radr_sensor_hub build --build-base /home/radr/Radr/ros2_ws/build/radr_sensor_hub/build install --record /home/radr/Radr/ros2_ws/build/radr_sensor_hub/install.log --single-version-externally-managed install_data
[6.541s] DEBUG:colcon.colcon_core.event_handler.log_command:Invoked command in '/home/radr/Radr/ros2_ws/src/radr_sensor_hub' returned '0': PYTHONPATH=/home/radr/Radr/ros2_ws/build/radr_sensor_hub/prefix_override:/usr/lib/python3/dist-packages/colcon_core/task/python/colcon_distutils_commands:/home/radr/Radr/ros2_ws/install/radr_sensor_hub/lib/python3.10/site-packages:${PYTHONPATH} /usr/bin/python3 -W ignore:setup.py install is deprecated -W ignore:easy_install command is deprecated setup.py egg_info --egg-base ../../build/radr_sensor_hub build --build-base /home/radr/Radr/ros2_ws/build/radr_sensor_hub/build install --record /home/radr/Radr/ros2_ws/build/radr_sensor_hub/install.log --single-version-externally-managed install_data
[6.552s] Level 1:colcon.colcon_core.environment:checking '/home/radr/Radr/ros2_ws/install/radr_sensor_hub' for CMake module files
[6.555s] Level 1:colcon.colcon_core.environment:checking '/home/radr/Radr/ros2_ws/install/radr_sensor_hub' for CMake config files
[6.559s] Level 1:colcon.colcon_core.environment:checking '/home/radr/Radr/ros2_ws/install/radr_sensor_hub/lib'
[6.560s] Level 1:colcon.colcon_core.environment:checking '/home/radr/Radr/ros2_ws/install/radr_sensor_hub/bin'
[6.561s] Level 1:colcon.colcon_core.environment:checking '/home/radr/Radr/ros2_ws/install/radr_sensor_hub/lib/pkgconfig/radr_sensor_hub.pc'
[6.562s] Level 1:colcon.colcon_core.environment:checking '/home/radr/Radr/ros2_ws/install/radr_sensor_hub/lib/python3.10/site-packages'
[6.562s] Level 1:colcon.colcon_core.shell:create_environment_hook('radr_sensor_hub', 'pythonpath')
[6.563s] INFO:colcon.colcon_core.shell:Creating environment hook '/home/radr/Radr/ros2_ws/install/radr_sensor_hub/share/radr_sensor_hub/hook/pythonpath.ps1'
[6.565s] INFO:colcon.colcon_core.shell:Creating environment descriptor '/home/radr/Radr/ros2_ws/install/radr_sensor_hub/share/radr_sensor_hub/hook/pythonpath.dsv'
[6.567s] INFO:colcon.colcon_core.shell:Creating environment hook '/home/radr/Radr/ros2_ws/install/radr_sensor_hub/share/radr_sensor_hub/hook/pythonpath.sh'
[6.570s] Level 1:colcon.colcon_core.environment:checking '/home/radr/Radr/ros2_ws/install/radr_sensor_hub/bin'
[6.571s] Level 1:colcon.colcon_core.environment:create_environment_scripts_only(radr_sensor_hub)
[6.572s] INFO:colcon.colcon_core.shell:Creating package script '/home/radr/Radr/ros2_ws/install/radr_sensor_hub/share/radr_sensor_hub/package.ps1'
[6.577s] INFO:colcon.colcon_core.shell:Creating package descriptor '/home/radr/Radr/ros2_ws/install/radr_sensor_hub/share/radr_sensor_hub/package.dsv'
[6.579s] INFO:colcon.colcon_core.shell:Creating package script '/home/radr/Radr/ros2_ws/install/radr_sensor_hub/share/radr_sensor_hub/package.sh'
[6.583s] INFO:colcon.colcon_core.shell:Creating package script '/home/radr/Radr/ros2_ws/install/radr_sensor_hub/share/radr_sensor_hub/package.bash'
[6.586s] INFO:colcon.colcon_core.shell:Creating package script '/home/radr/Radr/ros2_ws/install/radr_sensor_hub/share/radr_sensor_hub/package.zsh'
[6.590s] Level 1:colcon.colcon_core.environment:create_file_with_runtime_dependencies(/home/radr/Radr/ros2_ws/install/radr_sensor_hub/share/colcon-core/packages/radr_sensor_hub)
[6.592s] DEBUG:colcon.colcon_parallel_executor.executor.parallel:closing loop
[6.593s] DEBUG:colcon.colcon_parallel_executor.executor.parallel:loop closed
[6.593s] DEBUG:colcon.colcon_parallel_executor.executor.parallel:run_until_complete finished with '0'
[6.594s] DEBUG:colcon.colcon_core.event_reactor:joining thread
[6.595s] DEBUG:colcon.colcon_core.event_reactor:joined thread
[6.596s] INFO:colcon.colcon_core.shell:Creating prefix script '/home/radr/Radr/ros2_ws/install/local_setup.ps1'
[6.601s] INFO:colcon.colcon_core.shell:Creating prefix util module '/home/radr/Radr/ros2_ws/install/_local_setup_util_ps1.py'
[6.607s] INFO:colcon.colcon_core.shell:Creating prefix chain script '/home/radr/Radr/ros2_ws/install/setup.ps1'
[6.613s] INFO:colcon.colcon_core.shell:Creating prefix script '/home/radr/Radr/ros2_ws/install/local_setup.sh'
[6.615s] INFO:colcon.colcon_core.shell:Creating prefix util module '/home/radr/Radr/ros2_ws/install/_local_setup_util_sh.py'
[6.618s] INFO:colcon.colcon_core.shell:Creating prefix chain script '/home/radr/Radr/ros2_ws/install/setup.sh'
[6.623s] INFO:colcon.colcon_core.shell:Creating prefix script '/home/radr/Radr/ros2_ws/install/local_setup.bash'
[6.625s] INFO:colcon.colcon_core.shell:Creating prefix chain script '/home/radr/Radr/ros2_ws/install/setup.bash'
[6.630s] INFO:colcon.colcon_core.shell:Creating prefix script '/home/radr/Radr/ros2_ws/install/local_setup.zsh'
[6.632s] INFO:colcon.colcon_core.shell:Creating prefix chain script '/home/radr/Radr/ros2_ws/install/setup.zsh'
