[0.000000] (-) TimerEvent: {}
[0.000938] (radr_sensor_hub) JobQueued: {'identifier': 'radr_sensor_hub', 'dependencies': OrderedDict()}
[0.001445] (radr_sensor_hub) JobStarted: {'identifier': 'radr_sensor_hub'}
[0.098677] (-) TimerEvent: {}
[0.199045] (-) TimerEvent: {}
[0.299461] (-) TimerEvent: {}
[0.400027] (-) TimerEvent: {}
[0.500529] (-) TimerEvent: {}
[0.600922] (-) TimerEvent: {}
[0.701279] (-) TimerEvent: {}
[0.801605] (-) TimerEvent: {}
[0.901938] (-) TimerEvent: {}
[1.002311] (-) TimerEvent: {}
[1.102669] (-) TimerEvent: {}
[1.203063] (-) TimerEvent: {}
[1.303632] (-) TimerEvent: {}
[1.404319] (-) TimerEvent: {}
[1.504786] (-) TimerEvent: {}
[1.605182] (-) TimerEvent: {}
[1.705558] (-) TimerEvent: {}
[1.805918] (-) TimerEvent: {}
[1.906279] (-) TimerEvent: {}
[2.006651] (-) TimerEvent: {}
[2.109819] (-) TimerEvent: {}
[2.210201] (-) TimerEvent: {}
[2.310569] (-) TimerEvent: {}
[2.411051] (-) TimerEvent: {}
[2.511589] (-) TimerEvent: {}
[2.612051] (-) TimerEvent: {}
[2.719820] (-) TimerEvent: {}
[2.820407] (-) TimerEvent: {}
[2.921337] (-) TimerEvent: {}
[3.021972] (-) TimerEvent: {}
[3.122634] (-) TimerEvent: {}
[3.223207] (-) TimerEvent: {}
[3.323768] (-) TimerEvent: {}
[3.424436] (-) TimerEvent: {}
[3.525131] (-) TimerEvent: {}
[3.625878] (-) TimerEvent: {}
[3.638689] (radr_sensor_hub) Command: {'cmd': ['/usr/bin/python3', '-W', 'ignore:setup.py install is deprecated', '-W', 'ignore:easy_install command is deprecated', 'setup.py', 'egg_info', '--egg-base', '../../build/radr_sensor_hub', 'build', '--build-base', '/home/radr/Radr/ros2_ws/build/radr_sensor_hub/build', 'install', '--record', '/home/radr/Radr/ros2_ws/build/radr_sensor_hub/install.log', '--single-version-externally-managed', 'install_data'], 'cwd': '/home/radr/Radr/ros2_ws/src/radr_sensor_hub', 'env': {'LESSOPEN': '| /usr/bin/lesspipe %s', 'VSCODE_CWD': '/home/radr', 'VSCODE_ESM_ENTRYPOINT': 'vs/workbench/api/node/extensionHostProcess', 'LANGUAGE': 'en', 'USER': 'radr', 'SSH_CLIENT': '100.82.113.115 55486 22', 'LC_TIME': 'C.UTF-8', 'VSCODE_NLS_CONFIG': '{"userLocale":"en","osLocale":"en","resolvedLanguage":"en","defaultMessagesFile":"/home/radr/.cursor-server/bin/linux-arm64/48a15759f53cd5fc9b5c20936ad7d79847d914b0/out/nls.messages.json","locale":"en","availableLanguages":{}}', 'VSCODE_HANDLES_UNCAUGHT_ERRORS': 'true', 'XDG_SESSION_TYPE': 'tty', 'SHLVL': '2', 'LD_LIBRARY_PATH': '/home/radr/Radr/ros2_ws/install/radr_gps_msgs/lib:/opt/ros/humble/opt/rviz_ogre_vendor/lib:/opt/ros/humble/lib/aarch64-linux-gnu:/opt/ros/humble/lib', 'BROWSER': '/home/radr/.cursor-server/bin/linux-arm64/48a15759f53cd5fc9b5c20936ad7d79847d914b0/bin/helpers/browser.sh', 'MOTD_SHOWN': 'pam', 'HOME': '/home/radr', 'OLDPWD': '/home/radr/Radr', 'VSCODE_IPC_HOOK_CLI': '/run/user/1000/vscode-ipc-f77f8b41-928a-44f5-b991-e8925d191dbe.sock', 'ROS_PYTHON_VERSION': '3', 'LC_MONETARY': 'C.UTF-8', 'NO_COLOR': '1', 'DBUS_SESSION_BUS_ADDRESS': 'unix:path=/run/user/1000/bus', 'COLCON_PREFIX_PATH': '/home/radr/Radr/ros2_ws/install', 'ROS_DISTRO': 'humble', 'OVSX_REGISTRY_URL': 'https://open-vsx.org', 'LOGNAME': 'radr', 'FORCE_COLOR': '0', 'VSCODE_HANDLES_SIGPIPE': 'true', '_': '/usr/bin/colcon', 'ROS_VERSION': '2', 'CURSOR_LAYOUT': 'unifiedAgent', 'XDG_SESSION_CLASS': 'user', 'TERM': 'dumb', 'XDG_SESSION_ID': '3', 'ROS_LOCALHOST_ONLY': '0', 'PATH': '/home/radr/.local/bin:/home/radr/.local/bin:/home/radr/.cursor-server/bin/linux-arm64/48a15759f53cd5fc9b5c20936ad7d79847d914b0/bin/remote-cli:/home/radr/.local/bin:/opt/ros/humble/bin:/home/radr/.cursor-server/bin/linux-arm64/48a15759f53cd5fc9b5c20936ad7d79847d914b0/bin/remote-cli:/home/radr/.local/bin:/usr/local/sbin:/usr/local/bin:/usr/sbin:/usr/bin:/sbin:/bin:/usr/games:/usr/local/games:/snap/bin', 'VSCODE_AGENT_FOLDER': '/home/radr/.cursor-server', 'PAPERSIZE': 'a4', 'LC_ADDRESS': 'C.UTF-8', 'XDG_RUNTIME_DIR': '/run/user/1000', 'CURSOR_AGENT': '1', 'LANG': 'en_US.UTF-8', 'LC_TELEPHONE': 'C.UTF-8', 'LS_COLORS': '', 'AMENT_PREFIX_PATH': '/home/radr/Radr/ros2_ws/install/radr_sensor_hub:/home/radr/Radr/ros2_ws/install/radr_gps_msgs:/opt/ros/humble', 'SHELL': '/bin/bash', 'LC_NAME': 'C.UTF-8', 'VSCODE_SERVER_SHUTDOWN_TIMEOUT': '300', 'LESSCLOSE': '/usr/bin/lesspipe %s %s', 'LC_MEASUREMENT': 'C.UTF-8', 'LC_IDENTIFICATION': 'C.UTF-8', 'PWD': '/home/radr/Radr/ros2_ws/build/radr_sensor_hub', 'LC_ALL': 'en_US.UTF-8', 'SSH_CONNECTION': '100.82.113.115 55486 100.110.47.15 22', 'XDG_DATA_DIRS': '/usr/share/gnome:/usr/local/share:/usr/share:/var/lib/snapd/desktop', 'PYTHONPATH': '/home/radr/Radr/ros2_ws/build/radr_sensor_hub/prefix_override:/usr/lib/python3/dist-packages/colcon_core/task/python/colcon_distutils_commands:/home/radr/Radr/ros2_ws/install/radr_sensor_hub/lib/python3.10/site-packages:/home/radr/Radr/ros2_ws/install/radr_sensor_hub/lib/python3.10/site-packages:/home/radr/Radr/ros2_ws/install/radr_gps_msgs/local/lib/python3.10/dist-packages:/opt/ros/humble/lib/python3.10/site-packages:/opt/ros/humble/local/lib/python3.10/dist-packages', 'LC_NUMERIC': 'C.UTF-8', 'LC_PAPER': 'C.UTF-8', 'COLCON': '1', '_ZO_DOCTOR': '0', 'CMAKE_PREFIX_PATH': '/home/radr/Radr/ros2_ws/install/radr_gps_msgs'}, 'shell': False}
[3.726035] (-) TimerEvent: {}
[3.826897] (-) TimerEvent: {}
[3.927308] (-) TimerEvent: {}
[4.027690] (-) TimerEvent: {}
[4.128052] (-) TimerEvent: {}
[4.228428] (-) TimerEvent: {}
[4.328794] (-) TimerEvent: {}
[4.429142] (-) TimerEvent: {}
[4.529494] (-) TimerEvent: {}
[4.629836] (-) TimerEvent: {}
[4.730188] (-) TimerEvent: {}
[4.830536] (-) TimerEvent: {}
[4.930886] (-) TimerEvent: {}
[5.002725] (radr_sensor_hub) StdoutLine: {'line': b'running egg_info\n'}
[5.005808] (radr_sensor_hub) StdoutLine: {'line': b'writing ../../build/radr_sensor_hub/radr_sensor_hub.egg-info/PKG-INFO\n'}
[5.007604] (radr_sensor_hub) StdoutLine: {'line': b'writing dependency_links to ../../build/radr_sensor_hub/radr_sensor_hub.egg-info/dependency_links.txt\n'}
[5.009138] (radr_sensor_hub) StdoutLine: {'line': b'writing entry points to ../../build/radr_sensor_hub/radr_sensor_hub.egg-info/entry_points.txt\n'}
[5.011326] (radr_sensor_hub) StdoutLine: {'line': b'writing requirements to ../../build/radr_sensor_hub/radr_sensor_hub.egg-info/requires.txt\n'}
[5.011917] (radr_sensor_hub) StdoutLine: {'line': b'writing top-level names to ../../build/radr_sensor_hub/radr_sensor_hub.egg-info/top_level.txt\n'}
[5.023215] (radr_sensor_hub) StdoutLine: {'line': b"reading manifest file '../../build/radr_sensor_hub/radr_sensor_hub.egg-info/SOURCES.txt'\n"}
[5.028527] (radr_sensor_hub) StdoutLine: {'line': b"writing manifest file '../../build/radr_sensor_hub/radr_sensor_hub.egg-info/SOURCES.txt'\n"}
[5.030099] (radr_sensor_hub) StdoutLine: {'line': b'running build\n'}
[5.030626] (radr_sensor_hub) StdoutLine: {'line': b'running build_py\n'}
[5.031043] (-) TimerEvent: {}
[5.033213] (radr_sensor_hub) StdoutLine: {'line': b'copying radr_sensor_hub/nmea_gps.py -> /home/radr/Radr/ros2_ws/build/radr_sensor_hub/build/lib/radr_sensor_hub\n'}
[5.036261] (radr_sensor_hub) StdoutLine: {'line': b'copying radr_sensor_hub/gps_node.py -> /home/radr/Radr/ros2_ws/build/radr_sensor_hub/build/lib/radr_sensor_hub\n'}
[5.037945] (radr_sensor_hub) StdoutLine: {'line': b'running install\n'}
[5.039291] (radr_sensor_hub) StdoutLine: {'line': b'running install_lib\n'}
[5.044540] (radr_sensor_hub) StdoutLine: {'line': b'copying /home/radr/Radr/ros2_ws/build/radr_sensor_hub/build/lib/radr_sensor_hub/nmea_gps.py -> /home/radr/Radr/ros2_ws/install/radr_sensor_hub/lib/python3.10/site-packages/radr_sensor_hub\n'}
[5.045708] (radr_sensor_hub) StdoutLine: {'line': b'copying /home/radr/Radr/ros2_ws/build/radr_sensor_hub/build/lib/radr_sensor_hub/gps_node.py -> /home/radr/Radr/ros2_ws/install/radr_sensor_hub/lib/python3.10/site-packages/radr_sensor_hub\n'}
[5.049889] (radr_sensor_hub) StdoutLine: {'line': b'byte-compiling /home/radr/Radr/ros2_ws/install/radr_sensor_hub/lib/python3.10/site-packages/radr_sensor_hub/nmea_gps.py to nmea_gps.cpython-310.pyc\n'}
[5.057046] (radr_sensor_hub) StdoutLine: {'line': b'byte-compiling /home/radr/Radr/ros2_ws/install/radr_sensor_hub/lib/python3.10/site-packages/radr_sensor_hub/gps_node.py to gps_node.cpython-310.pyc\n'}
[5.065210] (radr_sensor_hub) StdoutLine: {'line': b'running install_data\n'}
[5.066440] (radr_sensor_hub) StderrLine: {'line': b"error: can't copy 'package.xml': doesn't exist or not a regular file\n"}
[5.131300] (-) TimerEvent: {}
[5.208459] (radr_sensor_hub) CommandEnded: {'returncode': 1}
[5.210206] (radr_sensor_hub) JobEnded: {'identifier': 'radr_sensor_hub', 'rc': 1}
[5.221666] (-) EventReactorShutdown: {}
