[1.582s] DEBUG:colcon:Command line arguments: ['/usr/bin/colcon', 'build', '--packages-select', 'radr_gps_msgs', 'radr_sensor_hub']
[1.582s] DEBUG:colcon:Parsed command line arguments: Namespace(log_base=None, log_level=None, verb_name='build', build_base='build', install_base='install', merge_install=False, symlink_install=False, test_result_base=None, continue_on_error=False, executor='parallel', parallel_workers=4, event_handlers=None, ignore_user_meta=False, metas=['./colcon.meta'], base_paths=['.'], packages_ignore=None, packages_ignore_regex=None, paths=None, packages_up_to=None, packages_up_to_regex=None, packages_above=None, packages_above_and_dependencies=None, packages_above_depth=None, packages_select_by_dep=None, packages_skip_by_dep=None, packages_skip_up_to=None, packages_select_build_failed=False, packages_skip_build_finished=False, packages_select_test_failures=False, packages_skip_test_passed=False, packages_select=['radr_gps_msgs', 'radr_sensor_hub'], packages_skip=None, packages_select_regex=None, packages_skip_regex=None, packages_start=None, packages_end=None, allow_overriding=[], cmake_args=None, cmake_target=None, cmake_target_skip_unavailable=False, cmake_clean_cache=False, cmake_clean_first=False, cmake_force_configure=False, ament_cmake_args=None, catkin_cmake_args=None, catkin_skip_building_tests=False, mixin_files=None, mixin=None, verb_parser=<colcon_mixin.mixin.mixin_argument.MixinArgumentDecorator object at 0xffffae919f00>, verb_extension=<colcon_core.verb.build.BuildVerb object at 0xffffaeac2ef0>, main=<bound method BuildVerb.main of <colcon_core.verb.build.BuildVerb object at 0xffffaeac2ef0>>, mixin_verb=('build',))
[3.865s] Level 1:colcon.colcon_core.package_discovery:discover_packages(colcon_meta) check parameters
[3.866s] Level 1:colcon.colcon_core.package_discovery:discover_packages(recursive) check parameters
[3.866s] Level 1:colcon.colcon_core.package_discovery:discover_packages(ignore) check parameters
[3.866s] Level 1:colcon.colcon_core.package_discovery:discover_packages(path) check parameters
[3.866s] Level 1:colcon.colcon_core.package_discovery:discover_packages(colcon_meta) discover
[3.867s] Level 1:colcon.colcon_core.package_discovery:discover_packages(recursive) discover
[3.867s] INFO:colcon.colcon_core.package_discovery:Crawling recursively for packages in '/home/radr/Radr/ros2_ws'
[3.868s] Level 1:colcon.colcon_core.package_identification:_identify(.) by extensions ['ignore', 'ignore_ament_install']
[3.868s] Level 1:colcon.colcon_core.package_identification:_identify(.) by extension 'ignore'
[3.869s] Level 1:colcon.colcon_core.package_identification:_identify(.) by extension 'ignore_ament_install'
[3.869s] Level 1:colcon.colcon_core.package_identification:_identify(.) by extensions ['colcon_pkg']
[3.869s] Level 1:colcon.colcon_core.package_identification:_identify(.) by extension 'colcon_pkg'
[3.870s] Level 1:colcon.colcon_core.package_identification:_identify(.) by extensions ['colcon_meta']
[3.870s] Level 1:colcon.colcon_core.package_identification:_identify(.) by extension 'colcon_meta'
[3.870s] Level 1:colcon.colcon_core.package_identification:_identify(.) by extensions ['ros']
[3.870s] Level 1:colcon.colcon_core.package_identification:_identify(.) by extension 'ros'
[3.938s] Level 1:colcon.colcon_core.package_identification:_identify(.) by extensions ['cmake', 'python']
[3.938s] Level 1:colcon.colcon_core.package_identification:_identify(.) by extension 'cmake'
[3.939s] Level 1:colcon.colcon_core.package_identification:_identify(.) by extension 'python'
[3.939s] Level 1:colcon.colcon_core.package_identification:_identify(.) by extensions ['python_setup_py']
[3.939s] Level 1:colcon.colcon_core.package_identification:_identify(.) by extension 'python_setup_py'
[3.940s] Level 1:colcon.colcon_core.package_identification:_identify(build) by extensions ['ignore', 'ignore_ament_install']
[3.940s] Level 1:colcon.colcon_core.package_identification:_identify(build) by extension 'ignore'
[3.941s] Level 1:colcon.colcon_core.package_identification:_identify(build) ignored
[3.941s] Level 1:colcon.colcon_core.package_identification:_identify(install) by extensions ['ignore', 'ignore_ament_install']
[3.942s] Level 1:colcon.colcon_core.package_identification:_identify(install) by extension 'ignore'
[3.943s] Level 1:colcon.colcon_core.package_identification:_identify(install) ignored
[3.944s] Level 1:colcon.colcon_core.package_identification:_identify(log) by extensions ['ignore', 'ignore_ament_install']
[3.945s] Level 1:colcon.colcon_core.package_identification:_identify(log) by extension 'ignore'
[3.945s] Level 1:colcon.colcon_core.package_identification:_identify(log) ignored
[3.946s] Level 1:colcon.colcon_core.package_identification:_identify(scripts) by extensions ['ignore', 'ignore_ament_install']
[3.947s] Level 1:colcon.colcon_core.package_identification:_identify(scripts) by extension 'ignore'
[3.947s] Level 1:colcon.colcon_core.package_identification:_identify(scripts) by extension 'ignore_ament_install'
[3.948s] Level 1:colcon.colcon_core.package_identification:_identify(scripts) by extensions ['colcon_pkg']
[3.948s] Level 1:colcon.colcon_core.package_identification:_identify(scripts) by extension 'colcon_pkg'
[3.949s] Level 1:colcon.colcon_core.package_identification:_identify(scripts) by extensions ['colcon_meta']
[3.949s] Level 1:colcon.colcon_core.package_identification:_identify(scripts) by extension 'colcon_meta'
[3.949s] Level 1:colcon.colcon_core.package_identification:_identify(scripts) by extensions ['ros']
[3.949s] Level 1:colcon.colcon_core.package_identification:_identify(scripts) by extension 'ros'
[3.950s] Level 1:colcon.colcon_core.package_identification:_identify(scripts) by extensions ['cmake', 'python']
[3.950s] Level 1:colcon.colcon_core.package_identification:_identify(scripts) by extension 'cmake'
[3.950s] Level 1:colcon.colcon_core.package_identification:_identify(scripts) by extension 'python'
[3.951s] Level 1:colcon.colcon_core.package_identification:_identify(scripts) by extensions ['python_setup_py']
[3.951s] Level 1:colcon.colcon_core.package_identification:_identify(scripts) by extension 'python_setup_py'
[3.951s] Level 1:colcon.colcon_core.package_identification:_identify(src) by extensions ['ignore', 'ignore_ament_install']
[3.952s] Level 1:colcon.colcon_core.package_identification:_identify(src) by extension 'ignore'
[3.952s] Level 1:colcon.colcon_core.package_identification:_identify(src) by extension 'ignore_ament_install'
[3.953s] Level 1:colcon.colcon_core.package_identification:_identify(src) by extensions ['colcon_pkg']
[3.953s] Level 1:colcon.colcon_core.package_identification:_identify(src) by extension 'colcon_pkg'
[3.953s] Level 1:colcon.colcon_core.package_identification:_identify(src) by extensions ['colcon_meta']
[3.954s] Level 1:colcon.colcon_core.package_identification:_identify(src) by extension 'colcon_meta'
[3.954s] Level 1:colcon.colcon_core.package_identification:_identify(src) by extensions ['ros']
[3.954s] Level 1:colcon.colcon_core.package_identification:_identify(src) by extension 'ros'
[3.955s] Level 1:colcon.colcon_core.package_identification:_identify(src) by extensions ['cmake', 'python']
[3.955s] Level 1:colcon.colcon_core.package_identification:_identify(src) by extension 'cmake'
[3.956s] Level 1:colcon.colcon_core.package_identification:_identify(src) by extension 'python'
[3.956s] Level 1:colcon.colcon_core.package_identification:_identify(src) by extensions ['python_setup_py']
[3.957s] Level 1:colcon.colcon_core.package_identification:_identify(src) by extension 'python_setup_py'
[3.958s] Level 1:colcon.colcon_core.package_identification:_identify(src/radr_gps_msgs) by extensions ['ignore', 'ignore_ament_install']
[3.959s] Level 1:colcon.colcon_core.package_identification:_identify(src/radr_gps_msgs) by extension 'ignore'
[3.959s] Level 1:colcon.colcon_core.package_identification:_identify(src/radr_gps_msgs) by extension 'ignore_ament_install'
[3.960s] Level 1:colcon.colcon_core.package_identification:_identify(src/radr_gps_msgs) by extensions ['colcon_pkg']
[3.961s] Level 1:colcon.colcon_core.package_identification:_identify(src/radr_gps_msgs) by extension 'colcon_pkg'
[3.961s] Level 1:colcon.colcon_core.package_identification:_identify(src/radr_gps_msgs) by extensions ['colcon_meta']
[3.962s] Level 1:colcon.colcon_core.package_identification:_identify(src/radr_gps_msgs) by extension 'colcon_meta'
[3.962s] Level 1:colcon.colcon_core.package_identification:_identify(src/radr_gps_msgs) by extensions ['ros']
[3.962s] Level 1:colcon.colcon_core.package_identification:_identify(src/radr_gps_msgs) by extension 'ros'
[3.977s] DEBUG:colcon.colcon_core.package_identification:Package 'src/radr_gps_msgs' with type 'ros.ament_cmake' and name 'radr_gps_msgs'
[3.978s] Level 1:colcon.colcon_core.package_identification:_identify(src/radr_sensor_hub) by extensions ['ignore', 'ignore_ament_install']
[3.978s] Level 1:colcon.colcon_core.package_identification:_identify(src/radr_sensor_hub) by extension 'ignore'
[3.979s] Level 1:colcon.colcon_core.package_identification:_identify(src/radr_sensor_hub) by extension 'ignore_ament_install'
[3.979s] Level 1:colcon.colcon_core.package_identification:_identify(src/radr_sensor_hub) by extensions ['colcon_pkg']
[3.980s] Level 1:colcon.colcon_core.package_identification:_identify(src/radr_sensor_hub) by extension 'colcon_pkg'
[3.980s] Level 1:colcon.colcon_core.package_identification:_identify(src/radr_sensor_hub) by extensions ['colcon_meta']
[3.980s] Level 1:colcon.colcon_core.package_identification:_identify(src/radr_sensor_hub) by extension 'colcon_meta'
[3.980s] Level 1:colcon.colcon_core.package_identification:_identify(src/radr_sensor_hub) by extensions ['ros']
[3.981s] Level 1:colcon.colcon_core.package_identification:_identify(src/radr_sensor_hub) by extension 'ros'
[3.985s] DEBUG:colcon.colcon_core.package_identification:Package 'src/radr_sensor_hub' with type 'ros.ament_python' and name 'radr_sensor_hub'
[3.986s] Level 1:colcon.colcon_core.package_identification:_identify(systemd) by extensions ['ignore', 'ignore_ament_install']
[3.986s] Level 1:colcon.colcon_core.package_identification:_identify(systemd) by extension 'ignore'
[3.986s] Level 1:colcon.colcon_core.package_identification:_identify(systemd) by extension 'ignore_ament_install'
[3.987s] Level 1:colcon.colcon_core.package_identification:_identify(systemd) by extensions ['colcon_pkg']
[3.987s] Level 1:colcon.colcon_core.package_identification:_identify(systemd) by extension 'colcon_pkg'
[3.987s] Level 1:colcon.colcon_core.package_identification:_identify(systemd) by extensions ['colcon_meta']
[3.988s] Level 1:colcon.colcon_core.package_identification:_identify(systemd) by extension 'colcon_meta'
[3.988s] Level 1:colcon.colcon_core.package_identification:_identify(systemd) by extensions ['ros']
[3.988s] Level 1:colcon.colcon_core.package_identification:_identify(systemd) by extension 'ros'
[3.989s] Level 1:colcon.colcon_core.package_identification:_identify(systemd) by extensions ['cmake', 'python']
[3.997s] Level 1:colcon.colcon_core.package_identification:_identify(systemd) by extension 'cmake'
[3.997s] Level 1:colcon.colcon_core.package_identification:_identify(systemd) by extension 'python'
[3.998s] Level 1:colcon.colcon_core.package_identification:_identify(systemd) by extensions ['python_setup_py']
[3.998s] Level 1:colcon.colcon_core.package_identification:_identify(systemd) by extension 'python_setup_py'
[3.998s] Level 1:colcon.colcon_core.package_discovery:discover_packages(recursive) using defaults
[3.999s] Level 1:colcon.colcon_core.package_discovery:discover_packages(ignore) discover
[3.999s] Level 1:colcon.colcon_core.package_discovery:discover_packages(ignore) using defaults
[3.999s] Level 1:colcon.colcon_core.package_discovery:discover_packages(path) discover
[4.000s] Level 1:colcon.colcon_core.package_discovery:discover_packages(path) using defaults
[4.203s] Level 1:colcon.colcon_core.package_discovery:discover_packages(prefix_path) check parameters
[4.203s] Level 1:colcon.colcon_core.package_discovery:discover_packages(prefix_path) discover
[4.219s] DEBUG:colcon.colcon_installed_package_information.package_discovery:Found 1 installed packages in /home/radr/Radr/ros2_ws/install
[4.230s] DEBUG:colcon.colcon_installed_package_information.package_discovery:Found 273 installed packages in /opt/ros/humble
[4.237s] Level 1:colcon.colcon_core.package_discovery:discover_packages(prefix_path) using defaults
[4.420s] Level 5:colcon.colcon_core.verb:set package 'radr_gps_msgs' build argument 'cmake_args' from command line to 'None'
[4.420s] Level 5:colcon.colcon_core.verb:set package 'radr_gps_msgs' build argument 'cmake_target' from command line to 'None'
[4.420s] Level 5:colcon.colcon_core.verb:set package 'radr_gps_msgs' build argument 'cmake_target_skip_unavailable' from command line to 'False'
[4.420s] Level 5:colcon.colcon_core.verb:set package 'radr_gps_msgs' build argument 'cmake_clean_cache' from command line to 'False'
[4.420s] Level 5:colcon.colcon_core.verb:set package 'radr_gps_msgs' build argument 'cmake_clean_first' from command line to 'False'
[4.421s] Level 5:colcon.colcon_core.verb:set package 'radr_gps_msgs' build argument 'cmake_force_configure' from command line to 'False'
[4.421s] Level 5:colcon.colcon_core.verb:set package 'radr_gps_msgs' build argument 'ament_cmake_args' from command line to 'None'
[4.421s] Level 5:colcon.colcon_core.verb:set package 'radr_gps_msgs' build argument 'catkin_cmake_args' from command line to 'None'
[4.421s] Level 5:colcon.colcon_core.verb:set package 'radr_gps_msgs' build argument 'catkin_skip_building_tests' from command line to 'False'
[4.421s] DEBUG:colcon.colcon_core.verb:Building package 'radr_gps_msgs' with the following arguments: {'ament_cmake_args': None, 'build_base': '/home/radr/Radr/ros2_ws/build/radr_gps_msgs', 'catkin_cmake_args': None, 'catkin_skip_building_tests': False, 'cmake_args': None, 'cmake_clean_cache': False, 'cmake_clean_first': False, 'cmake_force_configure': False, 'cmake_target': None, 'cmake_target_skip_unavailable': False, 'install_base': '/home/radr/Radr/ros2_ws/install/radr_gps_msgs', 'merge_install': False, 'path': '/home/radr/Radr/ros2_ws/src/radr_gps_msgs', 'symlink_install': False, 'test_result_base': None}
[4.423s] Level 5:colcon.colcon_core.verb:set package 'radr_sensor_hub' build argument 'cmake_args' from command line to 'None'
[4.423s] Level 5:colcon.colcon_core.verb:set package 'radr_sensor_hub' build argument 'cmake_target' from command line to 'None'
[4.423s] Level 5:colcon.colcon_core.verb:set package 'radr_sensor_hub' build argument 'cmake_target_skip_unavailable' from command line to 'False'
[4.423s] Level 5:colcon.colcon_core.verb:set package 'radr_sensor_hub' build argument 'cmake_clean_cache' from command line to 'False'
[4.423s] Level 5:colcon.colcon_core.verb:set package 'radr_sensor_hub' build argument 'cmake_clean_first' from command line to 'False'
[4.423s] Level 5:colcon.colcon_core.verb:set package 'radr_sensor_hub' build argument 'cmake_force_configure' from command line to 'False'
[4.424s] Level 5:colcon.colcon_core.verb:set package 'radr_sensor_hub' build argument 'ament_cmake_args' from command line to 'None'
[4.424s] Level 5:colcon.colcon_core.verb:set package 'radr_sensor_hub' build argument 'catkin_cmake_args' from command line to 'None'
[4.424s] Level 5:colcon.colcon_core.verb:set package 'radr_sensor_hub' build argument 'catkin_skip_building_tests' from command line to 'False'
[4.424s] DEBUG:colcon.colcon_core.verb:Building package 'radr_sensor_hub' with the following arguments: {'ament_cmake_args': None, 'build_base': '/home/radr/Radr/ros2_ws/build/radr_sensor_hub', 'catkin_cmake_args': None, 'catkin_skip_building_tests': False, 'cmake_args': None, 'cmake_clean_cache': False, 'cmake_clean_first': False, 'cmake_force_configure': False, 'cmake_target': None, 'cmake_target_skip_unavailable': False, 'install_base': '/home/radr/Radr/ros2_ws/install/radr_sensor_hub', 'merge_install': False, 'path': '/home/radr/Radr/ros2_ws/src/radr_sensor_hub', 'symlink_install': False, 'test_result_base': None}
[4.424s] INFO:colcon.colcon_core.executor:Executing jobs using 'parallel' executor
[4.428s] DEBUG:colcon.colcon_parallel_executor.executor.parallel:run_until_complete
[4.429s] INFO:colcon.colcon_ros.task.ament_cmake.build:Building ROS package in '/home/radr/Radr/ros2_ws/src/radr_gps_msgs' with build type 'ament_cmake'
[4.430s] INFO:colcon.colcon_cmake.task.cmake.build:Building CMake package in '/home/radr/Radr/ros2_ws/src/radr_gps_msgs'
[4.455s] INFO:colcon.colcon_core.plugin_system:Skipping extension 'colcon_core.shell.bat': Not used on non-Windows systems
[4.457s] INFO:colcon.colcon_core.shell:Skip shell extension 'powershell' for command environment: Not usable outside of PowerShell
[4.458s] DEBUG:colcon.colcon_core.shell:Skip shell extension 'dsv' for command environment
[4.507s] DEBUG:colcon.colcon_core.event_handler.log_command:Invoking command in '/home/radr/Radr/ros2_ws/build/radr_gps_msgs': CMAKE_PREFIX_PATH=/home/radr/Radr/ros2_ws/install/radr_sensor_hub:/opt/ros/humble /usr/bin/cmake /home/radr/Radr/ros2_ws/src/radr_gps_msgs -DCMAKE_INSTALL_PREFIX=/home/radr/Radr/ros2_ws/install/radr_gps_msgs
[15.964s] DEBUG:colcon.colcon_core.event_handler.log_command:Invoked command in '/home/radr/Radr/ros2_ws/build/radr_gps_msgs' returned '0': CMAKE_PREFIX_PATH=/home/radr/Radr/ros2_ws/install/radr_sensor_hub:/opt/ros/humble /usr/bin/cmake /home/radr/Radr/ros2_ws/src/radr_gps_msgs -DCMAKE_INSTALL_PREFIX=/home/radr/Radr/ros2_ws/install/radr_gps_msgs
[15.966s] DEBUG:colcon.colcon_core.event_handler.log_command:Invoking command in '/home/radr/Radr/ros2_ws/build/radr_gps_msgs': CMAKE_PREFIX_PATH=/home/radr/Radr/ros2_ws/install/radr_sensor_hub:/opt/ros/humble /usr/bin/cmake --build /home/radr/Radr/ros2_ws/build/radr_gps_msgs -- -j4 -l4
[32.007s] DEBUG:colcon.colcon_core.event_handler.log_command:Invoked command in '/home/radr/Radr/ros2_ws/build/radr_gps_msgs' returned '0': CMAKE_PREFIX_PATH=/home/radr/Radr/ros2_ws/install/radr_sensor_hub:/opt/ros/humble /usr/bin/cmake --build /home/radr/Radr/ros2_ws/build/radr_gps_msgs -- -j4 -l4
[32.048s] DEBUG:colcon.colcon_core.event_handler.log_command:Invoking command in '/home/radr/Radr/ros2_ws/build/radr_gps_msgs': CMAKE_PREFIX_PATH=/home/radr/Radr/ros2_ws/install/radr_sensor_hub:/opt/ros/humble /usr/bin/cmake --install /home/radr/Radr/ros2_ws/build/radr_gps_msgs
[32.517s] Level 1:colcon.colcon_core.environment:create_environment_scripts_only(radr_gps_msgs)
[32.519s] DEBUG:colcon.colcon_core.event_handler.log_command:Invoked command in '/home/radr/Radr/ros2_ws/build/radr_gps_msgs' returned '0': CMAKE_PREFIX_PATH=/home/radr/Radr/ros2_ws/install/radr_sensor_hub:/opt/ros/humble /usr/bin/cmake --install /home/radr/Radr/ros2_ws/build/radr_gps_msgs
[32.545s] Level 1:colcon.colcon_core.environment:checking '/home/radr/Radr/ros2_ws/install/radr_gps_msgs' for CMake module files
[32.551s] Level 1:colcon.colcon_core.environment:checking '/home/radr/Radr/ros2_ws/install/radr_gps_msgs' for CMake config files
[32.557s] Level 1:colcon.colcon_core.shell:create_environment_hook('radr_gps_msgs', 'cmake_prefix_path')
[32.558s] INFO:colcon.colcon_core.shell:Creating environment hook '/home/radr/Radr/ros2_ws/install/radr_gps_msgs/share/radr_gps_msgs/hook/cmake_prefix_path.ps1'
[32.562s] INFO:colcon.colcon_core.shell:Creating environment descriptor '/home/radr/Radr/ros2_ws/install/radr_gps_msgs/share/radr_gps_msgs/hook/cmake_prefix_path.dsv'
[32.565s] INFO:colcon.colcon_core.shell:Creating environment hook '/home/radr/Radr/ros2_ws/install/radr_gps_msgs/share/radr_gps_msgs/hook/cmake_prefix_path.sh'
[32.569s] Level 1:colcon.colcon_core.environment:checking '/home/radr/Radr/ros2_ws/install/radr_gps_msgs/lib'
[32.570s] Level 1:colcon.colcon_core.shell:create_environment_hook('radr_gps_msgs', 'ld_library_path_lib')
[32.571s] INFO:colcon.colcon_core.shell:Creating environment hook '/home/radr/Radr/ros2_ws/install/radr_gps_msgs/share/radr_gps_msgs/hook/ld_library_path_lib.ps1'
[32.573s] INFO:colcon.colcon_core.shell:Creating environment descriptor '/home/radr/Radr/ros2_ws/install/radr_gps_msgs/share/radr_gps_msgs/hook/ld_library_path_lib.dsv'
[32.576s] INFO:colcon.colcon_core.shell:Creating environment hook '/home/radr/Radr/ros2_ws/install/radr_gps_msgs/share/radr_gps_msgs/hook/ld_library_path_lib.sh'
[32.578s] Level 1:colcon.colcon_core.environment:checking '/home/radr/Radr/ros2_ws/install/radr_gps_msgs/bin'
[32.578s] Level 1:colcon.colcon_core.environment:checking '/home/radr/Radr/ros2_ws/install/radr_gps_msgs/lib/pkgconfig/radr_gps_msgs.pc'
[32.579s] Level 1:colcon.colcon_core.environment:checking '/home/radr/Radr/ros2_ws/install/radr_gps_msgs/lib/python3.10/site-packages'
[32.581s] Level 1:colcon.colcon_core.environment:checking '/home/radr/Radr/ros2_ws/install/radr_gps_msgs/bin'
[32.582s] INFO:colcon.colcon_core.shell:Creating package script '/home/radr/Radr/ros2_ws/install/radr_gps_msgs/share/radr_gps_msgs/package.ps1'
[32.588s] INFO:colcon.colcon_core.shell:Creating package descriptor '/home/radr/Radr/ros2_ws/install/radr_gps_msgs/share/radr_gps_msgs/package.dsv'
[32.591s] INFO:colcon.colcon_core.shell:Creating package script '/home/radr/Radr/ros2_ws/install/radr_gps_msgs/share/radr_gps_msgs/package.sh'
[32.595s] INFO:colcon.colcon_core.shell:Creating package script '/home/radr/Radr/ros2_ws/install/radr_gps_msgs/share/radr_gps_msgs/package.bash'
[32.600s] INFO:colcon.colcon_core.shell:Creating package script '/home/radr/Radr/ros2_ws/install/radr_gps_msgs/share/radr_gps_msgs/package.zsh'
[32.604s] Level 1:colcon.colcon_core.environment:create_file_with_runtime_dependencies(/home/radr/Radr/ros2_ws/install/radr_gps_msgs/share/colcon-core/packages/radr_gps_msgs)
[32.608s] Level 1:colcon.colcon_core.environment:create_environment_scripts_only(radr_gps_msgs)
[32.609s] Level 1:colcon.colcon_core.environment:checking '/home/radr/Radr/ros2_ws/install/radr_gps_msgs' for CMake module files
[32.613s] Level 1:colcon.colcon_core.environment:checking '/home/radr/Radr/ros2_ws/install/radr_gps_msgs' for CMake config files
[32.619s] Level 1:colcon.colcon_core.shell:create_environment_hook('radr_gps_msgs', 'cmake_prefix_path')
[32.620s] INFO:colcon.colcon_core.shell:Creating environment hook '/home/radr/Radr/ros2_ws/install/radr_gps_msgs/share/radr_gps_msgs/hook/cmake_prefix_path.ps1'
[32.622s] INFO:colcon.colcon_core.shell:Creating environment descriptor '/home/radr/Radr/ros2_ws/install/radr_gps_msgs/share/radr_gps_msgs/hook/cmake_prefix_path.dsv'
[32.624s] INFO:colcon.colcon_core.shell:Creating environment hook '/home/radr/Radr/ros2_ws/install/radr_gps_msgs/share/radr_gps_msgs/hook/cmake_prefix_path.sh'
[32.627s] Level 1:colcon.colcon_core.environment:checking '/home/radr/Radr/ros2_ws/install/radr_gps_msgs/lib'
[32.627s] Level 1:colcon.colcon_core.shell:create_environment_hook('radr_gps_msgs', 'ld_library_path_lib')
[32.628s] INFO:colcon.colcon_core.shell:Creating environment hook '/home/radr/Radr/ros2_ws/install/radr_gps_msgs/share/radr_gps_msgs/hook/ld_library_path_lib.ps1'
[32.630s] INFO:colcon.colcon_core.shell:Creating environment descriptor '/home/radr/Radr/ros2_ws/install/radr_gps_msgs/share/radr_gps_msgs/hook/ld_library_path_lib.dsv'
[32.632s] INFO:colcon.colcon_core.shell:Creating environment hook '/home/radr/Radr/ros2_ws/install/radr_gps_msgs/share/radr_gps_msgs/hook/ld_library_path_lib.sh'
[32.634s] Level 1:colcon.colcon_core.environment:checking '/home/radr/Radr/ros2_ws/install/radr_gps_msgs/bin'
[32.635s] Level 1:colcon.colcon_core.environment:checking '/home/radr/Radr/ros2_ws/install/radr_gps_msgs/lib/pkgconfig/radr_gps_msgs.pc'
[32.636s] Level 1:colcon.colcon_core.environment:checking '/home/radr/Radr/ros2_ws/install/radr_gps_msgs/lib/python3.10/site-packages'
[32.637s] Level 1:colcon.colcon_core.environment:checking '/home/radr/Radr/ros2_ws/install/radr_gps_msgs/bin'
[32.639s] INFO:colcon.colcon_core.shell:Creating package script '/home/radr/Radr/ros2_ws/install/radr_gps_msgs/share/radr_gps_msgs/package.ps1'
[32.642s] INFO:colcon.colcon_core.shell:Creating package descriptor '/home/radr/Radr/ros2_ws/install/radr_gps_msgs/share/radr_gps_msgs/package.dsv'
[32.645s] INFO:colcon.colcon_core.shell:Creating package script '/home/radr/Radr/ros2_ws/install/radr_gps_msgs/share/radr_gps_msgs/package.sh'
[32.648s] INFO:colcon.colcon_core.shell:Creating package script '/home/radr/Radr/ros2_ws/install/radr_gps_msgs/share/radr_gps_msgs/package.bash'
[32.651s] INFO:colcon.colcon_core.shell:Creating package script '/home/radr/Radr/ros2_ws/install/radr_gps_msgs/share/radr_gps_msgs/package.zsh'
[32.654s] Level 1:colcon.colcon_core.environment:create_file_with_runtime_dependencies(/home/radr/Radr/ros2_ws/install/radr_gps_msgs/share/colcon-core/packages/radr_gps_msgs)
[32.655s] INFO:colcon.colcon_ros.task.ament_python.build:Building ROS package in '/home/radr/Radr/ros2_ws/src/radr_sensor_hub' with build type 'ament_python'
[32.656s] Level 1:colcon.colcon_core.shell:create_environment_hook('radr_sensor_hub', 'ament_prefix_path')
[32.657s] INFO:colcon.colcon_core.shell:Creating environment hook '/home/radr/Radr/ros2_ws/install/radr_sensor_hub/share/radr_sensor_hub/hook/ament_prefix_path.ps1'
[32.661s] INFO:colcon.colcon_core.shell:Creating environment descriptor '/home/radr/Radr/ros2_ws/install/radr_sensor_hub/share/radr_sensor_hub/hook/ament_prefix_path.dsv'
[32.663s] INFO:colcon.colcon_core.shell:Creating environment hook '/home/radr/Radr/ros2_ws/install/radr_sensor_hub/share/radr_sensor_hub/hook/ament_prefix_path.sh'
[32.666s] INFO:colcon.colcon_core.shell:Skip shell extension 'powershell' for command environment: Not usable outside of PowerShell
[32.667s] DEBUG:colcon.colcon_core.shell:Skip shell extension 'dsv' for command environment
[34.434s] INFO:colcon.colcon_core.task.python.build:Building Python package in '/home/radr/Radr/ros2_ws/src/radr_sensor_hub'
[34.435s] INFO:colcon.colcon_core.shell:Skip shell extension 'powershell' for command environment: Not usable outside of PowerShell
[34.435s] DEBUG:colcon.colcon_core.shell:Skip shell extension 'dsv' for command environment
[36.511s] DEBUG:colcon.colcon_core.event_handler.log_command:Invoking command in '/home/radr/Radr/ros2_ws/build/radr_sensor_hub': AMENT_PREFIX_PATH=/home/radr/Radr/ros2_ws/install/radr_gps_msgs:${AMENT_PREFIX_PATH} CMAKE_PREFIX_PATH=/home/radr/Radr/ros2_ws/install/radr_gps_msgs LD_LIBRARY_PATH=/home/radr/Radr/ros2_ws/install/radr_gps_msgs/lib:${LD_LIBRARY_PATH} PYTHONPATH=/home/radr/Radr/ros2_ws/build/radr_sensor_hub/prefix_override:/usr/lib/python3/dist-packages/colcon_core/task/python/colcon_distutils_commands:/home/radr/Radr/ros2_ws/install/radr_sensor_hub/lib/python3.10/site-packages:/home/radr/Radr/ros2_ws/install/radr_gps_msgs/local/lib/python3.10/dist-packages:${PYTHONPATH} /usr/bin/python3 -W ignore:setup.py install is deprecated -W ignore:easy_install command is deprecated setup.py develop --uninstall --editable --build-directory /home/radr/Radr/ros2_ws/build/radr_sensor_hub/build
[39.262s] DEBUG:colcon.colcon_core.event_handler.log_command:Invoked command in '/home/radr/Radr/ros2_ws/build/radr_sensor_hub' returned '0': AMENT_PREFIX_PATH=/home/radr/Radr/ros2_ws/install/radr_gps_msgs:${AMENT_PREFIX_PATH} CMAKE_PREFIX_PATH=/home/radr/Radr/ros2_ws/install/radr_gps_msgs LD_LIBRARY_PATH=/home/radr/Radr/ros2_ws/install/radr_gps_msgs/lib:${LD_LIBRARY_PATH} PYTHONPATH=/home/radr/Radr/ros2_ws/build/radr_sensor_hub/prefix_override:/usr/lib/python3/dist-packages/colcon_core/task/python/colcon_distutils_commands:/home/radr/Radr/ros2_ws/install/radr_sensor_hub/lib/python3.10/site-packages:/home/radr/Radr/ros2_ws/install/radr_gps_msgs/local/lib/python3.10/dist-packages:${PYTHONPATH} /usr/bin/python3 -W ignore:setup.py install is deprecated -W ignore:easy_install command is deprecated setup.py develop --uninstall --editable --build-directory /home/radr/Radr/ros2_ws/build/radr_sensor_hub/build
[39.266s] DEBUG:colcon.colcon_core.event_handler.log_command:Invoking command in '/home/radr/Radr/ros2_ws/src/radr_sensor_hub': AMENT_PREFIX_PATH=/home/radr/Radr/ros2_ws/install/radr_gps_msgs:${AMENT_PREFIX_PATH} CMAKE_PREFIX_PATH=/home/radr/Radr/ros2_ws/install/radr_gps_msgs LD_LIBRARY_PATH=/home/radr/Radr/ros2_ws/install/radr_gps_msgs/lib:${LD_LIBRARY_PATH} PYTHONPATH=/home/radr/Radr/ros2_ws/build/radr_sensor_hub/prefix_override:/usr/lib/python3/dist-packages/colcon_core/task/python/colcon_distutils_commands:/home/radr/Radr/ros2_ws/install/radr_sensor_hub/lib/python3.10/site-packages:/home/radr/Radr/ros2_ws/install/radr_gps_msgs/local/lib/python3.10/dist-packages:${PYTHONPATH} /usr/bin/python3 -W ignore:setup.py install is deprecated -W ignore:easy_install command is deprecated setup.py egg_info --egg-base ../../build/radr_sensor_hub build --build-base /home/radr/Radr/ros2_ws/build/radr_sensor_hub/build install --record /home/radr/Radr/ros2_ws/build/radr_sensor_hub/install.log --single-version-externally-managed install_data --force
[41.126s] Level 1:colcon.colcon_core.environment:checking '/home/radr/Radr/ros2_ws/install/radr_sensor_hub' for CMake module files
[41.130s] DEBUG:colcon.colcon_core.event_handler.log_command:Invoked command in '/home/radr/Radr/ros2_ws/src/radr_sensor_hub' returned '0': AMENT_PREFIX_PATH=/home/radr/Radr/ros2_ws/install/radr_gps_msgs:${AMENT_PREFIX_PATH} CMAKE_PREFIX_PATH=/home/radr/Radr/ros2_ws/install/radr_gps_msgs LD_LIBRARY_PATH=/home/radr/Radr/ros2_ws/install/radr_gps_msgs/lib:${LD_LIBRARY_PATH} PYTHONPATH=/home/radr/Radr/ros2_ws/build/radr_sensor_hub/prefix_override:/usr/lib/python3/dist-packages/colcon_core/task/python/colcon_distutils_commands:/home/radr/Radr/ros2_ws/install/radr_sensor_hub/lib/python3.10/site-packages:/home/radr/Radr/ros2_ws/install/radr_gps_msgs/local/lib/python3.10/dist-packages:${PYTHONPATH} /usr/bin/python3 -W ignore:setup.py install is deprecated -W ignore:easy_install command is deprecated setup.py egg_info --egg-base ../../build/radr_sensor_hub build --build-base /home/radr/Radr/ros2_ws/build/radr_sensor_hub/build install --record /home/radr/Radr/ros2_ws/build/radr_sensor_hub/install.log --single-version-externally-managed install_data --force
[41.132s] Level 1:colcon.colcon_core.environment:checking '/home/radr/Radr/ros2_ws/install/radr_sensor_hub' for CMake config files
[41.138s] Level 1:colcon.colcon_core.environment:checking '/home/radr/Radr/ros2_ws/install/radr_sensor_hub/lib'
[41.139s] Level 1:colcon.colcon_core.environment:checking '/home/radr/Radr/ros2_ws/install/radr_sensor_hub/bin'
[41.139s] Level 1:colcon.colcon_core.environment:checking '/home/radr/Radr/ros2_ws/install/radr_sensor_hub/lib/pkgconfig/radr_sensor_hub.pc'
[41.141s] Level 1:colcon.colcon_core.environment:checking '/home/radr/Radr/ros2_ws/install/radr_sensor_hub/lib/python3.10/site-packages'
[41.141s] Level 1:colcon.colcon_core.shell:create_environment_hook('radr_sensor_hub', 'pythonpath')
[41.143s] INFO:colcon.colcon_core.shell:Creating environment hook '/home/radr/Radr/ros2_ws/install/radr_sensor_hub/share/radr_sensor_hub/hook/pythonpath.ps1'
[41.147s] INFO:colcon.colcon_core.shell:Creating environment descriptor '/home/radr/Radr/ros2_ws/install/radr_sensor_hub/share/radr_sensor_hub/hook/pythonpath.dsv'
[41.149s] INFO:colcon.colcon_core.shell:Creating environment hook '/home/radr/Radr/ros2_ws/install/radr_sensor_hub/share/radr_sensor_hub/hook/pythonpath.sh'
[41.154s] Level 1:colcon.colcon_core.environment:checking '/home/radr/Radr/ros2_ws/install/radr_sensor_hub/bin'
[41.155s] Level 1:colcon.colcon_core.environment:create_environment_scripts_only(radr_sensor_hub)
[41.156s] INFO:colcon.colcon_core.shell:Creating package script '/home/radr/Radr/ros2_ws/install/radr_sensor_hub/share/radr_sensor_hub/package.ps1'
[41.160s] INFO:colcon.colcon_core.shell:Creating package descriptor '/home/radr/Radr/ros2_ws/install/radr_sensor_hub/share/radr_sensor_hub/package.dsv'
[41.163s] INFO:colcon.colcon_core.shell:Creating package script '/home/radr/Radr/ros2_ws/install/radr_sensor_hub/share/radr_sensor_hub/package.sh'
[41.166s] INFO:colcon.colcon_core.shell:Creating package script '/home/radr/Radr/ros2_ws/install/radr_sensor_hub/share/radr_sensor_hub/package.bash'
[41.169s] INFO:colcon.colcon_core.shell:Creating package script '/home/radr/Radr/ros2_ws/install/radr_sensor_hub/share/radr_sensor_hub/package.zsh'
[41.171s] Level 1:colcon.colcon_core.environment:create_file_with_runtime_dependencies(/home/radr/Radr/ros2_ws/install/radr_sensor_hub/share/colcon-core/packages/radr_sensor_hub)
[41.173s] DEBUG:colcon.colcon_parallel_executor.executor.parallel:closing loop
[41.175s] DEBUG:colcon.colcon_parallel_executor.executor.parallel:loop closed
[41.176s] DEBUG:colcon.colcon_parallel_executor.executor.parallel:run_until_complete finished with '0'
[41.177s] DEBUG:colcon.colcon_core.event_reactor:joining thread
[41.178s] DEBUG:colcon.colcon_core.event_reactor:joined thread
[41.179s] INFO:colcon.colcon_core.shell:Creating prefix script '/home/radr/Radr/ros2_ws/install/local_setup.ps1'
[41.186s] INFO:colcon.colcon_core.shell:Creating prefix util module '/home/radr/Radr/ros2_ws/install/_local_setup_util_ps1.py'
[41.195s] INFO:colcon.colcon_core.shell:Creating prefix chain script '/home/radr/Radr/ros2_ws/install/setup.ps1'
[41.204s] INFO:colcon.colcon_core.shell:Creating prefix script '/home/radr/Radr/ros2_ws/install/local_setup.sh'
[41.210s] INFO:colcon.colcon_core.shell:Creating prefix util module '/home/radr/Radr/ros2_ws/install/_local_setup_util_sh.py'
[41.216s] INFO:colcon.colcon_core.shell:Creating prefix chain script '/home/radr/Radr/ros2_ws/install/setup.sh'
[41.228s] INFO:colcon.colcon_core.shell:Creating prefix script '/home/radr/Radr/ros2_ws/install/local_setup.bash'
[41.234s] INFO:colcon.colcon_core.shell:Creating prefix chain script '/home/radr/Radr/ros2_ws/install/setup.bash'
[41.242s] INFO:colcon.colcon_core.shell:Creating prefix script '/home/radr/Radr/ros2_ws/install/local_setup.zsh'
[41.247s] INFO:colcon.colcon_core.shell:Creating prefix chain script '/home/radr/Radr/ros2_ws/install/setup.zsh'
