[2.892s] Invoking command in '/home/radr/Radr/ros2_ws/src/radr_sensor_hub': PYTHONPATH=/home/radr/Radr/ros2_ws/build/radr_sensor_hub/prefix_override:/usr/lib/python3/dist-packages/colcon_core/task/python/colcon_distutils_commands:/home/radr/Radr/ros2_ws/install/radr_sensor_hub/lib/python3.10/site-packages:${PYTHONPATH} /usr/bin/python3 -W ignore:setup.py install is deprecated -W ignore:easy_install command is deprecated setup.py egg_info --egg-base ../../build/radr_sensor_hub build --build-base /home/radr/Radr/ros2_ws/build/radr_sensor_hub/build install --record /home/radr/Radr/ros2_ws/build/radr_sensor_hub/install.log --single-version-externally-managed install_data
[4.055s] running egg_info
[4.058s] writing ../../build/radr_sensor_hub/radr_sensor_hub.egg-info/PKG-INFO
[4.061s] writing dependency_links to ../../build/radr_sensor_hub/radr_sensor_hub.egg-info/dependency_links.txt
[4.062s] writing entry points to ../../build/radr_sensor_hub/radr_sensor_hub.egg-info/entry_points.txt
[4.065s] writing requirements to ../../build/radr_sensor_hub/radr_sensor_hub.egg-info/requires.txt
[4.065s] writing top-level names to ../../build/radr_sensor_hub/radr_sensor_hub.egg-info/top_level.txt
[4.071s] reading manifest file '../../build/radr_sensor_hub/radr_sensor_hub.egg-info/SOURCES.txt'
[4.076s] writing manifest file '../../build/radr_sensor_hub/radr_sensor_hub.egg-info/SOURCES.txt'
[4.077s] running build
[4.077s] running build_py
[4.081s] running install
[4.082s] running install_lib
[4.091s] running install_data
[4.092s] copying package.xml -> /home/radr/Radr/ros2_ws/install/radr_sensor_hub/share/radr_sensor_hub
[4.093s] running install_egg_info
[4.100s] removing '/home/radr/Radr/ros2_ws/install/radr_sensor_hub/lib/python3.10/site-packages/radr_sensor_hub-0.1.0-py3.10.egg-info' (and everything under it)
[4.112s] Copying ../../build/radr_sensor_hub/radr_sensor_hub.egg-info to /home/radr/Radr/ros2_ws/install/radr_sensor_hub/lib/python3.10/site-packages/radr_sensor_hub-0.1.0-py3.10.egg-info
[4.112s] running install_scripts
[4.194s] Installing camera_node script to /home/radr/Radr/ros2_ws/install/radr_sensor_hub/lib/radr_sensor_hub
[4.196s] Installing dht22_node script to /home/radr/Radr/ros2_ws/install/radr_sensor_hub/lib/radr_sensor_hub
[4.197s] Installing gps_node script to /home/radr/Radr/ros2_ws/install/radr_sensor_hub/lib/radr_sensor_hub
[4.198s] Installing imu_node script to /home/radr/Radr/ros2_ws/install/radr_sensor_hub/lib/radr_sensor_hub
[4.200s] Installing sync_node script to /home/radr/Radr/ros2_ws/install/radr_sensor_hub/lib/radr_sensor_hub
[4.201s] writing list of installed files to '/home/radr/Radr/ros2_ws/build/radr_sensor_hub/install.log'
[4.343s] Invoked command in '/home/radr/Radr/ros2_ws/src/radr_sensor_hub' returned '0': PYTHONPATH=/home/radr/Radr/ros2_ws/build/radr_sensor_hub/prefix_override:/usr/lib/python3/dist-packages/colcon_core/task/python/colcon_distutils_commands:/home/radr/Radr/ros2_ws/install/radr_sensor_hub/lib/python3.10/site-packages:${PYTHONPATH} /usr/bin/python3 -W ignore:setup.py install is deprecated -W ignore:easy_install command is deprecated setup.py egg_info --egg-base ../../build/radr_sensor_hub build --build-base /home/radr/Radr/ros2_ws/build/radr_sensor_hub/build install --record /home/radr/Radr/ros2_ws/build/radr_sensor_hub/install.log --single-version-externally-managed install_data
