[3.572s] Invoking command in '/home/radr/Radr/ros2_ws/build/radr_sensor_hub': PYTHONPATH=/home/radr/Radr/ros2_ws/build/radr_sensor_hub/prefix_override:/usr/lib/python3/dist-packages/colcon_core/task/python/colcon_distutils_commands:/home/radr/Radr/ros2_ws/install/radr_sensor_hub/lib/python3.10/site-packages:${PYTHONPATH} /usr/bin/python3 -W ignore:setup.py install is deprecated -W ignore:easy_install command is deprecated setup.py develop --editable --build-directory /home/radr/Radr/ros2_ws/build/radr_sensor_hub/build --no-deps symlink_data
[4.893s] running develop
[6.088s] running egg_info
[6.089s] writing radr_sensor_hub.egg-info/PKG-INFO
[6.091s] writing dependency_links to radr_sensor_hub.egg-info/dependency_links.txt
[6.092s] writing entry points to radr_sensor_hub.egg-info/entry_points.txt
[6.092s] writing requirements to radr_sensor_hub.egg-info/requires.txt
[6.093s] writing top-level names to radr_sensor_hub.egg-info/top_level.txt
[6.102s] reading manifest file 'radr_sensor_hub.egg-info/SOURCES.txt'
[6.106s] writing manifest file 'radr_sensor_hub.egg-info/SOURCES.txt'
[6.112s] running build_ext
[6.113s] Creating /home/radr/Radr/ros2_ws/install/radr_sensor_hub/lib/python3.10/site-packages/radr-sensor-hub.egg-link (link to .)
[6.117s] Installing camera_node script to /home/radr/Radr/ros2_ws/install/radr_sensor_hub/lib/radr_sensor_hub
[6.118s] Installing dht22_node script to /home/radr/Radr/ros2_ws/install/radr_sensor_hub/lib/radr_sensor_hub
[6.120s] Installing imu_node script to /home/radr/Radr/ros2_ws/install/radr_sensor_hub/lib/radr_sensor_hub
[6.121s] Installing sync_node script to /home/radr/Radr/ros2_ws/install/radr_sensor_hub/lib/radr_sensor_hub
[6.121s] 
[6.122s] Installed /home/radr/Radr/ros2_ws/build/radr_sensor_hub
[6.123s] running symlink_data
[6.266s] Invoked command in '/home/radr/Radr/ros2_ws/build/radr_sensor_hub' returned '0': PYTHONPATH=/home/radr/Radr/ros2_ws/build/radr_sensor_hub/prefix_override:/usr/lib/python3/dist-packages/colcon_core/task/python/colcon_distutils_commands:/home/radr/Radr/ros2_ws/install/radr_sensor_hub/lib/python3.10/site-packages:${PYTHONPATH} /usr/bin/python3 -W ignore:setup.py install is deprecated -W ignore:easy_install command is deprecated setup.py develop --editable --build-directory /home/radr/Radr/ros2_ws/build/radr_sensor_hub/build --no-deps symlink_data
