[4.191s] Invoking command in '/home/radr/Radr/ros2_ws/build/radr_sensor_hub': PYTHONPATH=/home/radr/Radr/ros2_ws/build/radr_sensor_hub/prefix_override:/usr/lib/python3/dist-packages/colcon_core/task/python/colcon_distutils_commands:/home/radr/Radr/ros2_ws/install/radr_sensor_hub/lib/python3.10/site-packages:${PYTHONPATH} /usr/bin/python3 -W ignore:setup.py install is deprecated -W ignore:easy_install command is deprecated setup.py develop --editable --build-directory /home/radr/Radr/ros2_ws/build/radr_sensor_hub/build --no-deps symlink_data
[6.340s] running develop
[7.294s] running egg_info
[7.297s] writing radr_sensor_hub.egg-info/PKG-INFO
[7.297s] writing dependency_links to radr_sensor_hub.egg-info/dependency_links.txt
[7.298s] writing entry points to radr_sensor_hub.egg-info/entry_points.txt
[7.298s] writing requirements to radr_sensor_hub.egg-info/requires.txt
[7.298s] writing top-level names to radr_sensor_hub.egg-info/top_level.txt
[7.305s] reading manifest file 'radr_sensor_hub.egg-info/SOURCES.txt'
[7.309s] writing manifest file 'radr_sensor_hub.egg-info/SOURCES.txt'
[7.317s] running build_ext
[7.317s] Creating /home/radr/Radr/ros2_ws/install/radr_sensor_hub/lib/python3.10/site-packages/radr-sensor-hub.egg-link (link to .)
[7.322s] Installing camera_node script to /home/radr/Radr/ros2_ws/install/radr_sensor_hub/lib/radr_sensor_hub
[7.323s] Installing dht22_node script to /home/radr/Radr/ros2_ws/install/radr_sensor_hub/lib/radr_sensor_hub
[7.324s] Installing imu_node script to /home/radr/Radr/ros2_ws/install/radr_sensor_hub/lib/radr_sensor_hub
[7.325s] Installing sync_node script to /home/radr/Radr/ros2_ws/install/radr_sensor_hub/lib/radr_sensor_hub
[7.327s] 
[7.328s] Installed /home/radr/Radr/ros2_ws/build/radr_sensor_hub
[7.329s] running symlink_data
[7.484s] Invoked command in '/home/radr/Radr/ros2_ws/build/radr_sensor_hub' returned '0': PYTHONPATH=/home/radr/Radr/ros2_ws/build/radr_sensor_hub/prefix_override:/usr/lib/python3/dist-packages/colcon_core/task/python/colcon_distutils_commands:/home/radr/Radr/ros2_ws/install/radr_sensor_hub/lib/python3.10/site-packages:${PYTHONPATH} /usr/bin/python3 -W ignore:setup.py install is deprecated -W ignore:easy_install command is deprecated setup.py develop --editable --build-directory /home/radr/Radr/ros2_ws/build/radr_sensor_hub/build --no-deps symlink_data
