[0.471s] DEBUG:colcon:Command line arguments: ['/usr/bin/colcon', 'build', '--packages-select', 'radr_sensor_hub', '--symlink-install']
[0.472s] DEBUG:colcon:Parsed command line arguments: Namespace(log_base=None, log_level=None, verb_name='build', build_base='build', install_base='install', merge_install=False, symlink_install=True, test_result_base=None, continue_on_error=False, executor='parallel', parallel_workers=4, event_handlers=None, ignore_user_meta=False, metas=['./colcon.meta'], base_paths=['.'], packages_ignore=None, packages_ignore_regex=None, paths=None, packages_up_to=None, packages_up_to_regex=None, packages_above=None, packages_above_and_dependencies=None, packages_above_depth=None, packages_select_by_dep=None, packages_skip_by_dep=None, packages_skip_up_to=None, packages_select_build_failed=False, packages_skip_build_finished=False, packages_select_test_failures=False, packages_skip_test_passed=False, packages_select=['radr_sensor_hub'], packages_skip=None, packages_select_regex=None, packages_skip_regex=None, packages_start=None, packages_end=None, allow_overriding=[], cmake_args=None, cmake_target=None, cmake_target_skip_unavailable=False, cmake_clean_cache=False, cmake_clean_first=False, cmake_force_configure=False, ament_cmake_args=None, catkin_cmake_args=None, catkin_skip_building_tests=False, mixin_files=None, mixin=None, verb_parser=<colcon_mixin.mixin.mixin_argument.MixinArgumentDecorator object at 0xffff94359f00>, verb_extension=<colcon_core.verb.build.BuildVerb object at 0xffff94502ef0>, main=<bound method BuildVerb.main of <colcon_core.verb.build.BuildVerb object at 0xffff94502ef0>>, mixin_verb=('build',))
[1.319s] Level 1:colcon.colcon_core.package_discovery:discover_packages(colcon_meta) check parameters
[1.319s] Level 1:colcon.colcon_core.package_discovery:discover_packages(recursive) check parameters
[1.319s] Level 1:colcon.colcon_core.package_discovery:discover_packages(ignore) check parameters
[1.320s] Level 1:colcon.colcon_core.package_discovery:discover_packages(path) check parameters
[1.320s] Level 1:colcon.colcon_core.package_discovery:discover_packages(colcon_meta) discover
[1.320s] Level 1:colcon.colcon_core.package_discovery:discover_packages(recursive) discover
[1.320s] INFO:colcon.colcon_core.package_discovery:Crawling recursively for packages in '/home/radr/Radr/ros2_ws'
[1.321s] Level 1:colcon.colcon_core.package_identification:_identify(.) by extensions ['ignore', 'ignore_ament_install']
[1.321s] Level 1:colcon.colcon_core.package_identification:_identify(.) by extension 'ignore'
[1.322s] Level 1:colcon.colcon_core.package_identification:_identify(.) by extension 'ignore_ament_install'
[1.322s] Level 1:colcon.colcon_core.package_identification:_identify(.) by extensions ['colcon_pkg']
[1.322s] Level 1:colcon.colcon_core.package_identification:_identify(.) by extension 'colcon_pkg'
[1.322s] Level 1:colcon.colcon_core.package_identification:_identify(.) by extensions ['colcon_meta']
[1.323s] Level 1:colcon.colcon_core.package_identification:_identify(.) by extension 'colcon_meta'
[1.323s] Level 1:colcon.colcon_core.package_identification:_identify(.) by extensions ['ros']
[1.323s] Level 1:colcon.colcon_core.package_identification:_identify(.) by extension 'ros'
[1.367s] Level 1:colcon.colcon_core.package_identification:_identify(.) by extensions ['cmake', 'python']
[1.367s] Level 1:colcon.colcon_core.package_identification:_identify(.) by extension 'cmake'
[1.367s] Level 1:colcon.colcon_core.package_identification:_identify(.) by extension 'python'
[1.367s] Level 1:colcon.colcon_core.package_identification:_identify(.) by extensions ['python_setup_py']
[1.368s] Level 1:colcon.colcon_core.package_identification:_identify(.) by extension 'python_setup_py'
[1.368s] Level 1:colcon.colcon_core.package_identification:_identify(build) by extensions ['ignore', 'ignore_ament_install']
[1.369s] Level 1:colcon.colcon_core.package_identification:_identify(build) by extension 'ignore'
[1.369s] Level 1:colcon.colcon_core.package_identification:_identify(build) ignored
[1.370s] Level 1:colcon.colcon_core.package_identification:_identify(install) by extensions ['ignore', 'ignore_ament_install']
[1.370s] Level 1:colcon.colcon_core.package_identification:_identify(install) by extension 'ignore'
[1.370s] Level 1:colcon.colcon_core.package_identification:_identify(install) ignored
[1.371s] Level 1:colcon.colcon_core.package_identification:_identify(log) by extensions ['ignore', 'ignore_ament_install']
[1.372s] Level 1:colcon.colcon_core.package_identification:_identify(log) by extension 'ignore'
[1.372s] Level 1:colcon.colcon_core.package_identification:_identify(log) ignored
[1.372s] Level 1:colcon.colcon_core.package_identification:_identify(scripts) by extensions ['ignore', 'ignore_ament_install']
[1.373s] Level 1:colcon.colcon_core.package_identification:_identify(scripts) by extension 'ignore'
[1.373s] Level 1:colcon.colcon_core.package_identification:_identify(scripts) by extension 'ignore_ament_install'
[1.373s] Level 1:colcon.colcon_core.package_identification:_identify(scripts) by extensions ['colcon_pkg']
[1.373s] Level 1:colcon.colcon_core.package_identification:_identify(scripts) by extension 'colcon_pkg'
[1.374s] Level 1:colcon.colcon_core.package_identification:_identify(scripts) by extensions ['colcon_meta']
[1.374s] Level 1:colcon.colcon_core.package_identification:_identify(scripts) by extension 'colcon_meta'
[1.374s] Level 1:colcon.colcon_core.package_identification:_identify(scripts) by extensions ['ros']
[1.374s] Level 1:colcon.colcon_core.package_identification:_identify(scripts) by extension 'ros'
[1.374s] Level 1:colcon.colcon_core.package_identification:_identify(scripts) by extensions ['cmake', 'python']
[1.375s] Level 1:colcon.colcon_core.package_identification:_identify(scripts) by extension 'cmake'
[1.375s] Level 1:colcon.colcon_core.package_identification:_identify(scripts) by extension 'python'
[1.375s] Level 1:colcon.colcon_core.package_identification:_identify(scripts) by extensions ['python_setup_py']
[1.375s] Level 1:colcon.colcon_core.package_identification:_identify(scripts) by extension 'python_setup_py'
[1.376s] Level 1:colcon.colcon_core.package_identification:_identify(src) by extensions ['ignore', 'ignore_ament_install']
[1.376s] Level 1:colcon.colcon_core.package_identification:_identify(src) by extension 'ignore'
[1.376s] Level 1:colcon.colcon_core.package_identification:_identify(src) by extension 'ignore_ament_install'
[1.377s] Level 1:colcon.colcon_core.package_identification:_identify(src) by extensions ['colcon_pkg']
[1.377s] Level 1:colcon.colcon_core.package_identification:_identify(src) by extension 'colcon_pkg'
[1.377s] Level 1:colcon.colcon_core.package_identification:_identify(src) by extensions ['colcon_meta']
[1.377s] Level 1:colcon.colcon_core.package_identification:_identify(src) by extension 'colcon_meta'
[1.377s] Level 1:colcon.colcon_core.package_identification:_identify(src) by extensions ['ros']
[1.378s] Level 1:colcon.colcon_core.package_identification:_identify(src) by extension 'ros'
[1.378s] Level 1:colcon.colcon_core.package_identification:_identify(src) by extensions ['cmake', 'python']
[1.378s] Level 1:colcon.colcon_core.package_identification:_identify(src) by extension 'cmake'
[1.378s] Level 1:colcon.colcon_core.package_identification:_identify(src) by extension 'python'
[1.379s] Level 1:colcon.colcon_core.package_identification:_identify(src) by extensions ['python_setup_py']
[1.379s] Level 1:colcon.colcon_core.package_identification:_identify(src) by extension 'python_setup_py'
[1.379s] Level 1:colcon.colcon_core.package_identification:_identify(src/radr_sensor_hub) by extensions ['ignore', 'ignore_ament_install']
[1.380s] Level 1:colcon.colcon_core.package_identification:_identify(src/radr_sensor_hub) by extension 'ignore'
[1.380s] Level 1:colcon.colcon_core.package_identification:_identify(src/radr_sensor_hub) by extension 'ignore_ament_install'
[1.380s] Level 1:colcon.colcon_core.package_identification:_identify(src/radr_sensor_hub) by extensions ['colcon_pkg']
[1.380s] Level 1:colcon.colcon_core.package_identification:_identify(src/radr_sensor_hub) by extension 'colcon_pkg'
[1.381s] Level 1:colcon.colcon_core.package_identification:_identify(src/radr_sensor_hub) by extensions ['colcon_meta']
[1.381s] Level 1:colcon.colcon_core.package_identification:_identify(src/radr_sensor_hub) by extension 'colcon_meta'
[1.381s] Level 1:colcon.colcon_core.package_identification:_identify(src/radr_sensor_hub) by extensions ['ros']
[1.381s] Level 1:colcon.colcon_core.package_identification:_identify(src/radr_sensor_hub) by extension 'ros'
[1.391s] DEBUG:colcon.colcon_core.package_identification:Package 'src/radr_sensor_hub' with type 'ros.ament_python' and name 'radr_sensor_hub'
[1.392s] Level 1:colcon.colcon_core.package_identification:_identify(systemd) by extensions ['ignore', 'ignore_ament_install']
[1.392s] Level 1:colcon.colcon_core.package_identification:_identify(systemd) by extension 'ignore'
[1.393s] Level 1:colcon.colcon_core.package_identification:_identify(systemd) by extension 'ignore_ament_install'
[1.393s] Level 1:colcon.colcon_core.package_identification:_identify(systemd) by extensions ['colcon_pkg']
[1.393s] Level 1:colcon.colcon_core.package_identification:_identify(systemd) by extension 'colcon_pkg'
[1.393s] Level 1:colcon.colcon_core.package_identification:_identify(systemd) by extensions ['colcon_meta']
[1.394s] Level 1:colcon.colcon_core.package_identification:_identify(systemd) by extension 'colcon_meta'
[1.394s] Level 1:colcon.colcon_core.package_identification:_identify(systemd) by extensions ['ros']
[1.394s] Level 1:colcon.colcon_core.package_identification:_identify(systemd) by extension 'ros'
[1.394s] Level 1:colcon.colcon_core.package_identification:_identify(systemd) by extensions ['cmake', 'python']
[1.395s] Level 1:colcon.colcon_core.package_identification:_identify(systemd) by extension 'cmake'
[1.395s] Level 1:colcon.colcon_core.package_identification:_identify(systemd) by extension 'python'
[1.395s] Level 1:colcon.colcon_core.package_identification:_identify(systemd) by extensions ['python_setup_py']
[1.396s] Level 1:colcon.colcon_core.package_identification:_identify(systemd) by extension 'python_setup_py'
[1.396s] Level 1:colcon.colcon_core.package_discovery:discover_packages(recursive) using defaults
[1.397s] Level 1:colcon.colcon_core.package_discovery:discover_packages(ignore) discover
[1.397s] Level 1:colcon.colcon_core.package_discovery:discover_packages(ignore) using defaults
[1.397s] Level 1:colcon.colcon_core.package_discovery:discover_packages(path) discover
[1.397s] Level 1:colcon.colcon_core.package_discovery:discover_packages(path) using defaults
[1.515s] Level 1:colcon.colcon_core.package_discovery:discover_packages(prefix_path) check parameters
[1.516s] Level 1:colcon.colcon_core.package_discovery:discover_packages(prefix_path) discover
[1.524s] DEBUG:colcon.colcon_installed_package_information.package_discovery:Found 1 installed packages in /home/radr/Radr/ros2_ws/install
[1.533s] DEBUG:colcon.colcon_installed_package_information.package_discovery:Found 273 installed packages in /opt/ros/humble
[1.540s] Level 1:colcon.colcon_core.package_discovery:discover_packages(prefix_path) using defaults
[1.713s] Level 5:colcon.colcon_core.verb:set package 'radr_sensor_hub' build argument 'cmake_args' from command line to 'None'
[1.713s] Level 5:colcon.colcon_core.verb:set package 'radr_sensor_hub' build argument 'cmake_target' from command line to 'None'
[1.727s] Level 5:colcon.colcon_core.verb:set package 'radr_sensor_hub' build argument 'cmake_target_skip_unavailable' from command line to 'False'
[1.727s] Level 5:colcon.colcon_core.verb:set package 'radr_sensor_hub' build argument 'cmake_clean_cache' from command line to 'False'
[1.728s] Level 5:colcon.colcon_core.verb:set package 'radr_sensor_hub' build argument 'cmake_clean_first' from command line to 'False'
[1.728s] Level 5:colcon.colcon_core.verb:set package 'radr_sensor_hub' build argument 'cmake_force_configure' from command line to 'False'
[1.728s] Level 5:colcon.colcon_core.verb:set package 'radr_sensor_hub' build argument 'ament_cmake_args' from command line to 'None'
[1.729s] Level 5:colcon.colcon_core.verb:set package 'radr_sensor_hub' build argument 'catkin_cmake_args' from command line to 'None'
[1.729s] Level 5:colcon.colcon_core.verb:set package 'radr_sensor_hub' build argument 'catkin_skip_building_tests' from command line to 'False'
[1.729s] DEBUG:colcon.colcon_core.verb:Building package 'radr_sensor_hub' with the following arguments: {'ament_cmake_args': None, 'build_base': '/home/radr/Radr/ros2_ws/build/radr_sensor_hub', 'catkin_cmake_args': None, 'catkin_skip_building_tests': False, 'cmake_args': None, 'cmake_clean_cache': False, 'cmake_clean_first': False, 'cmake_force_configure': False, 'cmake_target': None, 'cmake_target_skip_unavailable': False, 'install_base': '/home/radr/Radr/ros2_ws/install/radr_sensor_hub', 'merge_install': False, 'path': '/home/radr/Radr/ros2_ws/src/radr_sensor_hub', 'symlink_install': True, 'test_result_base': None}
[1.731s] INFO:colcon.colcon_core.executor:Executing jobs using 'parallel' executor
[1.737s] DEBUG:colcon.colcon_parallel_executor.executor.parallel:run_until_complete
[1.738s] INFO:colcon.colcon_ros.task.ament_python.build:Building ROS package in '/home/radr/Radr/ros2_ws/src/radr_sensor_hub' with build type 'ament_python'
[1.739s] Level 1:colcon.colcon_core.shell:create_environment_hook('radr_sensor_hub', 'ament_prefix_path')
[1.750s] INFO:colcon.colcon_core.plugin_system:Skipping extension 'colcon_core.shell.bat': Not used on non-Windows systems
[1.751s] INFO:colcon.colcon_core.shell:Creating environment hook '/home/radr/Radr/ros2_ws/install/radr_sensor_hub/share/radr_sensor_hub/hook/ament_prefix_path.ps1'
[1.755s] INFO:colcon.colcon_core.shell:Creating environment descriptor '/home/radr/Radr/ros2_ws/install/radr_sensor_hub/share/radr_sensor_hub/hook/ament_prefix_path.dsv'
[1.757s] INFO:colcon.colcon_core.shell:Creating environment hook '/home/radr/Radr/ros2_ws/install/radr_sensor_hub/share/radr_sensor_hub/hook/ament_prefix_path.sh'
[1.761s] INFO:colcon.colcon_core.shell:Skip shell extension 'powershell' for command environment: Not usable outside of PowerShell
[1.761s] DEBUG:colcon.colcon_core.shell:Skip shell extension 'dsv' for command environment
[3.110s] INFO:colcon.colcon_core.task.python.build:Building Python package in '/home/radr/Radr/ros2_ws/src/radr_sensor_hub'
[3.111s] INFO:colcon.colcon_core.shell:Skip shell extension 'powershell' for command environment: Not usable outside of PowerShell
[3.112s] DEBUG:colcon.colcon_core.shell:Skip shell extension 'dsv' for command environment
[4.734s] DEBUG:colcon.colcon_core.event_handler.log_command:Invoking command in '/home/radr/Radr/ros2_ws/build/radr_sensor_hub': PYTHONPATH=/home/radr/Radr/ros2_ws/build/radr_sensor_hub/prefix_override:/usr/lib/python3/dist-packages/colcon_core/task/python/colcon_distutils_commands:/home/radr/Radr/ros2_ws/install/radr_sensor_hub/lib/python3.10/site-packages:${PYTHONPATH} /usr/bin/python3 -W ignore:setup.py install is deprecated -W ignore:easy_install command is deprecated setup.py develop --editable --build-directory /home/radr/Radr/ros2_ws/build/radr_sensor_hub/build --no-deps symlink_data
[7.347s] Level 1:colcon.colcon_core.shell:create_environment_hook('radr_sensor_hub', 'pythonpath_develop')
[7.348s] INFO:colcon.colcon_core.shell:Creating environment hook '/home/radr/Radr/ros2_ws/build/radr_sensor_hub/share/radr_sensor_hub/hook/pythonpath_develop.ps1'
[7.350s] DEBUG:colcon.colcon_core.event_handler.log_command:Invoked command in '/home/radr/Radr/ros2_ws/build/radr_sensor_hub' returned '0': PYTHONPATH=/home/radr/Radr/ros2_ws/build/radr_sensor_hub/prefix_override:/usr/lib/python3/dist-packages/colcon_core/task/python/colcon_distutils_commands:/home/radr/Radr/ros2_ws/install/radr_sensor_hub/lib/python3.10/site-packages:${PYTHONPATH} /usr/bin/python3 -W ignore:setup.py install is deprecated -W ignore:easy_install command is deprecated setup.py develop --editable --build-directory /home/radr/Radr/ros2_ws/build/radr_sensor_hub/build --no-deps symlink_data
[7.352s] INFO:colcon.colcon_core.shell:Creating environment descriptor '/home/radr/Radr/ros2_ws/build/radr_sensor_hub/share/radr_sensor_hub/hook/pythonpath_develop.dsv'
[7.354s] INFO:colcon.colcon_core.shell:Creating environment hook '/home/radr/Radr/ros2_ws/build/radr_sensor_hub/share/radr_sensor_hub/hook/pythonpath_develop.sh'
[7.367s] Level 1:colcon.colcon_core.environment:checking '/home/radr/Radr/ros2_ws/install/radr_sensor_hub' for CMake module files
[7.370s] Level 1:colcon.colcon_core.environment:checking '/home/radr/Radr/ros2_ws/install/radr_sensor_hub' for CMake config files
[7.374s] Level 1:colcon.colcon_core.environment:checking '/home/radr/Radr/ros2_ws/install/radr_sensor_hub/lib'
[7.375s] Level 1:colcon.colcon_core.environment:checking '/home/radr/Radr/ros2_ws/install/radr_sensor_hub/bin'
[7.375s] Level 1:colcon.colcon_core.environment:checking '/home/radr/Radr/ros2_ws/install/radr_sensor_hub/lib/pkgconfig/radr_sensor_hub.pc'
[7.376s] Level 1:colcon.colcon_core.environment:checking '/home/radr/Radr/ros2_ws/install/radr_sensor_hub/lib/python3.10/site-packages'
[7.376s] Level 1:colcon.colcon_core.shell:create_environment_hook('radr_sensor_hub', 'pythonpath')
[7.377s] INFO:colcon.colcon_core.shell:Creating environment hook '/home/radr/Radr/ros2_ws/install/radr_sensor_hub/share/radr_sensor_hub/hook/pythonpath.ps1'
[7.379s] INFO:colcon.colcon_core.shell:Creating environment descriptor '/home/radr/Radr/ros2_ws/install/radr_sensor_hub/share/radr_sensor_hub/hook/pythonpath.dsv'
[7.381s] INFO:colcon.colcon_core.shell:Creating environment hook '/home/radr/Radr/ros2_ws/install/radr_sensor_hub/share/radr_sensor_hub/hook/pythonpath.sh'
[7.385s] Level 1:colcon.colcon_core.environment:checking '/home/radr/Radr/ros2_ws/install/radr_sensor_hub/bin'
[7.385s] Level 1:colcon.colcon_core.environment:create_environment_scripts_only(radr_sensor_hub)
[7.387s] INFO:colcon.colcon_core.shell:Creating package script '/home/radr/Radr/ros2_ws/install/radr_sensor_hub/share/radr_sensor_hub/package.ps1'
[7.393s] INFO:colcon.colcon_core.shell:Creating package descriptor '/home/radr/Radr/ros2_ws/install/radr_sensor_hub/share/radr_sensor_hub/package.dsv'
[7.396s] INFO:colcon.colcon_core.shell:Creating package script '/home/radr/Radr/ros2_ws/install/radr_sensor_hub/share/radr_sensor_hub/package.sh'
[7.400s] INFO:colcon.colcon_core.shell:Creating package script '/home/radr/Radr/ros2_ws/install/radr_sensor_hub/share/radr_sensor_hub/package.bash'
[7.404s] INFO:colcon.colcon_core.shell:Creating package script '/home/radr/Radr/ros2_ws/install/radr_sensor_hub/share/radr_sensor_hub/package.zsh'
[7.407s] Level 1:colcon.colcon_core.environment:create_file_with_runtime_dependencies(/home/radr/Radr/ros2_ws/install/radr_sensor_hub/share/colcon-core/packages/radr_sensor_hub)
[7.408s] DEBUG:colcon.colcon_parallel_executor.executor.parallel:closing loop
[7.409s] DEBUG:colcon.colcon_parallel_executor.executor.parallel:loop closed
[7.411s] DEBUG:colcon.colcon_parallel_executor.executor.parallel:run_until_complete finished with '0'
[7.411s] DEBUG:colcon.colcon_core.event_reactor:joining thread
[7.412s] DEBUG:colcon.colcon_core.event_reactor:joined thread
[7.413s] INFO:colcon.colcon_core.shell:Creating prefix script '/home/radr/Radr/ros2_ws/install/local_setup.ps1'
[7.418s] INFO:colcon.colcon_core.shell:Creating prefix util module '/home/radr/Radr/ros2_ws/install/_local_setup_util_ps1.py'
[7.424s] INFO:colcon.colcon_core.shell:Creating prefix chain script '/home/radr/Radr/ros2_ws/install/setup.ps1'
[7.429s] INFO:colcon.colcon_core.shell:Creating prefix script '/home/radr/Radr/ros2_ws/install/local_setup.sh'
[7.432s] INFO:colcon.colcon_core.shell:Creating prefix util module '/home/radr/Radr/ros2_ws/install/_local_setup_util_sh.py'
[7.435s] INFO:colcon.colcon_core.shell:Creating prefix chain script '/home/radr/Radr/ros2_ws/install/setup.sh'
[7.440s] INFO:colcon.colcon_core.shell:Creating prefix script '/home/radr/Radr/ros2_ws/install/local_setup.bash'
[7.443s] INFO:colcon.colcon_core.shell:Creating prefix chain script '/home/radr/Radr/ros2_ws/install/setup.bash'
[7.447s] INFO:colcon.colcon_core.shell:Creating prefix script '/home/radr/Radr/ros2_ws/install/local_setup.zsh'
[7.450s] INFO:colcon.colcon_core.shell:Creating prefix chain script '/home/radr/Radr/ros2_ws/install/setup.zsh'
